Machine gateway-mensr  : Configuration Automatique Gateway DNSMASQ AGENT_JENKINS (10:07:58)
Machine gateway-mensr  : * stop old services
/usr/sbin/dhclient
 systemctl is-active systemd-resolved.service ?  pas de systemd-resolved sur les gateway car c'est DNSMASQ qui fait le job
inactive
Machine gateway-mensr  : * CURRENT IP = 192.168.230.113 et VM_ETH0_IP=192.168.230.113
Machine gateway-mensr  : Gateway pour jenkins4 en cours de démarrage sur 'one'
inactive
Machine gateway-mensr  : ***********************************************************
Machine gateway-mensr  : * IP V4
Machine gateway-mensr  : ***********************************************************
Machine gateway-mensr  : * Workaround docker messing up with our firewall
Machine gateway-mensr  : * Active NAT
Machine gateway-mensr  : * Active DNS par routage des trames sur l'eth1 !
Machine gateway-mensr  : * Workaround BUG 'bad udp checksum' du client dhcp sur Debian 8* Voir https://bugs.debian.org/cgi-bin/bugreport.cgi?bug=717217
iptables -A POSTROUTING -t mangle -o enp3s0 -p udp --dport bootpc -j CHECKSUM --checksum-fill
Machine gateway-mensr  : * Regle Iptables Filter
-P INPUT ACCEPT
-P FORWARD ACCEPT
-P OUTPUT ACCEPT
-N DOCKER
-N DOCKER-ISOLATION-STAGE-1
-N DOCKER-ISOLATION-STAGE-2
-N DOCKER-USER
-A FORWARD -j DOCKER-USER
-A FORWARD -j DOCKER-ISOLATION-STAGE-1
-A FORWARD -o docker0 -m conntrack --ctstate RELATED,ESTABLISHED -j ACCEPT
-A FORWARD -o docker0 -j DOCKER
-A FORWARD -i docker0 ! -o docker0 -j ACCEPT
-A FORWARD -i docker0 -o docker0 -j ACCEPT
-A FORWARD -i enp2s0 ! -o enp2s0 -j ACCEPT
-A FORWARD ! -i enp2s0 -o enp2s0 -j ACCEPT
-A FORWARD -i roadwarrior -j ACCEPT
-A FORWARD -o roadwarrior -j ACCEPT
-A DOCKER-ISOLATION-STAGE-1 -i docker0 ! -o docker0 -j DOCKER-ISOLATION-STAGE-2
-A DOCKER-ISOLATION-STAGE-1 -j RETURN
-A DOCKER-ISOLATION-STAGE-2 -o docker0 -j DROP
-A DOCKER-ISOLATION-STAGE-2 -j RETURN
-A DOCKER-USER -j RETURN
Machine gateway-mensr  : * Regle Iptables NAT
-P PREROUTING ACCEPT
-P INPUT ACCEPT
-P OUTPUT ACCEPT
-P POSTROUTING ACCEPT
-N DOCKER
-A PREROUTING -i enp2s0 -p udp -m udp --dport 53 -j DNAT --to-destination 192.168.227.1
-A PREROUTING -i enp2s0 -p udp -m udp --dport 53 -j DNAT --to-destination 192.168.0.1
-A PREROUTING -m addrtype --dst-type LOCAL -j DOCKER
-A OUTPUT ! -d 127.0.0.0/8 -m addrtype --dst-type LOCAL -j DOCKER
-A POSTROUTING -s 172.17.0.0/16 ! -o docker0 -j MASQUERADE
-A POSTROUTING -d 192.168.230.254/32 -o enp2s0 -j SNAT --to-source 192.168.230.113
-A POSTROUTING -d 192.168.230.125/32 -o enp2s0 -j SNAT --to-source 192.168.230.113
-A POSTROUTING ! -d 192.168.230.0/24 -o enp2s0 -j SNAT --to-source 192.168.230.113
-A DOCKER -i docker0 -j RETURN
Machine gateway-mensr  : * Regle Iptables MANGLE
-P PREROUTING ACCEPT
-P INPUT ACCEPT
-P FORWARD ACCEPT
-P OUTPUT ACCEPT
-P POSTROUTING ACCEPT
-A POSTROUTING -o enp3s0 -p udp -m udp --dport 68 -j CHECKSUM --checksum-fill
Machine gateway-mensr  : * Regle Iptables RAW
-P PREROUTING ACCEPT
-P OUTPUT ACCEPT
Machine gateway-mensr  : * Activation Routeur PERSISTANTE
Machine gateway-mensr  : * Vérification Routeur (net.ipv4.ip_forward)
net.ipv4.ip_forward = 1
Machine gateway-mensr  : * Déactivation TCP timestamps CVE (net.ipv4.tcp_timestamps)
net.ipv4.tcp_timestamps = 0
Machine gateway-mensr  : ***********************************************************
Machine gateway-mensr  : * IP V6
Machine gateway-mensr  : ***********************************************************
Machine gateway-mensr  : * Regle Ip6tables Filter
-P INPUT ACCEPT
-P FORWARD ACCEPT
-P OUTPUT ACCEPT
Machine gateway-mensr  : * Regle Ip6tables NAT
-P PREROUTING ACCEPT
-P INPUT ACCEPT
-P OUTPUT ACCEPT
-P POSTROUTING ACCEPT
Machine gateway-mensr  : * Regle Ip6tables MANGLE
-P PREROUTING ACCEPT
-P INPUT ACCEPT
-P FORWARD ACCEPT
-P OUTPUT ACCEPT
-P POSTROUTING ACCEPT
Machine gateway-mensr  : * Regle Ip6tables RAW
-P PREROUTING ACCEPT
-P OUTPUT ACCEPT
Machine gateway-mensr  : * Affiche configuration 'sysctl'
kernel.kptr_restrict = 1                 #/etc/sysctl.d/10-kernel-hardening.conf
kernel.printk = 4 4 1 7                  #/etc/sysctl.d/10-console-messages.conf
kernel.sysrq = 176                       #/etc/sysctl.d/10-magic-sysrq.conf
kernel.yama.ptrace_scope = 1             #/etc/sysctl.d/10-ptrace.conf
net.ipv4.conf.all.rp_filter=2            #/etc/sysctl.d/10-network-security.conf
net.ipv4.conf.default.rp_filter=2        #/etc/sysctl.d/10-network-security.conf
net.ipv4.ip_forward=1                    #/etc/sysctl.d/routeur.conf
net.ipv6.conf.all.disable_ipv6=1         #/etc/sysctl.d/60-disable-ipv6.conf
net.ipv6.conf.all.use_tempaddr = 2       #/etc/sysctl.d/10-ipv6-privacy.conf
net.ipv6.conf.default.disable_ipv6=1     #/etc/sysctl.d/60-disable-ipv6.conf
net.ipv6.conf.default.use_tempaddr = 2   #/etc/sysctl.d/10-ipv6-privacy.conf
net.ipv6.conf.lo.disable_ipv6=1          #/etc/sysctl.d/60-disable-ipv6.conf
vm.max_map_count=1048576                 #/etc/sysctl.d/10-map-count.conf
vm.mmap_min_addr = 65536                 #/etc/sysctl.d/10-zeropage.conf
               total        used        free      shared  buff/cache   available
Mem:            3910         495        3315           1         320        3414
Swap:           3910           0        3910
* ip route add 172.31.20.0/24 via 192.168.0.39 a ajouter
* ip route add 172.31.21.0/24 via 192.168.0.39 a ajouter
Machine gateway-mensr  : * Affiche Connectivité
    inet 127.0.0.1/8 scope host lo
    inet 192.168.230.113/24 brd 192.168.230.255 scope global enp2s0
    inet6 fe80::c0ff:fea8:e6cd/64 scope link 
    inet 192.168.0.1/24 brd 192.168.0.255 scope global enp3s0
    inet6 fe80::c0ff:fea8:64/64 scope link 
    inet 192.168.227.1/24 brd 192.168.227.255 scope global enp4s0
    inet6 fe80::c0ff:fea8:e364/64 scope link 
    inet 192.168.253.1/24 brd 192.168.253.255 scope global enp5s0
    inet6 fe80::c0ff:fea8:fd64/64 scope link 
    inet 172.17.0.1/16 brd 172.17.255.255 scope global docker0
Machine gateway-mensr  : * Generate keys root/gateway113
Machine gateway-mensr  : * cles SSHD à jour
ssh-rsa AAAAB3NzaC1yc2EAAAADAQABAAABAQDdt1197f7MCHcYU3KBFii4Vczduk6TTCoysrZio/SvRMneoopat2TNE1teurBqVvTrtzE8LWi/nC9OdK3PCds30VzOMHhr8cFJguM+1wVc73N1Vgqg/aePPlN+SU6XAzP/hsJ+QIKCV9yEoz5qDYOPNwf2j+TXBeqtFNem6rZ4EiY6DAkV3oJVMGWoUn74pNmW386QPBjn0LAZUDW6/qGYMhJ6qJzBuZ3Rrh0mCWUxi42SjIKz1rd1JY/LXPrSOwOtBRWhhw+o8Z/OLWQdy+GJYgGl+I8Vu0kpUnlQUYDVkhc4X9pr2sqhmUNK3kyua+xC4L4Xlwo3qhc/ssPeDcSN root@gateway113
Machine gateway-mensr  : * restauration SSHD keys from /mnt/eole-ci-tests/security/gateway_keys/root@gateway113_ed25519
Machine gateway-mensr  : * Check /root acl
drwx------
root
root
Machine gateway-mensr  : * right /root OK
Machine gateway-mensr  : * Configure SSHD
Machine gateway-mensr  : * service ssh restart
Machine gateway-mensr  : * Configure SSH client
liste dnsmasq-hostsdir différentes!
Machine gateway-mensr  : * Vide les hostsdir crée par les tests
removed '/etc/dnsmasq-hostsdir/salt.conf'
Machine gateway-mensr  : * copy /tmp/dnsmasq-hostsdir/*.conf -> /etc/dnsmasq-hostsdir/*.conf
cp: cannot stat '/tmp/dnsmasq-hostsdir/*.conf': No such file or directory
dnsmasq: syntax check OK.
* efface logs gateway
192.168.0.31 dev enp3s0 lladdr 02:00:c0:a8:00:65  ref 1 used 8/8/8probes 4 REACHABLE 
192.168.230.254 dev enp2s0 lladdr d4:ae:52:ce:2f:16  ref 1 used 21/0/21probes 4 REACHABLE 

*** Round 1, deleting 2 entries ***
*** Flush is complete after 1 round ***
* Verification 'gateway.ac-test.fr'        : 192.168.0.1
* Vérification du Forward vers Hestia      : 192.168.232.2
PING hestia.eole.lan (192.168.232.2) 56(84) bytes of data.

--- hestia.eole.lan ping statistics ---
1 packets transmitted, 0 received, 100% packet loss, time 0ms

Machine gateway-mensr  : * Inject resolv.conf
Machine gateway-mensr  : * Démarrage DNSMASQ
active
● dnsmasq.service - dnsmasq - A lightweight DHCP and caching DNS server
     Loaded: loaded (/usr/lib/systemd/system/dnsmasq.service; enabled; preset: enabled)
     Active: active (running) since Thu 2024-07-18 10:07:58 CEST; 12s ago
    Process: 1770 ExecStartPre=/usr/share/dnsmasq/systemd-helper checkconfig (code=exited, status=0/SUCCESS)
    Process: 1776 ExecStart=/usr/share/dnsmasq/systemd-helper exec (code=exited, status=0/SUCCESS)
    Process: 1784 ExecStartPost=/usr/share/dnsmasq/systemd-helper start-resolvconf (code=exited, status=0/SUCCESS)
   Main PID: 1781 (dnsmasq)
      Tasks: 2 (limit: 4607)
     Memory: 1.1M (peak: 3.3M)
        CPU: 49ms
     CGroup: /system.slice/dnsmasq.service
             ├─1781 /usr/sbin/dnsmasq -x /run/dnsmasq/dnsmasq.pid -u dnsmasq -r /run/dnsmasq/resolv.conf -7 /etc/dnsmasq.d,.dpkg-dist,.dpkg-old,.dpkg-new --local-service --trust-anchor=.,20326,8,2,e06d44b80b8f1d39a95c0b0d7c65d08458e880409bbc683457104237c7f8ec8d
             └─1782 /usr/sbin/dnsmasq -x /run/dnsmasq/dnsmasq.pid -u dnsmasq -r /run/dnsmasq/resolv.conf -7 /etc/dnsmasq.d,.dpkg-dist,.dpkg-old,.dpkg-new --local-service --trust-anchor=.,20326,8,2,e06d44b80b8f1d39a95c0b0d7c65d08458e880409bbc683457104237c7f8ec8d

juil. 18 10:08:03 gateway113 dnsmasq[1781]: query[PTR] 1.22.1.10.in-addr.arpa from 192.168.0.31
juil. 18 10:08:03 gateway113 dnsmasq[1781]: config 10.1.22.1 is NXDOMAIN
juil. 18 10:08:05 gateway113 dnsmasq[1781]: query[AAAA] file1.domseth.ac-test.fr from 192.168.0.9
juil. 18 10:08:05 gateway113 dnsmasq[1781]: forwarded file1.domseth.ac-test.fr to 192.168.0.5
juil. 18 10:08:05 gateway113 dnsmasq[1781]: forwarded file1.domseth.ac-test.fr to 192.168.0.6
juil. 18 10:08:05 gateway113 dnsmasq[1781]: query[AAAA] file1.domseth.ac-test.fr from 192.168.0.9
juil. 18 10:08:07 gateway113 dnsmasq[1781]: query[PTR] 1.0.88.10.in-addr.arpa from 192.168.0.31
juil. 18 10:08:07 gateway113 dnsmasq[1781]: config 10.88.0.1 is NXDOMAIN
juil. 18 10:08:07 gateway113 dnsmasq[1781]: query[PTR] 1.2.0.192.in-addr.arpa from 192.168.0.31
juil. 18 10:08:07 gateway113 dnsmasq[1781]: config 192.0.2.1 is NXDOMAIN
Failed to get link data for 2: Unit dbus-org.freedesktop.resolve1.service not found.
* Update enp2s0 vers Dnsmasq local
Machine gateway-mensr  : * Redémarrage DNSMASQ
● dnsmasq.service - dnsmasq - A lightweight DHCP and caching DNS server
     Loaded: loaded (/usr/lib/systemd/system/dnsmasq.service; enabled; preset: enabled)
     Active: active (running) since Thu 2024-07-18 10:08:11 CEST; 9ms ago
    Process: 1844 ExecStartPre=/usr/share/dnsmasq/systemd-helper checkconfig (code=exited, status=0/SUCCESS)
    Process: 1851 ExecStart=/usr/share/dnsmasq/systemd-helper exec (code=exited, status=0/SUCCESS)
    Process: 1858 ExecStartPost=/usr/share/dnsmasq/systemd-helper start-resolvconf (code=exited, status=0/SUCCESS)
   Main PID: 1856 (dnsmasq)
      Tasks: 2 (limit: 4607)
     Memory: 1.1M (peak: 3.2M)
        CPU: 44ms
     CGroup: /system.slice/dnsmasq.service
             ├─1856 /usr/sbin/dnsmasq -x /run/dnsmasq/dnsmasq.pid -u dnsmasq -r /run/dnsmasq/resolv.conf -7 /etc/dnsmasq.d,.dpkg-dist,.dpkg-old,.dpkg-new --local-service --trust-anchor=.,20326,8,2,e06d44b80b8f1d39a95c0b0d7c65d08458e880409bbc683457104237c7f8ec8d
             └─1857 /usr/sbin/dnsmasq -x /run/dnsmasq/dnsmasq.pid -u dnsmasq -r /run/dnsmasq/resolv.conf -7 /etc/dnsmasq.d,.dpkg-dist,.dpkg-old,.dpkg-new --local-service --trust-anchor=.,20326,8,2,e06d44b80b8f1d39a95c0b0d7c65d08458e880409bbc683457104237c7f8ec8d

juil. 18 10:08:11 gateway113 dnsmasq[1856]: using nameserver 192.168.0.73#53 for domain domaca.ac-test.fr
juil. 18 10:08:11 gateway113 dnsmasq[1856]: using nameserver 192.168.0.29#53 for domain domhorus.ac-test.fr
juil. 18 10:08:11 gateway113 dnsmasq[1856]: using nameserver 192.168.0.30#53 for domain domscribe.ac-test.fr
juil. 18 10:08:11 gateway113 dnsmasq[1856]: using nameserver 192.168.0.5#53 for domain domseth.ac-test.fr
juil. 18 10:08:11 gateway113 dnsmasq[1856]: using nameserver 192.168.0.6#53 for domain domseth.ac-test.fr
juil. 18 10:08:11 gateway113 dnsmasq[1856]: using nameserver 192.168.232.2#53(via enp2s0)
juil. 18 10:08:11 gateway113 dnsmasq[1856]: read /etc/hosts - 62 names
juil. 18 10:08:11 gateway113 resolvconf[1865]: Dropped protocol specifier '.dnsmasq' from 'lo.dnsmasq'. Using 'lo' (ifindex=1).
juil. 18 10:08:11 gateway113 resolvconf[1865]: Failed to set DNS configuration: Unit dbus-org.freedesktop.resolve1.service not found.
juil. 18 10:08:11 gateway113 systemd[1]: Started dnsmasq.service - dnsmasq - A lightweight DHCP and caching DNS server.
dns local NOK
Machine gateway-mensr  : * status systemd-timesyncd
               Local time: jeu. 2024-07-18 10:08:11 CEST
           Universal time: jeu. 2024-07-18 08:08:11 UTC
                 RTC time: jeu. 2024-07-18 08:08:11
                Time zone: Europe/Paris (CEST, +0200)
System clock synchronized: yes
              NTP service: active
          RTC in local TZ: no
Machine gateway-mensr  : * Configuration chrony
Machine gateway-mensr  : * Démarrage Chronyd
alias
● chrony.service - chrony, an NTP client/server
     Loaded: loaded (/usr/lib/systemd/system/chrony.service; enabled; preset: enabled)
     Active: active (running) since Thu 2024-07-18 10:08:11 CEST; 10ms ago
       Docs: man:chronyd(8)
             man:chronyc(1)
             man:chrony.conf(5)
    Process: 1887 ExecStart=/usr/lib/systemd/scripts/chronyd-starter.sh $DAEMON_OPTS (code=exited, status=0/SUCCESS)
   Main PID: 1896 (chronyd)
      Tasks: 2 (limit: 4607)
     Memory: 1.5M (peak: 2.2M)
        CPU: 37ms
     CGroup: /system.slice/chrony.service
             ├─1896 /usr/sbin/chronyd -F 1
             └─1897 /usr/sbin/chronyd -F 1

juil. 18 10:08:11 gateway113 systemd[1]: Starting chrony.service - chrony, an NTP client/server...
juil. 18 10:08:11 gateway113 chronyd[1896]: chronyd version 4.5 starting (+CMDMON +NTP +REFCLOCK +RTC +PRIVDROP +SCFILTER +SIGND +ASYNCDNS +NTS +SECHASH +IPV6 -DEBUG)
juil. 18 10:08:11 gateway113 chronyd[1896]: Loaded 0 symmetric keys
juil. 18 10:08:11 gateway113 chronyd[1896]: Frequency -6.900 +/- 0.032 ppm read from /var/lib/chrony/chrony.drift
juil. 18 10:08:11 gateway113 chronyd[1896]: Loaded seccomp filter (level 1)
juil. 18 10:08:11 gateway113 systemd[1]: Started chrony.service - chrony, an NTP client/server.
Machine gateway-mensr  : * Démarrage Chrony
enabled
● chrony.service - chrony, an NTP client/server
     Loaded: loaded (/usr/lib/systemd/system/chrony.service; enabled; preset: enabled)
     Active: active (running) since Thu 2024-07-18 10:08:11 CEST; 39ms ago
       Docs: man:chronyd(8)
             man:chronyc(1)
             man:chrony.conf(5)
    Process: 1887 ExecStart=/usr/lib/systemd/scripts/chronyd-starter.sh $DAEMON_OPTS (code=exited, status=0/SUCCESS)
   Main PID: 1896 (chronyd)
      Tasks: 2 (limit: 4607)
     Memory: 1.4M (peak: 2.2M)
        CPU: 37ms
     CGroup: /system.slice/chrony.service
             ├─1896 /usr/sbin/chronyd -F 1
             └─1897 /usr/sbin/chronyd -F 1

juil. 18 10:08:11 gateway113 systemd[1]: Starting chrony.service - chrony, an NTP client/server...
juil. 18 10:08:11 gateway113 chronyd[1896]: chronyd version 4.5 starting (+CMDMON +NTP +REFCLOCK +RTC +PRIVDROP +SCFILTER +SIGND +ASYNCDNS +NTS +SECHASH +IPV6 -DEBUG)
juil. 18 10:08:11 gateway113 chronyd[1896]: Loaded 0 symmetric keys
juil. 18 10:08:11 gateway113 chronyd[1896]: Frequency -6.900 +/- 0.032 ppm read from /var/lib/chrony/chrony.drift
juil. 18 10:08:11 gateway113 chronyd[1896]: Loaded seccomp filter (level 1)
juil. 18 10:08:11 gateway113 systemd[1]: Started chrony.service - chrony, an NTP client/server.
Machine gateway-mensr  : * Test 'chronyc tracking'
Reference ID    : 7F7F0101 ()
Stratum         : 10
Ref time (UTC)  : Thu Jul 18 08:08:09 2024
System time     : 0.000000000 seconds slow of NTP time
Last offset     : +0.000000000 seconds
RMS offset      : 0.000000000 seconds
Frequency       : 6.900 ppm slow
Residual freq   : +0.000 ppm
Skew            : 0.000 ppm
Root delay      : 0.000000000 seconds
Root dispersion : 0.000000000 seconds
Update interval : 0.0 seconds
Leap status     : Normal
Machine gateway-mensr  : * Test 'chronyc sourcestats'
Name/IP Address            NP  NR  Span  Frequency  Freq Skew  Offset  Std Dev
==============================================================================
192.168.232.2               0   0     0     +0.000   2000.000     +0ns  4000ms
Machine gateway-mensr  : * pas de roadwarrior (IP_ROADWARRIOR absente)
Machine gateway-mensr  : * Activation Ecoute tcp DOCKER ?
ExecStart=/usr/bin/dockerd -H fd:// -H tcp://0.0.0.0:2375 --dns 192.168.0.1 --dns 192.168.232.2
root         935  0.9  2.1 1988064 85888 ?       Ssl  10:07   0:00 /usr/bin/dockerd -H fd:// -H tcp://0.0.0.0:2375 --dns 192.168.0.1 --dns 192.168.232.2
root        1912  0.0  0.0   6688  2560 ?        S    10:08   0:00 grep dockerd
Machine gateway-mensr  : * création /etc/email-addresses
Machine gateway-mensr  : * création /etc/aliases
Machine gateway-mensr  : * création /etc/exim4/update-exim4.conf.conf
Machine gateway-mensr  : * réécriture des adresses mails (/etc/exim4/conf.d/rewrite/40_exim4-config_rewrite_ac-test)
Machine gateway-mensr  : * cat /var/log/exim4/paniclog avant reset !
/bin/rm: cannot remove '/var/log/exim4/paniclog': Operation not permitted
touch: cannot touch '/var/log/exim4/paniclog': Operation not permitted
Machine gateway-mensr  : * restart Exim4
/usr/bin/mail
Machine gateway-mensr  : * test mail to USER
Machine gateway-mensr  : * netstat 
tcp        0      0 192.168.230.113:25      0.0.0.0:*               LISTEN      2562/exim4          
tcp        0      0 192.168.0.1:25          0.0.0.0:*               LISTEN      2562/exim4          
tcp        0      0 192.168.227.1:25        0.0.0.0:*               LISTEN      2562/exim4          
tcp        0      0 127.0.0.1:25            0.0.0.0:*               LISTEN      2562/exim4          
Machine gateway-mensr  : * ecoute :25 ok
Machine gateway-mensr  : * exchange agent -> jenkins
Machine gateway-mensr  : * Inject projet eclipse pour montage direct ide / gateway
Machine gateway-mensr  : * ssh test 
Machine gateway-mensr  : * scp .one 
total 4
-rw-r--r-- 1 root root 22 juil. 18 10:08 one_auth
Machine gateway-mensr  : * extract user from one_auth 
jenkins4
Machine gateway-mensr  : * connexion avec agent JNPL car token trouvé 
active
Machine gateway-mensr  : * Stop jenkins agent
Machine gateway-mensr  : * Téléchargement Jenkins agent
--2024-07-18 10:08:18--  http://jenkins.eole.lan/jenkins/jnlpJars/jenkins-cli.jar
Resolving jenkins.eole.lan (jenkins.eole.lan)... 192.168.10.141
Connecting to jenkins.eole.lan (jenkins.eole.lan)|192.168.10.141|:80... connected.
HTTP request sent, awaiting response... 301 Moved Permanently
Location: https://dev-eole.ac-dijon.fr/jenkins/jnlpJars/jenkins-cli.jar [following]
--2024-07-18 10:08:18--  https://dev-eole.ac-dijon.fr/jenkins/jnlpJars/jenkins-cli.jar
Resolving dev-eole.ac-dijon.fr (dev-eole.ac-dijon.fr)... 194.167.18.22
Connecting to dev-eole.ac-dijon.fr (dev-eole.ac-dijon.fr)|194.167.18.22|:443... connected.
HTTP request sent, awaiting response... 200 OK
Length: 3641513 (3,5M) [application/java-archive]
Saving to: ‘/home/jenkins/jenkins-cli1.jar’

     0K .......... .......... .......... .......... ..........  1% 4,58M 1s
    50K .......... .......... .......... .......... ..........  2% 4,22M 1s
   100K .......... .......... .......... .......... ..........  4% 3,96M 1s
   150K .......... .......... .......... .......... ..........  5% 4,15M 1s
   200K .......... .......... .......... .......... ..........  7% 4,22M 1s
   250K .......... .......... .......... .......... ..........  8% 4,06M 1s
   300K .......... .......... .......... .......... ..........  9% 4,16M 1s
   350K .......... .......... .......... .......... .......... 11% 3,18M 1s
   400K .......... .......... .......... .......... .......... 12% 4,37M 1s
   450K .......... .......... .......... .......... .......... 14% 4,35M 1s
   500K .......... .......... .......... .......... .......... 15% 4,32M 1s
   550K .......... .......... .......... .......... .......... 16% 4,18M 1s
   600K .......... .......... .......... .......... .......... 18% 4,46M 1s
   650K .......... .......... .......... .......... .......... 19% 4,37M 1s
   700K .......... .......... .......... .......... .......... 21% 4,44M 1s
   750K .......... .......... .......... .......... .......... 22% 3,46M 1s
   800K .......... .......... .......... .......... .......... 23% 4,53M 1s
   850K .......... .......... .......... .......... .......... 25% 4,51M 1s
   900K .......... .......... .......... .......... .......... 26% 4,46M 1s
   950K .......... .......... .......... .......... .......... 28% 4,54M 1s
  1000K .......... .......... .......... .......... .......... 29% 4,31M 1s
  1050K .......... .......... .......... .......... .......... 30% 4,24M 1s
  1100K .......... .......... .......... .......... .......... 32% 4,03M 1s
  1150K .......... .......... .......... .......... .......... 33% 3,23M 1s
  1200K .......... .......... .......... .......... .......... 35% 4,04M 1s
  1250K .......... .......... .......... .......... .......... 36% 3,88M 1s
  1300K .......... .......... .......... .......... .......... 37% 3,97M 1s
  1350K .......... .......... .......... .......... .......... 39% 3,96M 1s
  1400K .......... .......... .......... .......... .......... 40% 4,13M 1s
  1450K .......... .......... .......... .......... .......... 42% 4,07M 0s
  1500K .......... .......... .......... .......... .......... 43% 4,15M 0s
  1550K .......... .......... .......... .......... .......... 44% 3,11M 0s
  1600K .......... .......... .......... .......... .......... 46% 4,08M 0s
  1650K .......... .......... .......... .......... .......... 47% 4,07M 0s
  1700K .......... .......... .......... .......... .......... 49% 4,14M 0s
  1750K .......... .......... .......... .......... .......... 50% 4,07M 0s
  1800K .......... .......... .......... .......... .......... 52% 3,98M 0s
  1850K .......... .......... .......... .......... .......... 53% 3,95M 0s
  1900K .......... .......... .......... .......... .......... 54% 3,92M 0s
  1950K .......... .......... .......... .......... .......... 56% 2,98M 0s
  2000K .......... .......... .......... .......... .......... 57% 4,00M 0s
  2050K .......... .......... .......... .......... .......... 59% 4,12M 0s
  2100K .......... .......... .......... .......... .......... 60% 4,21M 0s
  2150K .......... .......... .......... .......... .......... 61% 4,13M 0s
  2200K .......... .......... .......... .......... .......... 63% 3,74M 0s
  2250K .......... .......... .......... .......... .......... 64% 4,35M 0s
  2300K .......... .......... .......... .......... .......... 66% 4,30M 0s
  2350K .......... .......... .......... .......... .......... 67% 3,22M 0s
  2400K .......... .......... .......... .......... .......... 68% 4,31M 0s
  2450K .......... .......... .......... .......... .......... 70% 4,30M 0s
  2500K .......... .......... .......... .......... .......... 71% 4,29M 0s
  2550K .......... .......... .......... .......... .......... 73% 4,34M 0s
  2600K .......... .......... .......... .......... .......... 74% 4,41M 0s
  2650K .......... .......... .......... .......... .......... 75% 4,33M 0s
  2700K .......... .......... .......... .......... .......... 77% 4,19M 0s
  2750K .......... .......... .......... .......... .......... 78% 3,29M 0s
  2800K .......... .......... .......... .......... .......... 80% 4,51M 0s
  2850K .......... .......... .......... .......... .......... 81% 4,43M 0s
  2900K .......... .......... .......... .......... .......... 82% 4,37M 0s
  2950K .......... .......... .......... .......... .......... 84% 4,38M 0s
  3000K .......... .......... .......... .......... .......... 85% 4,47M 0s
  3050K .......... .......... .......... .......... .......... 87% 4,38M 0s
  3100K .......... .......... .......... .......... .......... 88% 4,41M 0s
  3150K .......... .......... .......... .......... .......... 89% 3,41M 0s
  3200K .......... .......... .......... .......... .......... 91% 4,45M 0s
  3250K .......... .......... .......... .......... .......... 92% 3,81M 0s
  3300K .......... .......... .......... .......... .......... 94% 3,55M 0s
  3350K .......... .......... .......... .......... .......... 95% 4,09M 0s
  3400K .......... .......... .......... .......... .......... 97% 4,20M 0s
  3450K .......... .......... .......... .......... .......... 98% 4,43M 0s
  3500K .......... .......... .......... .......... .......... 99% 4,42M 0s
  3550K ......                                                100% 1,44M=0,9s

2024-07-18 10:08:19 (4,06 MB/s) - ‘/home/jenkins/jenkins-cli1.jar’ saved [3641513/3641513]

--2024-07-18 10:08:19--  http://jenkins.eole.lan/jenkins/jnlpJars/agent.jar
Resolving jenkins.eole.lan (jenkins.eole.lan)... 192.168.10.141
Connecting to jenkins.eole.lan (jenkins.eole.lan)|192.168.10.141|:80... connected.
HTTP request sent, awaiting response... 301 Moved Permanently
Location: https://dev-eole.ac-dijon.fr/jenkins/jnlpJars/agent.jar [following]
--2024-07-18 10:08:19--  https://dev-eole.ac-dijon.fr/jenkins/jnlpJars/agent.jar
Resolving dev-eole.ac-dijon.fr (dev-eole.ac-dijon.fr)... 194.167.18.22
Connecting to dev-eole.ac-dijon.fr (dev-eole.ac-dijon.fr)|194.167.18.22|:443... connected.
HTTP request sent, awaiting response... 200 OK
Length: 1369595 (1,3M) [application/java-archive]
Saving to: ‘/home/jenkins/agent1.jar’

     0K .......... .......... .......... .......... ..........  3% 4,81M 0s
    50K .......... .......... .......... .......... ..........  7% 4,60M 0s
   100K .......... .......... .......... .......... .......... 11% 4,61M 0s
   150K .......... .......... .......... .......... .......... 14% 4,65M 0s
   200K .......... .......... .......... .......... .......... 18% 4,70M 0s
   250K .......... .......... .......... .......... .......... 22% 4,61M 0s
   300K .......... .......... .......... .......... .......... 26% 4,49M 0s
   350K .......... .......... .......... .......... .......... 29% 3,53M 0s
   400K .......... .......... .......... .......... .......... 33% 4,59M 0s
   450K .......... .......... .......... .......... .......... 37% 4,31M 0s
   500K .......... .......... .......... .......... .......... 41% 4,51M 0s
   550K .......... .......... .......... .......... .......... 44% 4,55M 0s
   600K .......... .......... .......... .......... .......... 48% 4,63M 0s
   650K .......... .......... .......... .......... .......... 52% 4,50M 0s
   700K .......... .......... .......... .......... .......... 56% 4,41M 0s
   750K .......... .......... .......... .......... .......... 59% 3,47M 0s
   800K .......... .......... .......... .......... .......... 63% 4,44M 0s
   850K .......... .......... .......... .......... .......... 67% 4,49M 0s
   900K .......... .......... .......... .......... .......... 71% 4,33M 0s
   950K .......... .......... .......... .......... .......... 74% 4,35M 0s
  1000K .......... .......... .......... .......... .......... 78% 3,99M 0s
  1050K .......... .......... .......... .......... .......... 82% 4,38M 0s
  1100K .......... .......... .......... .......... .......... 85% 4,47M 0s
  1150K .......... .......... .......... .......... .......... 89% 3,47M 0s
  1200K .......... .......... .......... .......... .......... 93% 4,57M 0s
  1250K .......... .......... .......... .......... .......... 97% 4,63M 0s
  1300K .......... .......... .......... .......              100% 5,07M=0,3s

2024-07-18 10:08:19 (4,37 MB/s) - ‘/home/jenkins/agent1.jar’ saved [1369595/1369595]

Machine gateway-mensr  : * Install Jenkins Slave Agent Services
Machine gateway-mensr  : * Creation service jenkins slave
[Unit]
Description=Jenkins Slave Agent Services
After=multi-user.target

[Service]
Type=simple
Restart=always
EnvironmentFile=/etc/default/JenkinsSlave
ExecStart=/usr/lib/jvm/java-21-openjdk-amd64/bin/java -Djenkins.slaves.DefaultJnlpSlaveReceiver.disableStrictVerification=true -jar /home/jenkins/agent.jar -jnlpUrl http://jenkins.eole.lan:8080/jenkins/computer/gw-jenkins4/slave-agent.jnlp -secret ******************** -workDir /home/jenkins
RestartSec=5min
TimeoutStartSec=1min
SuccessExitStatus=143

[Install]
WantedBy=multi-user.target
Machine gateway-mensr  : * enable service systemd : JenkinsSlave
Machine gateway-mensr  : * Start service systemd : JenkinsSlave
0
Machine gateway-mensr  : * Attente 30 secondes
active
Machine gateway-mensr  : * Affiche log
juil. 18 10:07:58 gateway113 java[1464]: juil. 18, 2024 8:07:58 AM hudson.remoting.Launcher$CuiListener status
juil. 18 10:07:58 gateway113 java[1464]: INFOS: Connected
juil. 18 10:08:13 gateway113 systemd[1]: Stopping JenkinsSlave.service - Jenkins Slave Agent Services...
░░ Subject: L'unité (unit) JenkinsSlave.service a commencé à s'arrêter
░░ Defined-By: systemd
░░ Support: http://www.ubuntu.com/support
░░ 
░░ L'unité (unit) JenkinsSlave.service a commencé à s'arrêter.
juil. 18 10:08:13 gateway113 systemd[1]: JenkinsSlave.service: Deactivated successfully.
░░ Subject: Unit succeeded
░░ Defined-By: systemd
░░ Support: http://www.ubuntu.com/support
░░ 
░░ The unit JenkinsSlave.service has successfully entered the 'dead' state.
juil. 18 10:08:13 gateway113 systemd[1]: Stopped JenkinsSlave.service - Jenkins Slave Agent Services.
░░ Subject: L'unité (unit) JenkinsSlave.service a terminé son arrêt
░░ Defined-By: systemd
░░ Support: http://www.ubuntu.com/support
░░ 
░░ L'unité (unit) JenkinsSlave.service a terminé son arrêt.
juil. 18 10:08:13 gateway113 systemd[1]: JenkinsSlave.service: Consumed 7.388s CPU time.
░░ Subject: Ressources consommées durant l'éxécution de l'unité (unit)
░░ Defined-By: systemd
░░ Support: http://www.ubuntu.com/support
░░ 
░░ L'unité (unit) JenkinsSlave.service s'est arrêtée et a consommé les ressources indiquées.
juil. 18 10:08:20 gateway113 systemd[1]: Started JenkinsSlave.service - Jenkins Slave Agent Services.
░░ Subject: L'unité (unit) JenkinsSlave.service a terminé son démarrage
░░ Defined-By: systemd
░░ Support: http://www.ubuntu.com/support
░░ 
░░ L'unité (unit) JenkinsSlave.service a terminé son démarrage, avec le résultat done.
juil. 18 10:08:20 gateway113 java[2737]: WARNING: The "-jnlpUrl" argument is deprecated. Use "-url" and "-name" instead, potentially also passing in "-webSocket", "-tunnel", and/or work directory options as needed.
juil. 18 10:08:20 gateway113 java[2737]: juil. 18, 2024 8:08:20 AM org.jenkinsci.remoting.engine.WorkDirManager initializeWorkDir
juil. 18 10:08:20 gateway113 java[2737]: INFOS: Using /home/jenkins/remoting as a remoting work directory
juil. 18 10:08:20 gateway113 java[2737]: juil. 18, 2024 8:08:20 AM org.jenkinsci.remoting.engine.WorkDirManager setupLogging
juil. 18 10:08:20 gateway113 java[2737]: INFOS: Both error and output logs will be printed to /home/jenkins/remoting
juil. 18 10:08:21 gateway113 java[2737]: juil. 18, 2024 8:08:21 AM hudson.remoting.Launcher createEngine
juil. 18 10:08:21 gateway113 java[2737]: INFOS: Setting up agent: gw-jenkins4
juil. 18 10:08:21 gateway113 java[2737]: juil. 18, 2024 8:08:21 AM hudson.remoting.Engine startEngine
juil. 18 10:08:21 gateway113 java[2737]: INFOS: Using Remoting version: 3206.vb_15dcf73f6a_9
juil. 18 10:08:21 gateway113 java[2737]: juil. 18, 2024 8:08:21 AM org.jenkinsci.remoting.engine.WorkDirManager initializeWorkDir
juil. 18 10:08:21 gateway113 java[2737]: INFOS: Using /home/jenkins/remoting as a remoting work directory
juil. 18 10:08:21 gateway113 java[2737]: juil. 18, 2024 8:08:21 AM hudson.remoting.Launcher$CuiListener status
juil. 18 10:08:21 gateway113 java[2737]: INFOS: Locating server among [https://dev-eole.ac-dijon.fr/jenkins/]
juil. 18 10:08:21 gateway113 java[2737]: juil. 18, 2024 8:08:21 AM org.jenkinsci.remoting.engine.JnlpAgentEndpointResolver resolve
juil. 18 10:08:21 gateway113 java[2737]: INFOS: Remoting server accepts the following protocols: [JNLP4-connect, Ping]
juil. 18 10:08:21 gateway113 java[2737]: juil. 18, 2024 8:08:21 AM org.jenkinsci.remoting.engine.JnlpAgentEndpointResolver resolve
juil. 18 10:08:21 gateway113 java[2737]: INFOS: Remoting TCP connection tunneling is enabled. Skipping the TCP Agent Listener Port availability check
juil. 18 10:08:21 gateway113 java[2737]: juil. 18, 2024 8:08:21 AM hudson.remoting.Launcher$CuiListener status
juil. 18 10:08:21 gateway113 java[2737]: INFOS: Agent discovery successful
juil. 18 10:08:21 gateway113 java[2737]:   Agent address: jenkins.eole.lan
juil. 18 10:08:21 gateway113 java[2737]:   Agent port:    50000
juil. 18 10:08:21 gateway113 java[2737]:   Identity:      87:89:3a:c2:a0:f4:c5:55:5d:d4:05:25:50:31:3d:a3
juil. 18 10:08:21 gateway113 java[2737]: juil. 18, 2024 8:08:21 AM hudson.remoting.Launcher$CuiListener status
juil. 18 10:08:21 gateway113 java[2737]: INFOS: Handshaking
juil. 18 10:08:21 gateway113 java[2737]: juil. 18, 2024 8:08:21 AM hudson.remoting.Launcher$CuiListener status
juil. 18 10:08:21 gateway113 java[2737]: INFOS: Connecting to jenkins.eole.lan:50000
juil. 18 10:08:21 gateway113 java[2737]: juil. 18, 2024 8:08:21 AM hudson.remoting.Launcher$CuiListener status
juil. 18 10:08:21 gateway113 java[2737]: INFOS: Server reports protocol JNLP4-connect-proxy not supported, skipping
juil. 18 10:08:21 gateway113 java[2737]: juil. 18, 2024 8:08:21 AM hudson.remoting.Launcher$CuiListener status
juil. 18 10:08:21 gateway113 java[2737]: INFOS: Trying protocol: JNLP4-connect
juil. 18 10:08:21 gateway113 java[2737]: juil. 18, 2024 8:08:21 AM org.jenkinsci.remoting.protocol.impl.BIONetworkLayer$Reader run
juil. 18 10:08:21 gateway113 java[2737]: INFOS: Waiting for ProtocolStack to start.
juil. 18 10:08:21 gateway113 java[2737]: juil. 18, 2024 8:08:21 AM hudson.remoting.Launcher$CuiListener status
juil. 18 10:08:21 gateway113 java[2737]: INFOS: Remote identity confirmed: 87:89:3a:c2:a0:f4:c5:55:5d:d4:05:25:50:31:3d:a3
juil. 18 10:08:21 gateway113 java[2737]: juil. 18, 2024 8:08:21 AM hudson.remoting.Launcher$CuiListener status
juil. 18 10:08:21 gateway113 java[2737]: INFOS: Connected
Machine gateway-mensr  : * Attente 10 secondes
Machine gateway-mensr  : * exchange agent -> gitlab
Machine gateway-mensr  : Démarrée sur 'one' pour 'jenkins4'
Machine gateway-mensr  : pas de function startup utilisateur 'ciOnStartUp' 
Machine gateway-mensr  : * Fin ok
Machine gateway-mensr  : Démarrée en 192.168.230.113
