The time when unit became active or started is printed after the "@" character.
The time the unit took to start is printed after the "+" character.

graphical.target @30.669s
|-multi-user.target @30.669s
| |-docker.service @12.751s +17.916s
| | |-network-online.target @12.740s
| | | `-network.target @11.085s
| | |   `-network-pre.target @10.960s
| | |-containerd.service @11.100s +352ms
| | | |-network.target @11.085s
| | | |-basic.target @1.603s
| | | | |-sockets.target @1.602s
| | | | | |-lxd-installer.socket @1.595s +4ms
| | | | | | |-sysinit.target @1.579s
| | | | | | | |-apparmor.service @2.359s +74ms
| | | | | | | | |-local-fs.target @1.349s
| | | | | | | | | |-var-lib-docker-plugins-5301f1db31bb98c9623d5cb7fe16f470ff94c9c5db042da13c5f5844911e0ac6-propagated\x2dmount.mount @29.380s
| | | | | | | | | | |-dev-sda2.device @286ms +896ms
| | | | | | | | | | |-local-fs-pre.target @757ms
| | | | | | | | | | | |-multipathd.service @493ms +263ms
| | | | | | | | | | | | |-systemd-remount-fs.service @419ms +48ms
| | | | | | | | | | | | | |-systemd-journald.socket @329ms
| | | | | | | | | | | | | | |-system.slice @286ms
| | | | | | | | | | | | | | | `--.slice @286ms
| | | | | | | | | | | | | | `--.mount @285ms
| | | | | | | | | | | | | |   `--.slice @286ms
| | | | | | | | | | | | | `-system.slice @286ms
| | | | | | | | | | | | |-systemd-udevd-kernel.socket @336ms
| | | | | | | | | | | | | `-system.slice @286ms
| | | | | | | | | | | | |-systemd-journald.socket @329ms
| | | | | | | | | | | | |-multipathd.socket @320ms
| | | | | | | | | | | | | `-system.slice @286ms
| | | | | | | | | | | | `-system.slice @286ms
| | | | | | | | | | | |-systemd-tmpfiles-setup-dev.service @712ms +10ms
| | | | | | | | | | | | |-systemd-tmpfiles-setup-dev-early.service @512ms +177ms
| | | | | | | | | | | | | |-kmod-static-nodes.service @373ms +68ms
| | | | | | | | | | | | | | |-systemd-journald.socket @329ms
| | | | | | | | | | | | | | `-system.slice @286ms
| | | | | | | | | | | | | |-systemd-journald.socket @329ms
| | | | | | | | | | | | | `-system.slice @286ms
| | | | | | | | | | | | |-systemd-journald.socket @329ms
| | | | | | | | | | | | `-system.slice @286ms
| | | | | | | | | | | |-systemd-tmpfiles-setup-dev-early.service @512ms +177ms
| | | | | | | | | | | |-lvm2-monitor.service @376ms +146ms
| | | | | | | | | | | | |-systemd-journald.socket @329ms
| | | | | | | | | | | | |-dm-event.socket @316ms
| | | | | | | | | | | | | |-system.slice @286ms
| | | | | | | | | | | | | `--.mount @285ms
| | | | | | | | | | | | `-system.slice @286ms
| | | | | | | | | | | |-systemd-remount-fs.service @419ms +48ms
| | | | | | | | | | | `-keyboard-setup.service @370ms +81ms
| | | | | | | | | | |   |-systemd-journald.socket @329ms
| | | | | | | | | | |   `-system.slice @286ms
| | | | | | | | | | |-systemd-journald.socket @329ms
| | | | | | | | | | |-system.slice @286ms
| | | | | | | | | | `--.mount @285ms
| | | | | | | | | |-mnt-cdrom.mount @1.930s
| | | | | | | | | | |-dev-sr0.device @1.062s
| | | | | | | | | | |-local-fs-pre.target @757ms
| | | | | | | | | | |-systemd-journald.socket @329ms
| | | | | | | | | | |-system.slice @286ms
| | | | | | | | | | `--.mount @285ms
| | | | | | | | | |-mnt-eole\x2dci\x2dtests.mount @1.664s
| | | | | | | | | | |-local-fs-pre.target @757ms
| | | | | | | | | | |-systemd-journald.socket @329ms
| | | | | | | | | | |-system.slice @286ms
| | | | | | | | | | `--.mount @285ms
| | | | | | | | | |-boot-efi.mount @1.274s +71ms
| | | | | | | | | | |-systemd-fsck@dev-disk-by\x2duuid-D5F8\x2d1344.service @1.202s +53ms
| | | | | | | | | | | |-dev-disk-by\x2duuid-D5F8\x2d1344.device @1.189s
| | | | | | | | | | | |-local-fs-pre.target @757ms
| | | | | | | | | | | |-systemd-journald.socket @329ms
| | | | | | | | | | | |-systemd-fsckd.socket @324ms
| | | | | | | | | | | | |-system.slice @286ms
| | | | | | | | | | | | `--.mount @285ms
| | | | | | | | | | | `-system-systemd\x2dfsck.slice @303ms
| | | | | | | | | | |   `-system.slice @286ms
| | | | | | | | | | |-dev-sda1.device @1.189s
| | | | | | | | | | |-local-fs-pre.target @757ms
| | | | | | | | | | |-systemd-journald.socket @329ms
| | | | | | | | | | |-system.slice @286ms
| | | | | | | | | | `--.mount @285ms
| | | | | | | | | |-local-fs-pre.target @757ms
| | | | | | | | | |-systemd-remount-fs.service @419ms +48ms
| | | | | | | | | `--.mount @285ms
| | | | | | | | |-systemd-sysctl.service @507ms +166ms
| | | | | | | | | |-systemd-modules-load.service @414ms +51ms
| | | | | | | | | | |-systemd-journald.socket @329ms
| | | | | | | | | | `-system.slice @286ms
| | | | | | | | | |-systemd-journald.socket @329ms
| | | | | | | | | `-system.slice @286ms
| | | | | | | | |-systemd-journald.socket @329ms
| | | | | | | | |-system.slice @286ms
| | | | | | | | `--.mount @285ms
| | | | | | | |-systemd-update-utmp.service @1.460s +18ms
| | | | | | | | |-systemd-tmpfiles-setup.service @1.396s +48ms
| | | | | | | | | |-local-fs.target @1.349s
| | | | | | | | | |-systemd-journal-flush.service @571ms +319ms
| | | | | | | | | | |-systemd-journald.service @409ms +110ms
| | | | | | | | | | | |-systemd-journald.socket @329ms
| | | | | | | | | | | |-systemd-journald-dev-log.socket @328ms
| | | | | | | | | | | | |-system.slice @286ms
| | | | | | | | | | | | `--.mount @285ms
| | | | | | | | | | | |-syslog.socket @321ms
| | | | | | | | | | | | |-system.slice @286ms
| | | | | | | | | | | | `--.mount @285ms
| | | | | | | | | | | |-system.slice @286ms
| | | | | | | | | | | `--.mount @285ms
| | | | | | | | | | |-systemd-remount-fs.service @419ms +48ms
| | | | | | | | | | |-systemd-journald.socket @329ms
| | | | | | | | | | |-system.slice @286ms
| | | | | | | | | | `--.mount @285ms
| | | | | | | | | |-systemd-journald.service @409ms +110ms
| | | | | | | | | |-systemd-journald.socket @329ms
| | | | | | | | | `-system.slice @286ms
| | | | | | | | |-systemd-remount-fs.service @419ms +48ms
| | | | | | | | |-systemd-journald.socket @329ms
| | | | | | | | |-system.slice @286ms
| | | | | | | | `--.mount @285ms
| | | | | | | |-systemd-tmpfiles-setup.service @1.396s +48ms
| | | | | | | |-systemd-binfmt.service @1.392s +35ms
| | | | | | | | |-proc-sys-fs-binfmt_misc.mount @1.410s +13ms
| | | | | | | | | |-systemd-journald.socket @329ms
| | | | | | | | | |-proc-sys-fs-binfmt_misc.automount @308ms
| | | | | | | | | | `--.mount @285ms
| | | | | | | | | |--.slice @286ms
| | | | | | | | | `--.mount @285ms
| | | | | | | | |-local-fs.target @1.349s
| | | | | | | | |-systemd-journald.socket @329ms
| | | | | | | | |-proc-sys-fs-binfmt_misc.automount @308ms
| | | | | | | | `-system.slice @286ms
| | | | | | | |-plymouth-read-write.service @1.386s +20ms
| | | | | | | | |-local-fs.target @1.349s
| | | | | | | | |-systemd-journald.socket @329ms
| | | | | | | | `-system.slice @286ms
| | | | | | | |-local-fs.target @1.349s
| | | | | | | |-cryptsetup.target @912ms
| | | | | | | | |-systemd-ask-password-console.path @912ms
| | | | | | | | | `--.mount @285ms
| | | | | | | | `-systemd-ask-password-wall.path @307ms
| | | | | | | |   `--.mount @285ms
| | | | | | | |-systemd-udevd.service @724ms +186ms
| | | | | | | | |-systemd-tmpfiles-setup-dev.service @712ms +10ms
| | | | | | | | |-systemd-tmpfiles-setup-dev-early.service @512ms +177ms
| | | | | | | | |-systemd-udevd-kernel.socket @336ms
| | | | | | | | |-systemd-udevd-control.socket @334ms
| | | | | | | | | |-system.slice @286ms
| | | | | | | | | `--.mount @285ms
| | | | | | | | |-systemd-journald.socket @329ms
| | | | | | | | `-system.slice @286ms
| | | | | | | |-systemd-tmpfiles-setup-dev.service @712ms +10ms
| | | | | | | |-systemd-tmpfiles-setup-dev-early.service @512ms +177ms
| | | | | | | |-systemd-sysctl.service @507ms +166ms
| | | | | | | |-systemd-udev-trigger.service @425ms +169ms
| | | | | | | | |-systemd-udevd-kernel.socket @336ms
| | | | | | | | |-systemd-udevd-control.socket @334ms
| | | | | | | | |-systemd-journald.socket @329ms
| | | | | | | | `-system.slice @286ms
| | | | | | | |-swap.target @556ms
| | | | | | | | `-swap.img.swap @479ms +37ms
| | | | | | | |   |-systemd-remount-fs.service @419ms +48ms
| | | | | | | |   |-systemd-journald.socket @329ms
| | | | | | | |   |-system.slice @286ms
| | | | | | | |   `--.mount @285ms
| | | | | | | |-sys-kernel-config.mount @489ms +36ms
| | | | | | | | |-systemd-journald.socket @329ms
| | | | | | | | |--.slice @286ms
| | | | | | | | `--.mount @285ms
| | | | | | | |-sys-fs-fuse-connections.mount @481ms +42ms
| | | | | | | | |-systemd-journald.socket @329ms
| | | | | | | | |--.slice @286ms
| | | | | | | | `--.mount @285ms
| | | | | | | |-systemd-journald.service @409ms +110ms
| | | | | | | |-systemd-modules-load.service @414ms +51ms
| | | | | | | |-kmod-static-nodes.service @373ms +68ms
| | | | | | | |-sys-kernel-tracing.mount @361ms +76ms
| | | | | | | | |-systemd-journald.socket @329ms
| | | | | | | | |--.slice @286ms
| | | | | | | | `--.mount @285ms
| | | | | | | |-sys-kernel-debug.mount @358ms +77ms
| | | | | | | | |-systemd-journald.socket @329ms
| | | | | | | | |--.slice @286ms
| | | | | | | | `--.mount @285ms
| | | | | | | |-dev-mqueue.mount @354ms +80ms
| | | | | | | | |-systemd-journald.socket @329ms
| | | | | | | | |--.slice @286ms
| | | | | | | | `--.mount @285ms
| | | | | | | |-dev-hugepages.mount @351ms +81ms
| | | | | | | | |-systemd-journald.socket @329ms
| | | | | | | | |--.slice @286ms
| | | | | | | | `--.mount @285ms
| | | | | | | |-veritysetup.target @314ms
| | | | | | | |-integritysetup.target @311ms
| | | | | | | `-proc-sys-fs-binfmt_misc.automount @308ms
| | | | | | |-system.slice @286ms
| | | | | | `--.mount @285ms
| | | | | |-docker.socket @1.586s +13ms
| | | | | | |-sysinit.target @1.579s
| | | | | | |-system.slice @286ms
| | | | | | `--.mount @285ms
| | | | | |-uuidd.socket @1.598s
| | | | | | |-sysinit.target @1.579s
| | | | | | |-system.slice @286ms
| | | | | | `--.mount @285ms
| | | | | |-ssh.socket @1.597s
| | | | | | |-sysinit.target @1.579s
| | | | | | `-system.slice @286ms
| | | | | |-iscsid.socket @1.588s
| | | | | | |-sysinit.target @1.579s
| | | | | | `-system.slice @286ms
| | | | | |-systemd-sysext.socket @1.353s
| | | | | | |-local-fs.target @1.349s
| | | | | | |-system.slice @286ms
| | | | | | `--.mount @285ms
| | | | | |-systemd-udevd-kernel.socket @336ms
| | | | | |-systemd-udevd-control.socket @334ms
| | | | | |-systemd-networkd.socket @330ms
| | | | | | `-system.slice @286ms
| | | | | |-systemd-journald.socket @329ms
| | | | | |-systemd-journald-dev-log.socket @328ms
| | | | | |-systemd-initctl.socket @326ms
| | | | | | |-system.slice @286ms
| | | | | | `--.mount @285ms
| | | | | |-syslog.socket @321ms
| | | | | `-multipathd.socket @320ms
| | | | |-paths.target @1.581s
| | | | | |-systemd-ask-password-console.path @912ms
| | | | | `-systemd-ask-password-wall.path @307ms
| | | | |-sysinit.target @1.579s
| | | | |-slices.target @312ms
| | | | | |-user.slice @305ms
| | | | | | `--.slice @286ms
| | | | | |--.slice @286ms
| | | | | `-system.slice @286ms
| | | | `--.mount @285ms
| | | |-sysinit.target @1.579s
| | | |-local-fs.target @1.349s
| | | |-systemd-journald.socket @329ms
| | | `-system.slice @286ms
| | |-basic.target @1.603s
| | |-docker.socket @1.586s +13ms
| | |-sysinit.target @1.579s
| | |-systemd-journald.socket @329ms
| | |-time-set.target @313ms
| | `-system.slice @286ms
| |-apport.service @12.756s +314ms
| | |-remote-fs.target @12.754s
| | | `-remote-fs-pre.target @12.754s
| | |-basic.target @1.603s
| | |-sysinit.target @1.579s
| | |-systemd-journald.socket @329ms
| | `-system.slice @286ms
| |-fetchmail.service @13.014s +18ms
| | |-remote-fs.target @12.754s
| | |-network-online.target @12.740s
| | |-nss-lookup.target @11.160s
| | |-basic.target @1.603s
| | |-sysinit.target @1.579s
| | |-systemd-journald.socket @329ms
| | `-system.slice @286ms
| |-nginx.service @12.764s +79ms
| | |-remote-fs.target @12.754s
| | |-network-online.target @12.740s
| | |-nss-lookup.target @11.160s
| | |-basic.target @1.603s
| | |-sysinit.target @1.579s
| | |-systemd-journald.socket @329ms
| | `-system.slice @286ms
| |-plymouth-quit.service @12.783s +28ms
| | |-systemd-user-sessions.service @12.768s +11ms
| | | |-remote-fs.target @12.754s
| | | |-network.target @11.085s
| | | |-basic.target @1.603s
| | | |-sysinit.target @1.579s
| | | |-systemd-journald.socket @329ms
| | | `-system.slice @286ms
| | |-basic.target @1.603s
| | |-sysinit.target @1.579s
| | |-systemd-journald.socket @329ms
| | `-system.slice @286ms
| |-getty.target @12.811s
| | `-getty@tty1.service @12.811s
| |   |-system-getty.slice @12.802s
| |   | |-setvtrgb.service @12.791s +9ms
| |   | | |-plymouth-quit-wait.service @12.781s +6ms
| |   | | | |-systemd-user-sessions.service @12.768s +11ms
| |   | | | |-basic.target @1.603s
| |   | | | |-sysinit.target @1.579s
| |   | | | |-systemd-journald.socket @329ms
| |   | | | `-system.slice @286ms
| |   | | |-systemd-user-sessions.service @12.768s +11ms
| |   | | |-systemd-journald.socket @329ms
| |   | | `-system.slice @286ms
| |   | `-system.slice @286ms
| |   |-plymouth-quit-wait.service @12.781s +6ms
| |   |-systemd-user-sessions.service @12.768s +11ms
| |   |-basic.target @1.603s
| |   `-sysinit.target @1.579s
| |-plymouth-quit-wait.service @12.781s +6ms
| |-systemd-user-sessions.service @12.768s +11ms
| |-cron.service @12.758s
| | |-remote-fs.target @12.754s
| | |-basic.target @1.603s
| | |-sysinit.target @1.579s
| | |-systemd-journald.socket @329ms
| | `-system.slice @286ms
| |-containerd.service @11.100s +352ms
| |-networkd-dispatcher.service @1.635s +365ms
| | |-basic.target @1.603s
| | |-sysinit.target @1.579s
| | |-systemd-journald.socket @329ms
| | `-system.slice @286ms
| |-ModemManager.service @1.773s +145ms
| | |-polkit.service @1.641s +126ms
| | | |-basic.target @1.603s
| | | |-dbus.socket @1.583s
| | | | |-sysinit.target @1.579s
| | | | |-system.slice @286ms
| | | | `--.mount @285ms
| | | |-sysinit.target @1.579s
| | | |-systemd-tmpfiles-setup.service @1.396s +48ms
| | | |-systemd-journald.socket @329ms
| | | |-system.slice @286ms
| | | `--.mount @285ms
| | |-basic.target @1.603s
| | |-dbus.socket @1.583s
| | |-sysinit.target @1.579s
| | |-systemd-tmpfiles-setup.service @1.396s +48ms
| | |-systemd-journald.socket @329ms
| | |-system.slice @286ms
| | `--.mount @285ms
| |-rsyslog.service @1.651s +193ms
| | |-basic.target @1.603s
| | |-sysinit.target @1.579s
| | |-systemd-journald.socket @329ms
| | |-syslog.socket @321ms
| | `-system.slice @286ms
| |-sysstat.service @1.655s +24ms
| | |-basic.target @1.603s
| | |-sysinit.target @1.579s
| | |-systemd-journald.socket @329ms
| | `-system.slice @286ms
| |-systemd-logind.service @1.608s +61ms
| | |-basic.target @1.603s
| | |-dbus.socket @1.583s
| | |-sysinit.target @1.579s
| | |-systemd-tmpfiles-setup.service @1.396s +48ms
| | |-systemd-remount-fs.service @419ms +48ms
| | |-systemd-journald.socket @329ms
| | |-user.slice @305ms
| | |-system.slice @286ms
| | `--.mount @285ms
| |-dmesg.service @1.618s
| | |-basic.target @1.603s
| | |-sysinit.target @1.579s
| | `-system.slice @286ms
| |-basic.target @1.603s
| `-lxd-installer.socket @1.595s +4ms
|-fetchmail.service @13.014s +18ms
`-udisks2.service @1.658s +218ms
  |-basic.target @1.603s
  |-dbus.socket @1.583s
  |-sysinit.target @1.579s
  |-systemd-journald.socket @329ms
  `-system.slice @286ms
