Machine aca.eolecitests 2.8.1 : Début ciConfigurationMachineEoleCiTests
total 4
-rw------- 1 root root 272 avril 13 07:36 01-netcfg.yaml
* netplan --debug apply
** (generate:1418): DEBUG: 07:36:20.427: starting new processing pass
** (generate:1418): DEBUG: 07:36:20.428: We have some netdefs, pass them through a final round of validation
** (generate:1418): DEBUG: 07:36:20.429: ens4: setting default backend to 1
** (generate:1418): DEBUG: 07:36:20.429: Configuration is valid
** (generate:1418): DEBUG: 07:36:20.431: Generating output files..
** (generate:1418): DEBUG: 07:36:20.431: openvswitch: definition ens4 is not for us (backend 1)
** (generate:1418): DEBUG: 07:36:20.431: NetworkManager: definition ens4 is not for us (backend 1)
(generate:1418): GLib-DEBUG: 07:36:20.431: posix_spawn avoided (fd close requested) 
(generate:1418): GLib-DEBUG: 07:36:20.459: posix_spawn avoided (fd close requested) 
DEBUG:netplan generated networkd configuration changed, reloading networkd
DEBUG:ens4 not found in {}
DEBUG:Merged config:
network:
  ethernets:
    ens4:
      addresses:
      - 192.168.0.253/24
      dhcp4: false
      dhcp6: false
      gateway4: 192.168.0.1
  renderer: networkd
  version: 2

DEBUG:no netplan generated NM configuration exists
DEBUG:ens4 not found in {}
DEBUG:Merged config:
network:
  ethernets:
    ens4:
      addresses:
      - 192.168.0.253/24
      dhcp4: false
      dhcp6: false
      gateway4: 192.168.0.1
  renderer: networkd
  version: 2

DEBUG:Link changes: {}
DEBUG:netplan triggering .link rules for lo
DEBUG:netplan triggering .link rules for ens4
** (process:1416): DEBUG: 07:36:20.809: starting new processing pass
** (process:1416): DEBUG: 07:36:20.810: We have some netdefs, pass them through a final round of validation
** (process:1416): DEBUG: 07:36:20.811: ens4: setting default backend to 1
** (process:1416): DEBUG: 07:36:20.811: Configuration is valid
DEBUG:ens4 not found in {}
DEBUG:Merged config:
network:
  ethernets:
    ens4:
      addresses:
      - 192.168.0.253/24
      dhcp4: false
      dhcp6: false
      gateway4: 192.168.0.1
  renderer: networkd
  version: 2

* ciCheckSSHDConfig
Machine aca.eolecitests 2.8.1 : * /etc/ssh/sshd_config à jour
* timedatectl
               Local time: sam. 2024-04-13 07:36:21 CEST
           Universal time: sam. 2024-04-13 05:36:21 UTC 
                 RTC time: sam. 2024-04-13 05:36:21     
                Time zone: Europe/Paris (CEST, +0200)   
System clock synchronized: no                           
              NTP service: active                       
          RTC in local TZ: no                           
Machine aca.eolecitests 2.8.1 : Redémarrage SSH !
Machine aca.eolecitests 2.8.1 : Installation SAMBA
/usr/sbin/smbd
Machine aca.eolecitests 2.8.1 : Début ciSambaConfiguration
Machine aca.eolecitests 2.8.1 : Check hostname eolecitest
127.0.0.1 localhost.localdomain localhost
127.0.1.1 eolecitests

# The following lines are desirable for IPv6 capable hosts
::1     ip6-localhost ip6-loopback
fe00::0 ip6-localnet
ff00::0 ip6-mcastprefix
ff02::1 ip6-allnodes
ff02::2 ip6-allrouters
ff02::3 ip6-allhosts
192.168.0.253	eolecitests.ac-test.fr eolecitests
192.168.0.253 eolecitest
#Machine aca.eolecitests 2.8.1 : Debut ciConfigureAutomatiqueMinimale
Machine aca.eolecitests 2.8.1 : Configuration déjà réalisée avec 192.168.0.253
Machine aca.eolecitests 2.8.1 : hostnamectl set-hostname eolecitest
Machine aca.eolecitests 2.8.1 : ciSambaRestart
Machine aca.eolecitests 2.8.1 : Arret SAMBA
Machine aca.eolecitests 2.8.1 : Démarrage SAMBA
Machine aca.eolecitests 2.8.1 : ciSambaRestart : ok 0
Machine aca.eolecitests 2.8.1 : Creation compte samba admin, nobody
Added user nobody.
id: «pcadmin» : utilisateur inexistant
Nouveau mot de passe : Retapez le nouveau mot de passe : passwd : le mot de passe a été mis à jour avec succès
Added user pcadmin.
Machine aca.eolecitests 2.8.1 : Creation compte samba root
Added user root.
Machine aca.eolecitests 2.8.1 : Début ciSambaCheckAcces localhost
Machine aca.eolecitests 2.8.1 : Check smbclient
Machine aca.eolecitests 2.8.1 : Check SAMBA 1 localhost

	Sharename       Type      Comment
	---------       ----      -------
	eolecitests     Disk      
	wpkg            Disk      
	sauvegardes     Disk      
	IPC$            IPC       IPC Service (Samba Server 4.15.13-Ubuntu)
SMB1 disabled -- no workgroup available
Machine aca.eolecitests 2.8.1 : ciSambaCheckAcces : Ok
Machine aca.eolecitests 2.8.1 : Fin ciSambaConfiguration : ok
Machine aca.eolecitests 2.8.1 : Fin ciConfigurationMachineEoleCiTests : ok
/usr/bin/updatedb
Machine aca.eolecitests 2.8.1 : * désactivation updatedb/locate sur /mnt/eole-ci-test présente !
