Machine aca.hapy 2.7.2 : check-dpkg PAS_D_ERREUR_SI_DIFFERENT amd64 hapy aca.hapy
Liste des paquets EOLE
EOLE : creole
EOLE : creole-common
EOLE : cu
EOLE : eole-archive-keyring
EOLE : eole-client-annuaire
EOLE : eole-client-annuaire-pkg
EOLE : eole-common-pkg
EOLE : eole-debsums
EOLE : eole-debsums-zephir-agent
EOLE : eole-ead
EOLE : eole-ead-common
EOLE : eole-ead-server
EOLE : eole-ead-web
EOLE : eole-ead3
EOLE : eole-ead3-saltstack
EOLE : eole-exim
EOLE : eole-exim-pkg
EOLE : eole-exim4-config
EOLE : eole-flask
EOLE : eole-flask-admin
EOLE : eole-flask-server
EOLE : eole-genconfig
EOLE : eole-genconfig-client
EOLE : eole-hapy
EOLE : eole-hapy-all
EOLE : eole-hapy-deployment
EOLE : eole-hapy-module
EOLE : eole-libvirt
EOLE : eole-modele-vm
EOLE : eole-nsswitch
EOLE : eole-nut
EOLE : eole-one-flow
EOLE : eole-one-frontend
EOLE : eole-one-master
EOLE : eole-one-node
EOLE : eole-ovs
EOLE : eole-resolvconf
EOLE : eole-reverseproxy
EOLE : eole-reverseproxy-pkg
EOLE : eole-server
EOLE : eoleflask-aaa
EOLE : ewt-actions
EOLE : ewt-portal
EOLE : opennebula
EOLE : opennebula-common
EOLE : opennebula-flow
EOLE : opennebula-node
EOLE : opennebula-sunstone
EOLE : opennebula-tools
