    PID ---User--- ----------CGroup------------ COMMAND
      2 root       -                            [kthreadd]
      3 root       -                             \_ [pool_workqueue_release]
      4 root       -                             \_ [kworker/R-rcu_g]
      5 root       -                             \_ [kworker/R-rcu_p]
      6 root       -                             \_ [kworker/R-slub_]
      7 root       -                             \_ [kworker/R-netns]
      9 root       -                             \_ [kworker/0:0H-events_highpri]
     11 root       -                             \_ [kworker/u8:0-ext4-rsv-conversion]
     12 root       -                             \_ [kworker/R-mm_pe]
     13 root       -                             \_ [rcu_tasks_kthread]
     14 root       -                             \_ [rcu_tasks_rude_kthread]
     15 root       -                             \_ [rcu_tasks_trace_kthread]
     16 root       -                             \_ [ksoftirqd/0]
     17 root       -                             \_ [rcu_preempt]
     18 root       -                             \_ [migration/0]
     19 root       -                             \_ [idle_inject/0]
     20 root       -                             \_ [cpuhp/0]
     21 root       -                             \_ [cpuhp/1]
     22 root       -                             \_ [idle_inject/1]
     23 root       -                             \_ [migration/1]
     24 root       -                             \_ [ksoftirqd/1]
     26 root       -                             \_ [kworker/1:0H-events_highpri]
     27 root       -                             \_ [cpuhp/2]
     28 root       -                             \_ [idle_inject/2]
     29 root       -                             \_ [migration/2]
     30 root       -                             \_ [ksoftirqd/2]
     32 root       -                             \_ [kworker/2:0H-events_highpri]
     33 root       -                             \_ [cpuhp/3]
     34 root       -                             \_ [idle_inject/3]
     35 root       -                             \_ [migration/3]
     36 root       -                             \_ [ksoftirqd/3]
     38 root       -                             \_ [kworker/3:0H-events_highpri]
     43 root       -                             \_ [kdevtmpfs]
     44 root       -                             \_ [kworker/R-inet_]
     45 root       -                             \_ [kauditd]
     47 root       -                             \_ [khungtaskd]
     48 root       -                             \_ [oom_reaper]
     50 root       -                             \_ [kworker/R-write]
     51 root       -                             \_ [kcompactd0]
     52 root       -                             \_ [ksmd]
     54 root       -                             \_ [khugepaged]
     55 root       -                             \_ [kworker/R-kinte]
     56 root       -                             \_ [kworker/R-kbloc]
     57 root       -                             \_ [kworker/R-blkcg]
     58 root       -                             \_ [irq/9-acpi]
     59 root       -                             \_ [kworker/R-tpm_d]
     60 root       -                             \_ [kworker/R-ata_s]
     61 root       -                             \_ [kworker/R-md]
     62 root       -                             \_ [kworker/R-md_bi]
     63 root       -                             \_ [kworker/R-edac-]
     64 root       -                             \_ [kworker/u8:1]
     65 root       -                             \_ [kworker/R-devfr]
     66 root       -                             \_ [watchdogd]
     67 root       -                             \_ [kworker/3:1H-kblockd]
     68 root       -                             \_ [kswapd0]
     69 root       -                             \_ [ecryptfs-kthread]
     70 root       -                             \_ [kworker/R-kthro]
     71 root       -                             \_ [irq/24-aerdrv]
     72 root       -                             \_ [irq/24-pciehp]
     73 root       -                             \_ [irq/25-aerdrv]
     74 root       -                             \_ [irq/25-pciehp]
     75 root       -                             \_ [irq/26-aerdrv]
     76 root       -                             \_ [irq/26-pciehp]
     77 root       -                             \_ [irq/27-aerdrv]
     78 root       -                             \_ [irq/27-pciehp]
     79 root       -                             \_ [irq/28-aerdrv]
     80 root       -                             \_ [irq/28-pciehp]
     81 root       -                             \_ [irq/29-aerdrv]
     82 root       -                             \_ [irq/29-pciehp]
     83 root       -                             \_ [irq/30-aerdrv]
     84 root       -                             \_ [irq/30-pciehp]
     85 root       -                             \_ [irq/31-aerdrv]
     86 root       -                             \_ [irq/31-pciehp]
     87 root       -                             \_ [irq/32-aerdrv]
     88 root       -                             \_ [irq/32-pciehp]
     89 root       -                             \_ [irq/33-aerdrv]
     90 root       -                             \_ [irq/33-pciehp]
     92 root       -                             \_ [kworker/R-acpi_]
     94 root       -                             \_ [scsi_eh_0]
     95 root       -                             \_ [kworker/R-scsi_]
     97 root       -                             \_ [kworker/R-mld]
     98 root       -                             \_ [kworker/2:1H-kblockd]
     99 root       -                             \_ [kworker/R-ipv6_]
    106 root       -                             \_ [kworker/R-kstrp]
    109 root       -                             \_ [kworker/u13:0]
    110 root       -                             \_ [kworker/u14:0]
    111 root       -                             \_ [kworker/u15:0]
    112 root       -                             \_ [kworker/u16:0]
    113 root       -                             \_ [kworker/u17:0]
    118 root       -                             \_ [kworker/R-crypt]
    130 root       -                             \_ [kworker/R-charg]
    158 root       -                             \_ [kworker/1:1H-kblockd]
    173 root       -                             \_ [kworker/0:1H-kblockd]
    191 root       -                             \_ [scsi_eh_1]
    192 root       -                             \_ [kworker/R-scsi_]
    193 root       -                             \_ [scsi_eh_2]
    197 root       -                             \_ [kworker/R-scsi_]
    202 root       -                             \_ [scsi_eh_3]
    203 root       -                             \_ [kworker/R-scsi_]
    205 root       -                             \_ [scsi_eh_4]
    207 root       -                             \_ [kworker/R-scsi_]
    214 root       -                             \_ [scsi_eh_5]
    215 root       -                             \_ [kworker/R-scsi_]
    217 root       -                             \_ [scsi_eh_6]
    218 root       -                             \_ [kworker/R-scsi_]
    230 root       -                             \_ [kworker/R-ttm]
    263 root       -                             \_ [kworker/R-raid5]
    306 root       -                             \_ [jbd2/sda2-8]
    307 root       -                             \_ [kworker/R-ext4-]
    397 root       -                             \_ [kworker/R-kmpat]
    398 root       -                             \_ [kworker/R-kmpat]
    452 root       -                             \_ [psimon]
    616 root       -                             \_ [kworker/R-nfit]
   1199 root       -                             \_ [kworker/R-cfg80]
   3212 root       -                             \_ [kworker/R-tls-s]
   3334 root       -                             \_ [psimon]
1796701 root       -                             \_ [kworker/0:0-events]
1802325 root       -                             \_ [kworker/2:2-events]
1802868 root       -                             \_ [kworker/3:0-events]
1806507 root       -                             \_ [kworker/u10:0-events_power_efficient]
1806678 root       -                             \_ [kworker/1:3-events]
1807178 root       -                             \_ [kworker/u9:3-flush-8:0]
1807329 root       -                             \_ [kworker/u12:1-flush-8:0]
1807545 root       -                             \_ [kworker/1:2-events]
1807732 root       -                             \_ [kworker/u11:0-flush-8:0]
1808195 root       -                             \_ [kworker/u9:1-events_power_efficient]
1808216 root       -                             \_ [kworker/2:3-cgroup_destroy]
1808750 root       -                             \_ [kworker/u9:0-writeback]
1808759 root       -                             \_ [kworker/u12:3-events_unbound]
1808839 root       -                             \_ [kworker/u10:1-events_unbound]
1808869 root       -                             \_ [kworker/u11:1-flush-8:0]
1808991 root       -                             \_ [kworker/0:2-cgroup_destroy]
1808992 root       -                             \_ [kworker/u12:2-events_power_efficient]
1809071 root       -                             \_ [kworker/u10:3-events_power_efficient]
1809137 root       -                             \_ [kworker/u11:2-flush-8:0]
1809191 root       -                             \_ [kworker/3:3-cgroup_destroy]
1809285 root       -                             \_ [kworker/2:0]
1809328 root       -                             \_ [kworker/u9:2-writeback]
1809329 root       -                             \_ [kworker/u9:4]
1809334 root       -                             \_ [kworker/u11:3-flush-8:0]
1809335 root       -                             \_ [kworker/u11:4]
      1 root       0::/init.scope               /sbin/init
    365 root       0::/system.slice/systemd-jou /usr/lib/systemd/systemd-journald
    366 root       0::/system.slice/debug-shell /usr/bin/bash
    423 root       0::/system.slice/multipathd. /sbin/multipathd -d -s
    446 root       0::/system.slice/systemd-ude /usr/lib/systemd/systemd-udevd
    747 messagebus 0::/system.slice/dbus.servic @dbus-daemon --system --address=systemd: --nofork --nopidfile --systemd-activation --syslog-only
    755 root       0::/system.slice/networkd-di /usr/bin/python3 /usr/bin/networkd-dispatcher --run-startup-triggers
    757 polkitd    0::/system.slice/polkit.serv /usr/lib/polkit-1/polkitd --no-debug
    760 root       0::/system.slice/systemd-log /usr/lib/systemd/systemd-logind
    761 root       0::/system.slice/udisks2.ser /usr/libexec/udisks2/udisksd
    794 syslog     0::/system.slice/rsyslog.ser /usr/sbin/rsyslogd -n -iNONE
    815 root       0::/system.slice/ModemManage /usr/sbin/ModemManager
   1212 root       0::/system.slice/containerd. /usr/bin/containerd
   1347 root       0::/system.slice/docker.serv /usr/bin/dockerd -H fd:// -H tcp://0.0.0.0:2375 --dns 192.168.0.1 --dns 192.168.232.2
   1350 root       0::/system.slice/cron.servic /usr/sbin/cron -f -P
   1394 root       0::/system.slice/system-gett /sbin/agetty -o -p -- \u --noclear - linux
   1395 root       0::/system.slice/nginx.servi nginx: master process /usr/sbin/nginx -g daemon on; master_process on;
   1396 www-data   0::/system.slice/nginx.servi  \_ nginx: worker process
   1397 www-data   0::/system.slice/nginx.servi  \_ nginx: worker process
   1398 www-data   0::/system.slice/nginx.servi  \_ nginx: worker process
   1399 www-data   0::/system.slice/nginx.servi  \_ nginx: worker process
   1657 root       0::/system.slice/containerd. /usr/bin/containerd-shim-runc-v2 -namespace plugins.moby -id 5301f1db31bb98c9623d5cb7fe16f470ff94c9c5db042da13c5f5844911e0ac6 -address /run/containerd/containerd.sock
   1678 root       0::/system.slice/runc-5301f1  \_ /docker-volume-sshfs
   1930 root       0::/system.slice/EoleCiTests /bin/bash /root/.EoleCiTestsDaemon.sh
1809338 root       0::/system.slice/EoleCiTests  \_ ps xawf -eo pid,user=---User---,cgroup=----------CGroup------------,args
   2237 systemd-n+ 0::/system.slice/systemd-net /usr/lib/systemd/systemd-networkd
   2337 root       0::/system.slice/ssh.service sshd: /usr/sbin/sshd -D [listener] 0 of 10-100 startups
   2503 _chrony    0::/system.slice/chrony.serv /usr/sbin/chronyd -F 1
   2504 _chrony    0::/system.slice/chrony.serv  \_ /usr/sbin/chronyd -F 1
   3165 Debian-ex+ 0::/system.slice/exim4.servi /usr/sbin/exim4 -bdf -q30m
   3337 root       0::/system.slice/JenkinsSlav /usr/lib/jvm/java-21-openjdk-amd64/bin/java -Djenkins.slaves.DefaultJnlpSlaveReceiver.disableStrictVerification=true -jar /home/jenkins/agent.jar -jnlpUrl http://jenkins.eole.lan:8080/jenkins/computer/gw-jenkins6/slave-agent.jnlp -secret 285859380bcb3a10d13400417bd9f535034b9e665816096d13e03dfb8294e946 -workDir /home/jenkins
1808643 root       0::/system.slice/JenkinsSlav  \_ /bin/bash -xe /tmp/jenkins9681803153610670827.sh
1808646 root       0::/system.slice/JenkinsSlav      \_ /bin/bash /mnt/eole-ci-tests/jenkins/EoleNebula/runOneTestGG.sh -c TestEoleCi -t etb3-revproxy -v 2.9.0 -a amd64
1808652 root       0::/system.slice/JenkinsSlav          \_ /usr/lib/jvm/java-21-openjdk-amd64/bin/java -Dfile.encoding=UTF-8 -Djava.awt.headless=true -Djava.net.preferIPv4Stack=true -Djava.util.logging.config.file=/home/jenkins/workspace/2.9.0/test-etb3-revproxy-2.9.0-amd64/512/logging.properties -DONE_AUTH=/home/jenkins/.one/one_auth -Duser.home=/home/jenkins/workspace/2.9.0/test-etb3-revproxy-2.9.0-amd64 -Duser.dir=/home/jenkins/workspace/2.9.0/test-etb3-revproxy-2.9.0-amd64/512 -classpath /home/jenkins/workspace/2.9.0/test-etb3-revproxy-2.9.0-amd64/512/lib/* org.eole.Main -e /mnt/eole-ci-tests -c TestEoleCi -t etb3-revproxy -v 2.9.0 -a amd64
   3571 root       0::/system.slice/upower.serv /usr/libexec/upowerd
1804322 dnsmasq    0::/system.slice/dnsmasq.ser /usr/sbin/dnsmasq -x /run/dnsmasq/dnsmasq.pid -u dnsmasq -r /run/dnsmasq/resolv.conf -7 /etc/dnsmasq.d,.dpkg-dist,.dpkg-old,.dpkg-new --local-service --trust-anchor=.,20326,8,2,e06d44b80b8f1d39a95c0b0d7c65d08458e880409bbc683457104237c7f8ec8d
1804323 root       0::/system.slice/dnsmasq.ser  \_ /usr/sbin/dnsmasq -x /run/dnsmasq/dnsmasq.pid -u dnsmasq -r /run/dnsmasq/resolv.conf -7 /etc/dnsmasq.d,.dpkg-dist,.dpkg-old,.dpkg-new --local-service --trust-anchor=.,20326,8,2,e06d44b80b8f1d39a95c0b0d7c65d08458e880409bbc683457104237c7f8ec8d
1809275 root       0::/system.slice/fwupd.servi /usr/libexec/fwupd/fwupd
