Debut ciAfficheProcess 2024-12-13 18:28:33
****************************************************************************************************************
Machine daily 2.8.1 : systemctl is-active multi-user.target : active
Machine daily 2.8.1 : systemctl is-active network.target : active
Machine daily 2.8.1 : systemctl is-active network-online.target : active
Machine daily 2.8.1 : systemctl is-system-running : degraded
**************************************
systemctl --state=failed
  UNIT                                 LOAD   ACTIVE SUB    DESCRIPTION                                                     
● expireuser.service                   loaded failed failed Deletes expired account in AD                                   
● isc-dhcp-relay.service               loaded failed failed ISC DHCP IPv4 relay                                             
● logrotate.service                    loaded failed failed Rotate log files                                                
● netplan-wait-online.service          loaded failed failed Wait for Network to be Configured by Netplan                    
● ntpdate.service                      loaded failed failed Force synchronisation of time                                   
● nut-driver.service                   loaded failed failed Network UPS Tools - power device driver controller              
● nut-monitor.service                  loaded failed failed Network UPS Tools - power device monitor and shutdown controller
● quotaon.service                      loaded failed failed Enable File System Quotas                                       
● systemd-networkd-wait-online.service loaded failed failed Wait for Network to be Configured                               

LOAD   = Reflects whether the unit definition was properly loaded.
ACTIVE = The high-level unit activation state, i.e. generalization of SUB.
SUB    = The low-level unit activation state, values depend on unit type.

9 loaded units listed.
**************************************
Fin ciAfficheProcess : RESULT = 0    2024-12-13 18:28:33
