Machine aca.eolecitests 2.9.0 : Début ciConfigurationMachineEoleCiTests
total 4
-rw------- 1 root root 272 avril  5 02:27 01-netcfg.yaml
* netplan --debug apply
** (generate:1445): DEBUG: 02:27:39.633: starting new processing pass
** (generate:1445): DEBUG: 02:27:39.634: We have some netdefs, pass them through a final round of validation
** (generate:1445): DEBUG: 02:27:39.634: ens4: setting default backend to 1
** (generate:1445): DEBUG: 02:27:39.635: Configuration is valid
** (generate:1445): DEBUG: 02:27:39.635: Generating output files..
** (generate:1445): DEBUG: 02:27:39.641: openvswitch: definition ens4 is not for us (backend 1)
** (generate:1445): DEBUG: 02:27:39.642: NetworkManager: definition ens4 is not for us (backend 1)
(generate:1445): GLib-DEBUG: 02:27:39.643: posix_spawn avoided (fd close requested) 
(generate:1445): GLib-DEBUG: 02:27:39.680: posix_spawn avoided (fd close requested) 
DEBUG:netplan generated networkd configuration changed, reloading networkd
DEBUG:ens4 not found in {}
DEBUG:Merged config:
network:
  ethernets:
    ens4:
      addresses:
      - 192.168.0.253/24
      dhcp4: false
      dhcp6: false
      gateway4: 192.168.0.1
  renderer: networkd
  version: 2

DEBUG:no netplan generated NM configuration exists
DEBUG:ens4 not found in {}
DEBUG:Merged config:
network:
  ethernets:
    ens4:
      addresses:
      - 192.168.0.253/24
      dhcp4: false
      dhcp6: false
      gateway4: 192.168.0.1
  renderer: networkd
  version: 2

DEBUG:Link changes: {}
DEBUG:netplan triggering .link rules for lo
DEBUG:netplan triggering .link rules for ens4
** (process:1443): DEBUG: 02:27:40.007: starting new processing pass
** (process:1443): DEBUG: 02:27:40.008: We have some netdefs, pass them through a final round of validation
** (process:1443): DEBUG: 02:27:40.008: ens4: setting default backend to 1
** (process:1443): DEBUG: 02:27:40.008: Configuration is valid
DEBUG:ens4 not found in {}
DEBUG:Merged config:
network:
  ethernets:
    ens4:
      addresses:
      - 192.168.0.253/24
      dhcp4: false
      dhcp6: false
      gateway4: 192.168.0.1
  renderer: networkd
  version: 2

* ciCheckSSHDConfig
Machine aca.eolecitests 2.9.0 : * /etc/ssh/sshd_config à jour
* timedatectl
               Local time: ven. 2024-04-05 02:27:40 CEST
           Universal time: ven. 2024-04-05 00:27:40 UTC 
                 RTC time: ven. 2024-04-05 00:27:40     
                Time zone: Europe/Paris (CEST, +0200)   
System clock synchronized: no                           
              NTP service: active                       
          RTC in local TZ: no                           
Machine aca.eolecitests 2.9.0 : Redémarrage SSH !
Machine aca.eolecitests 2.9.0 : Installation SAMBA
/usr/sbin/smbd
Machine aca.eolecitests 2.9.0 : Début ciSambaConfiguration
Machine aca.eolecitests 2.9.0 : Check hostname eolecitest
127.0.0.1 localhost.localdomain localhost
127.0.1.1 eolecitests

# The following lines are desirable for IPv6 capable hosts
::1     ip6-localhost ip6-loopback
fe00::0 ip6-localnet
ff00::0 ip6-mcastprefix
ff02::1 ip6-allnodes
ff02::2 ip6-allrouters
ff02::3 ip6-allhosts
192.168.0.253	eolecitests.ac-test.fr eolecitests
192.168.0.253 eolecitest
#Machine aca.eolecitests 2.9.0 : Debut ciConfigureAutomatiqueMinimale
Machine aca.eolecitests 2.9.0 : Configuration déjà réalisée avec 192.168.0.253
Machine aca.eolecitests 2.9.0 : hostnamectl set-hostname eolecitest
Machine aca.eolecitests 2.9.0 : ciSambaRestart
Machine aca.eolecitests 2.9.0 : Arret SAMBA
Machine aca.eolecitests 2.9.0 : Démarrage SAMBA
Machine aca.eolecitests 2.9.0 : ciSambaRestart : ok 0
Machine aca.eolecitests 2.9.0 : Creation compte samba admin, nobody
Added user nobody.
id: «pcadmin» : utilisateur inexistant
Nouveau mot de passe : Retapez le nouveau mot de passe : passwd : le mot de passe a été mis à jour avec succès
Added user pcadmin.
Machine aca.eolecitests 2.9.0 : Creation compte samba root
Added user root.
Machine aca.eolecitests 2.9.0 : Début ciSambaCheckAcces localhost
Machine aca.eolecitests 2.9.0 : Check smbclient
Machine aca.eolecitests 2.9.0 : Check SAMBA 1 localhost

	Sharename       Type      Comment
	---------       ----      -------
	eolecitests     Disk      
	wpkg            Disk      
	sauvegardes     Disk      
	IPC$            IPC       IPC Service (Samba Server 4.15.13-Ubuntu)
SMB1 disabled -- no workgroup available
Machine aca.eolecitests 2.9.0 : ciSambaCheckAcces : Ok
Machine aca.eolecitests 2.9.0 : Fin ciSambaConfiguration : ok
Machine aca.eolecitests 2.9.0 : Fin ciConfigurationMachineEoleCiTests : ok
/usr/bin/updatedb
Machine aca.eolecitests 2.9.0 : * désactivation updatedb/locate sur /mnt/eole-ci-test présente !
