    PID ---User--- ----------CGroup------------ COMMAND
      2 root       -                            [kthreadd]
      3 root       -                             \_ [pool_workqueue_release]
      4 root       -                             \_ [kworker/R-rcu_g]
      5 root       -                             \_ [kworker/R-rcu_p]
      6 root       -                             \_ [kworker/R-slub_]
      7 root       -                             \_ [kworker/R-netns]
      9 root       -                             \_ [kworker/0:0H-events_highpri]
     11 root       -                             \_ [kworker/u8:0-ext4-rsv-conversion]
     12 root       -                             \_ [kworker/R-mm_pe]
     13 root       -                             \_ [rcu_tasks_kthread]
     14 root       -                             \_ [rcu_tasks_rude_kthread]
     15 root       -                             \_ [rcu_tasks_trace_kthread]
     16 root       -                             \_ [ksoftirqd/0]
     17 root       -                             \_ [rcu_preempt]
     18 root       -                             \_ [migration/0]
     19 root       -                             \_ [idle_inject/0]
     20 root       -                             \_ [cpuhp/0]
     21 root       -                             \_ [cpuhp/1]
     22 root       -                             \_ [idle_inject/1]
     23 root       -                             \_ [migration/1]
     24 root       -                             \_ [ksoftirqd/1]
     26 root       -                             \_ [kworker/1:0H-kblockd]
     27 root       -                             \_ [cpuhp/2]
     28 root       -                             \_ [idle_inject/2]
     29 root       -                             \_ [migration/2]
     30 root       -                             \_ [ksoftirqd/2]
     32 root       -                             \_ [kworker/2:0H-events_highpri]
     33 root       -                             \_ [cpuhp/3]
     34 root       -                             \_ [idle_inject/3]
     35 root       -                             \_ [migration/3]
     36 root       -                             \_ [ksoftirqd/3]
     38 root       -                             \_ [kworker/3:0H-events_highpri]
     43 root       -                             \_ [kdevtmpfs]
     44 root       -                             \_ [kworker/R-inet_]
     45 root       -                             \_ [kauditd]
     47 root       -                             \_ [khungtaskd]
     48 root       -                             \_ [oom_reaper]
     50 root       -                             \_ [kworker/R-write]
     51 root       -                             \_ [kcompactd0]
     52 root       -                             \_ [ksmd]
     54 root       -                             \_ [khugepaged]
     55 root       -                             \_ [kworker/R-kinte]
     56 root       -                             \_ [kworker/R-kbloc]
     57 root       -                             \_ [kworker/R-blkcg]
     58 root       -                             \_ [irq/9-acpi]
     59 root       -                             \_ [kworker/R-tpm_d]
     60 root       -                             \_ [kworker/R-ata_s]
     61 root       -                             \_ [kworker/R-md]
     62 root       -                             \_ [kworker/R-md_bi]
     63 root       -                             \_ [kworker/R-edac-]
     64 root       -                             \_ [kworker/u8:1-ext4-rsv-conversion]
     65 root       -                             \_ [kworker/R-devfr]
     66 root       -                             \_ [watchdogd]
     68 root       -                             \_ [kworker/3:1H-kblockd]
     69 root       -                             \_ [kswapd0]
     70 root       -                             \_ [ecryptfs-kthread]
     71 root       -                             \_ [kworker/R-kthro]
     72 root       -                             \_ [irq/24-aerdrv]
     73 root       -                             \_ [irq/24-pciehp]
     74 root       -                             \_ [irq/25-aerdrv]
     75 root       -                             \_ [irq/25-pciehp]
     76 root       -                             \_ [irq/26-aerdrv]
     77 root       -                             \_ [irq/26-pciehp]
     78 root       -                             \_ [irq/27-aerdrv]
     79 root       -                             \_ [irq/27-pciehp]
     80 root       -                             \_ [irq/28-aerdrv]
     81 root       -                             \_ [irq/28-pciehp]
     82 root       -                             \_ [irq/29-aerdrv]
     83 root       -                             \_ [irq/29-pciehp]
     84 root       -                             \_ [irq/30-aerdrv]
     85 root       -                             \_ [irq/30-pciehp]
     86 root       -                             \_ [irq/31-aerdrv]
     87 root       -                             \_ [irq/31-pciehp]
     88 root       -                             \_ [irq/32-aerdrv]
     89 root       -                             \_ [irq/32-pciehp]
     90 root       -                             \_ [irq/33-aerdrv]
     91 root       -                             \_ [irq/33-pciehp]
     92 root       -                             \_ [kworker/R-acpi_]
     95 root       -                             \_ [scsi_eh_0]
     96 root       -                             \_ [kworker/R-scsi_]
     97 root       -                             \_ [kworker/R-mld]
     99 root       -                             \_ [kworker/2:1H-kblockd]
    101 root       -                             \_ [kworker/R-ipv6_]
    108 root       -                             \_ [kworker/R-kstrp]
    110 root       -                             \_ [kworker/u13:0]
    111 root       -                             \_ [kworker/u14:0]
    112 root       -                             \_ [kworker/u15:0]
    113 root       -                             \_ [kworker/u16:0]
    114 root       -                             \_ [kworker/u17:0]
    120 root       -                             \_ [kworker/R-crypt]
    131 root       -                             \_ [kworker/R-charg]
    157 root       -                             \_ [kworker/0:1H-kblockd]
    171 root       -                             \_ [kworker/1:1H]
    193 root       -                             \_ [scsi_eh_1]
    194 root       -                             \_ [kworker/R-scsi_]
    195 root       -                             \_ [scsi_eh_2]
    196 root       -                             \_ [kworker/R-scsi_]
    215 root       -                             \_ [scsi_eh_3]
    216 root       -                             \_ [kworker/R-scsi_]
    217 root       -                             \_ [scsi_eh_4]
    218 root       -                             \_ [kworker/R-scsi_]
    219 root       -                             \_ [scsi_eh_5]
    220 root       -                             \_ [kworker/R-scsi_]
    221 root       -                             \_ [scsi_eh_6]
    222 root       -                             \_ [kworker/R-scsi_]
    227 root       -                             \_ [kworker/R-ttm]
    263 root       -                             \_ [kworker/R-raid5]
    305 root       -                             \_ [jbd2/sda2-8]
    306 root       -                             \_ [kworker/R-ext4-]
    397 root       -                             \_ [kworker/R-kmpat]
    398 root       -                             \_ [kworker/R-kmpat]
    448 root       -                             \_ [psimon]
    727 root       -                             \_ [kworker/R-nfit]
   1205 root       -                             \_ [kworker/R-cfg80]
   3240 root       -                             \_ [kworker/R-tls-s]
   3361 root       -                             \_ [psimon]
 213529 root       -                             \_ [kworker/3:2-events]
 237804 root       -                             \_ [kworker/2:3-events]
 243403 root       -                             \_ [kworker/u9:2-events_power_efficient]
 244290 root       -                             \_ [kworker/1:0-events]
 244470 root       -                             \_ [kworker/0:2-events]
 244717 root       -                             \_ [kworker/u9:0-events_unbound]
 245019 root       -                             \_ [kworker/u11:2-flush-8:0]
 245122 root       -                             \_ [kworker/u11:0-writeback]
 245290 root       -                             \_ [kworker/u11:1-events_power_efficient]
 245621 root       -                             \_ [kworker/2:0]
 245654 root       -                             \_ [kworker/u12:0-events_freezable_power_]
 245707 root       -                             \_ [kworker/u9:1-events_unbound]
 245856 root       -                             \_ [kworker/u10:3-events_power_efficient]
 246144 root       -                             \_ [kworker/u12:1-events_power_efficient]
 246337 root       -                             \_ [kworker/0:0-cgroup_destroy]
 246504 root       -                             \_ [kworker/1:1-events]
 246771 root       -                             \_ [kworker/u10:2-flush-8:0]
 246913 root       -                             \_ [kworker/3:1]
 247007 root       -                             \_ [kworker/u10:1-flush-8:0]
 247027 root       -                             \_ [kworker/u12:3-events_power_efficient]
 247098 root       -                             \_ [kworker/u10:0-events_unbound]
 247109 root       -                             \_ [kworker/0:1]
 247110 root       -                             \_ [kworker/0:3-cgroup_destroy]
 247168 root       -                             \_ [kworker/u10:4]
      1 root       0::/init.scope               /sbin/init
    364 root       0::/system.slice/systemd-jou /usr/lib/systemd/systemd-journald
    365 root       0::/system.slice/debug-shell /usr/bin/bash
    425 root       0::/system.slice/multipathd. /sbin/multipathd -d -s
    438 root       0::/system.slice/systemd-ude /usr/lib/systemd/systemd-udevd
    747 messagebus 0::/system.slice/dbus.servic @dbus-daemon --system --address=systemd: --nofork --nopidfile --systemd-activation --syslog-only
    755 root       0::/system.slice/networkd-di /usr/bin/python3 /usr/bin/networkd-dispatcher --run-startup-triggers
    757 polkitd    0::/system.slice/polkit.serv /usr/lib/polkit-1/polkitd --no-debug
    760 root       0::/system.slice/systemd-log /usr/lib/systemd/systemd-logind
    761 root       0::/system.slice/udisks2.ser /usr/libexec/udisks2/udisksd
    794 syslog     0::/system.slice/rsyslog.ser /usr/sbin/rsyslogd -n -iNONE
    809 root       0::/system.slice/ModemManage /usr/sbin/ModemManager
   1214 root       0::/system.slice/containerd. /usr/bin/containerd
   1370 root       0::/system.slice/docker.serv /usr/bin/dockerd -H fd:// -H tcp://0.0.0.0:2375 --dns 192.168.0.1 --dns 192.168.232.2
   1373 root       0::/system.slice/cron.servic /usr/sbin/cron -f -P
   1422 root       0::/system.slice/system-gett /sbin/agetty -o -p -- \u --noclear - linux
   1431 root       0::/system.slice/nginx.servi nginx: master process /usr/sbin/nginx -g daemon on; master_process on;
   1433 www-data   0::/system.slice/nginx.servi  \_ nginx: worker process
   1434 www-data   0::/system.slice/nginx.servi  \_ nginx: worker process
   1435 www-data   0::/system.slice/nginx.servi  \_ nginx: worker process
   1436 www-data   0::/system.slice/nginx.servi  \_ nginx: worker process
   1678 root       0::/system.slice/containerd. /usr/bin/containerd-shim-runc-v2 -namespace plugins.moby -id 5301f1db31bb98c9623d5cb7fe16f470ff94c9c5db042da13c5f5844911e0ac6 -address /run/containerd/containerd.sock
   1698 root       0::/system.slice/runc-5301f1  \_ /docker-volume-sshfs
   1954 root       0::/system.slice/EoleCiTests /bin/bash /root/.EoleCiTestsDaemon.sh
 247175 root       0::/system.slice/EoleCiTests  \_ ps xawf -eo pid,user=---User---,cgroup=----------CGroup------------,args
   2263 systemd-n+ 0::/system.slice/systemd-net /usr/lib/systemd/systemd-networkd
   2361 root       0::/system.slice/ssh.service sshd: /usr/sbin/sshd -D [listener] 0 of 10-100 startups
   2531 _chrony    0::/system.slice/chrony.serv /usr/sbin/chronyd -F 1
   2532 _chrony    0::/system.slice/chrony.serv  \_ /usr/sbin/chronyd -F 1
   3193 Debian-ex+ 0::/system.slice/exim4.servi /usr/sbin/exim4 -bdf -q30m
   3364 root       0::/system.slice/JenkinsSlav /usr/lib/jvm/java-21-openjdk-amd64/bin/java -Djenkins.slaves.DefaultJnlpSlaveReceiver.disableStrictVerification=true -jar /home/jenkins/agent.jar -jnlpUrl http://jenkins.eole.lan:8080/jenkins/computer/gw-jenkins5/slave-agent.jnlp -secret 778ac9d5e45ae9a54909ac6589f54f2dd03aedb4d088cae21beaa4d960c29dfb -workDir /home/jenkins
 246597 root       0::/system.slice/JenkinsSlav  \_ /bin/bash -xe /tmp/jenkins2916575832511325590.sh
 246599 root       0::/system.slice/JenkinsSlav      \_ /bin/bash /mnt/eole-ci-tests/jenkins/EoleNebula/runOneTestGG.sh -c TestEoleCi -t etb3-revproxy -v 2.9.0 -a amd64
 246608 root       0::/system.slice/JenkinsSlav          \_ /usr/lib/jvm/java-21-openjdk-amd64/bin/java -Dfile.encoding=UTF-8 -Djava.awt.headless=true -Djava.net.preferIPv4Stack=true -Djava.util.logging.config.file=/home/jenkins/workspace/2.9.0/test-etb3-revproxy-2.9.0-amd64/511/logging.properties -DONE_AUTH=/home/jenkins/.one/one_auth -Duser.home=/home/jenkins/workspace/2.9.0/test-etb3-revproxy-2.9.0-amd64 -Duser.dir=/home/jenkins/workspace/2.9.0/test-etb3-revproxy-2.9.0-amd64/511 -classpath /home/jenkins/workspace/2.9.0/test-etb3-revproxy-2.9.0-amd64/511/lib/* org.eole.Main -e /mnt/eole-ci-tests -c TestEoleCi -t etb3-revproxy -v 2.9.0 -a amd64
   3506 root       0::/system.slice/upower.serv /usr/libexec/upowerd
 246739 dnsmasq    0::/system.slice/dnsmasq.ser /usr/sbin/dnsmasq -x /run/dnsmasq/dnsmasq.pid -u dnsmasq -r /run/dnsmasq/resolv.conf -7 /etc/dnsmasq.d,.dpkg-dist,.dpkg-old,.dpkg-new --local-service --trust-anchor=.,20326,8,2,e06d44b80b8f1d39a95c0b0d7c65d08458e880409bbc683457104237c7f8ec8d
 246740 root       0::/system.slice/dnsmasq.ser  \_ /usr/sbin/dnsmasq -x /run/dnsmasq/dnsmasq.pid -u dnsmasq -r /run/dnsmasq/resolv.conf -7 /etc/dnsmasq.d,.dpkg-dist,.dpkg-old,.dpkg-new --local-service --trust-anchor=.,20326,8,2,e06d44b80b8f1d39a95c0b0d7c65d08458e880409bbc683457104237c7f8ec8d
