Machine gateway-mensr  : Configuration Automatique Gateway DNSMASQ AGENT_JENKINS (17:37:23)
Machine gateway-mensr  : * stop old services
/usr/sbin/dhclient
 systemctl is-active systemd-resolved.service ?  pas de systemd-resolved sur les gateway car c'est DNSMASQ qui fait le job
inactive
Machine gateway-mensr  : * CURRENT IP = 192.168.230.106 et VM_ETH0_IP=192.168.230.106
Machine gateway-mensr  : Gateway pour ktjebbes en cours de démarrage sur 'one'
inactive
Machine gateway-mensr  : ***********************************************************
Machine gateway-mensr  : * IP V4
Machine gateway-mensr  : ***********************************************************
Machine gateway-mensr  : * Workaround docker messing up with our firewall
Machine gateway-mensr  : * Active NAT
Machine gateway-mensr  : * Active DNS par routage des trames sur l'eth1 !
Machine gateway-mensr  : * Workaround BUG 'bad udp checksum' du client dhcp sur Debian 8* Voir https://bugs.debian.org/cgi-bin/bugreport.cgi?bug=717217
iptables -A POSTROUTING -t mangle -o ens5 -p udp --dport bootpc -j CHECKSUM --checksum-fill
Machine gateway-mensr  : * Regle Iptables Filter
-P INPUT ACCEPT
-P FORWARD ACCEPT
-P OUTPUT ACCEPT
-N DOCKER
-N DOCKER-ISOLATION-STAGE-1
-N DOCKER-ISOLATION-STAGE-2
-N DOCKER-USER
-A FORWARD -j DOCKER-USER
-A FORWARD -j DOCKER-ISOLATION-STAGE-1
-A FORWARD -o docker0 -m conntrack --ctstate RELATED,ESTABLISHED -j ACCEPT
-A FORWARD -o docker0 -j DOCKER
-A FORWARD -i docker0 ! -o docker0 -j ACCEPT
-A FORWARD -i docker0 -o docker0 -j ACCEPT
-A FORWARD -i ens4 ! -o ens4 -j ACCEPT
-A FORWARD ! -i ens4 -o ens4 -j ACCEPT
-A FORWARD -i roadwarrior -j ACCEPT
-A FORWARD -o roadwarrior -j ACCEPT
-A DOCKER-ISOLATION-STAGE-1 -i docker0 ! -o docker0 -j DOCKER-ISOLATION-STAGE-2
-A DOCKER-ISOLATION-STAGE-1 -j RETURN
-A DOCKER-ISOLATION-STAGE-2 -o docker0 -j DROP
-A DOCKER-ISOLATION-STAGE-2 -j RETURN
-A DOCKER-USER -j RETURN
Machine gateway-mensr  : * Regle Iptables NAT
-P PREROUTING ACCEPT
-P INPUT ACCEPT
-P OUTPUT ACCEPT
-P POSTROUTING ACCEPT
-N DOCKER
-A PREROUTING -i ens4 -p udp -m udp --dport 53 -j DNAT --to-destination 192.168.227.1
-A PREROUTING -i ens4 -p udp -m udp --dport 53 -j DNAT --to-destination 192.168.0.1
-A PREROUTING -m addrtype --dst-type LOCAL -j DOCKER
-A OUTPUT ! -d 127.0.0.0/8 -m addrtype --dst-type LOCAL -j DOCKER
-A POSTROUTING -s 172.17.0.0/16 ! -o docker0 -j MASQUERADE
-A POSTROUTING -d 192.168.230.254/32 -o ens4 -j SNAT --to-source 192.168.230.106
-A POSTROUTING -d 192.168.230.125/32 -o ens4 -j SNAT --to-source 192.168.230.106
-A POSTROUTING ! -d 192.168.230.0/24 -o ens4 -j SNAT --to-source 192.168.230.106
-A DOCKER -i docker0 -j RETURN
Machine gateway-mensr  : * Regle Iptables MANGLE
-P PREROUTING ACCEPT
-P INPUT ACCEPT
-P FORWARD ACCEPT
-P OUTPUT ACCEPT
-P POSTROUTING ACCEPT
-A POSTROUTING -o ens5 -p udp -m udp --dport 68 -j CHECKSUM --checksum-fill
Machine gateway-mensr  : * Regle Iptables RAW
-P PREROUTING ACCEPT
-P OUTPUT ACCEPT
Machine gateway-mensr  : * Activation Routeur PERSISTANTE
Machine gateway-mensr  : * Vérification Routeur (net.ipv4.ip_forward)
net.ipv4.ip_forward = 1
Machine gateway-mensr  : * Déactivation TCP timestamps CVE (net.ipv4.tcp_timestamps)
net.ipv4.tcp_timestamps = 0
Machine gateway-mensr  : ***********************************************************
Machine gateway-mensr  : * IP V6
Machine gateway-mensr  : ***********************************************************
Machine gateway-mensr  : * Regle Ip6tables Filter
-P INPUT ACCEPT
-P FORWARD ACCEPT
-P OUTPUT ACCEPT
Machine gateway-mensr  : * Regle Ip6tables NAT
-P PREROUTING ACCEPT
-P INPUT ACCEPT
-P OUTPUT ACCEPT
-P POSTROUTING ACCEPT
Machine gateway-mensr  : * Regle Ip6tables MANGLE
-P PREROUTING ACCEPT
-P INPUT ACCEPT
-P FORWARD ACCEPT
-P OUTPUT ACCEPT
-P POSTROUTING ACCEPT
Machine gateway-mensr  : * Regle Ip6tables RAW
-P PREROUTING ACCEPT
-P OUTPUT ACCEPT
Machine gateway-mensr  : * Affiche configuration 'sysctl'
kernel.kptr_restrict = 1                 #/etc/sysctl.d/10-kernel-hardening.conf
kernel.printk = 4 4 1 7                  #/etc/sysctl.d/10-console-messages.conf
kernel.sysrq = 176                       #/etc/sysctl.d/10-magic-sysrq.conf
kernel.yama.ptrace_scope = 1             #/etc/sysctl.d/10-ptrace.conf
net.ipv4.conf.all.rp_filter=2            #/etc/sysctl.d/10-network-security.conf
net.ipv4.conf.default.rp_filter=2        #/etc/sysctl.d/10-network-security.conf
net.ipv4.ip_forward=1                    #/etc/sysctl.d/routeur.conf
net.ipv6.conf.all.disable_ipv6=1         #/etc/sysctl.d/60-disable-ipv6.conf
net.ipv6.conf.all.use_tempaddr = 2       #/etc/sysctl.d/10-ipv6-privacy.conf
net.ipv6.conf.default.disable_ipv6=1     #/etc/sysctl.d/60-disable-ipv6.conf
net.ipv6.conf.default.use_tempaddr = 2   #/etc/sysctl.d/10-ipv6-privacy.conf
net.ipv6.conf.lo.disable_ipv6=1          #/etc/sysctl.d/60-disable-ipv6.conf
vm.mmap_min_addr = 65536                 #/etc/sysctl.d/10-zeropage.conf
               total        used        free      shared  buff/cache   available
Mem:             956         267          72           2         616         542
Swap:           3924           0        3924
* ip route add 172.31.20.0/24 via 192.168.0.39 a ajouter
* ip route add 172.31.21.0/24 via 192.168.0.39 a ajouter
Machine gateway-mensr  : * Affiche Connectivité
    inet 127.0.0.1/8 scope host lo
    inet 192.168.230.106/24 brd 192.168.230.255 scope global ens4
    inet6 fe80::c0ff:fea8:e6e3/64 scope link 
    inet 192.168.0.1/24 brd 192.168.0.255 scope global ens5
    inet6 fe80::c0ff:fea8:69/64 scope link 
    inet 192.168.227.1/24 brd 192.168.227.255 scope global ens6
    inet6 fe80::c0ff:fea8:e364/64 scope link 
    inet 172.17.0.1/16 brd 172.17.255.255 scope global docker0
Machine gateway-mensr  : * Generate keys root/gateway106
Machine gateway-mensr  : * cles SSHD à jour
ssh-rsa AAAAB3NzaC1yc2EAAAADAQABAAABAQDl8QmB1pBMRPseccnfbrneYsNkrbwENiENrTR0h3nVfkyZQ2SB80wD0CCqerWDyKfF2+0cd8TdF67x5cMjmlHNsjNetSC+lWXWD4heBmEA/8HofAMMFtqW1bQ+BAR3NzPUR9mBvoghmbOV8idMZ5fJ4Lg5o4gAZiCc00ut5LlHMfL97Jfou2/vAAWHZ8lztaG+MKygUThP7pRQsyPySyGLdZq1Xykr6NMK3Q8F46IYld34jdIfFUm1hOsB/c4fdK6IliVvxyBIW3+vEtZ3S54I7/NVA4zupMpx6TOogrLHJZYtWgp8rP6hr8ifFikvk+T7dYU8CqpB88j4PJwHDCZx root@gateway106
Machine gateway-mensr  : * restauration SSHD keys from /mnt/eole-ci-tests/security/gateway_keys/root@gateway106_ed25519
Machine gateway-mensr  : * Check /root acl
drwx------
root
root
Machine gateway-mensr  : * right /root OK
Machine gateway-mensr  : * Configure SSHD
Machine gateway-mensr  : * service ssh restart
Machine gateway-mensr  : * Configure SSH client
liste *.conf différentes!
Machine gateway-mensr  : * Vide les exceptions crée par les tests
cp: cannot stat '/tmp/dnsmasq-hostsdir/*.conf': No such file or directory
Machine gateway-mensr  : * nettoye /etc/dnsmasq.d/*.conf
removed '/etc/dnsmasq.d/agent_jenkins.conf'
removed '/etc/dnsmasq.d/dhcp_academie.conf'
removed '/etc/dnsmasq.d/dhcp_rie.conf'
removed '/etc/dnsmasq.d/domaca.conf'
removed '/etc/dnsmasq.d/domhorus.conf'
removed '/etc/dnsmasq.d/domscribe.conf'
removed '/etc/dnsmasq.d/domseth.conf'
removed '/etc/dnsmasq.d/k3d.conf'
removed '/etc/dnsmasq.d/logging.conf'
removed '/etc/dnsmasq.d/pxe.conf'
Machine gateway-mensr  : * copy /tmp/dnsmasq.d/*.conf -> /etc/dnsmasq.d/*.conf
dnsmasq: syntax check OK.
* efface logs gateway
192.168.0.30 dev ens5 lladdr ca:c4:23:54:18:1b used 32/32/11 probes 1 STALE
192.168.0.26 dev ens5 lladdr 02:00:c0:a8:00:64 used 31/25/7 probes 1 STALE
192.168.230.254 dev ens4 lladdr d4:ae:52:ce:2f:16 ref 1 used 4/0/4 probes 1 REACHABLE
192.168.0.31 dev ens5 lladdr 02:00:c0:a8:00:66 ref 1 used 3/3/3 probes 1 REACHABLE
192.168.0.100 dev ens5 lladdr 02:00:c0:a8:00:65 used 37/97/37 probes 0 STALE
192.168.0.101 dev ens5 lladdr 02:00:c0:a8:00:67 used 37/97/37 probes 0 STALE

*** Round 1, deleting 6 entries ***
*** Flush is complete after 1 round ***
* Verification 'gateway.ac-test.fr'        : 192.168.0.1
* Vérification du Forward vers Hestia      : 192.168.232.2
PING hestia.eole.lan (192.168.232.2) 56(84) bytes of data.

--- hestia.eole.lan ping statistics ---
1 packets transmitted, 0 received, 100% packet loss, time 0ms

Machine gateway-mensr  : * Inject resolv.conf
Machine gateway-mensr  : * Démarrage DNSMASQ
active
● dnsmasq.service - dnsmasq - A lightweight DHCP and caching DNS server
     Loaded: loaded (/lib/systemd/system/dnsmasq.service; enabled; vendor preset: enabled)
     Active: active (running) since Thu 2024-07-18 17:37:24 CEST; 12s ago
    Process: 1808 ExecStartPre=/etc/init.d/dnsmasq checkconfig (code=exited, status=0/SUCCESS)
    Process: 1817 ExecStart=/etc/init.d/dnsmasq systemd-exec (code=exited, status=0/SUCCESS)
    Process: 1827 ExecStartPost=/etc/init.d/dnsmasq systemd-start-resolvconf (code=exited, status=0/SUCCESS)
   Main PID: 1825 (dnsmasq)
      Tasks: 2 (limit: 1012)
     Memory: 1.2M
        CPU: 63ms
     CGroup: /system.slice/dnsmasq.service
             ├─1825 /usr/sbin/dnsmasq -x /run/dnsmasq/dnsmasq.pid -u dnsmasq -7 /etc/dnsmasq.d,.dpkg-dist,.dpkg-old,.dpkg-new --local-service --trust-anchor=.,20326,8,2,e06d44b80b8f1d39a95c0b0d7c65d08458e880409bbc683457104237c7f8ec8d
             └─1826 /usr/sbin/dnsmasq -x /run/dnsmasq/dnsmasq.pid -u dnsmasq -7 /etc/dnsmasq.d,.dpkg-dist,.dpkg-old,.dpkg-new --local-service --trust-anchor=.,20326,8,2,e06d44b80b8f1d39a95c0b0d7c65d08458e880409bbc683457104237c7f8ec8d

juil. 18 17:37:26 gateway106 dnsmasq[1825]: query[A] gateway.ac-test.fr from 192.168.0.1
juil. 18 17:37:26 gateway106 dnsmasq[1825]: forwarded gateway.ac-test.fr to 192.168.232.2
juil. 18 17:37:26 gateway106 dnsmasq[1825]: reply gateway.ac-test.fr is 192.168.0.1
juil. 18 17:37:26 gateway106 dnsmasq[1825]: query[A] hestia.eole.lan from 192.168.0.1
juil. 18 17:37:26 gateway106 dnsmasq[1825]: forwarded hestia.eole.lan to 192.168.232.2
juil. 18 17:37:26 gateway106 dnsmasq[1825]: reply hestia.eole.lan is 192.168.232.2
juil. 18 17:37:26 gateway106 dnsmasq[1825]: query[A] hestia.eole.lan from 127.0.0.1
juil. 18 17:37:26 gateway106 dnsmasq[1825]: cached hestia.eole.lan is 192.168.232.2
juil. 18 17:37:26 gateway106 dnsmasq[1825]: query[AAAA] hestia.eole.lan from 127.0.0.1
juil. 18 17:37:26 gateway106 dnsmasq[1825]: forwarded hestia.eole.lan to 192.168.232.2
Failed to get link data for 2: Unit dbus-org.freedesktop.resolve1.service not found.
* Update ens4 vers Dnsmasq local
Machine gateway-mensr  : * Redémarrage DNSMASQ
● dnsmasq.service - dnsmasq - A lightweight DHCP and caching DNS server
     Loaded: loaded (/lib/systemd/system/dnsmasq.service; enabled; vendor preset: enabled)
     Active: active (running) since Thu 2024-07-18 17:37:37 CEST; 8ms ago
    Process: 1860 ExecStartPre=/etc/init.d/dnsmasq checkconfig (code=exited, status=0/SUCCESS)
    Process: 1868 ExecStart=/etc/init.d/dnsmasq systemd-exec (code=exited, status=0/SUCCESS)
    Process: 1878 ExecStartPost=/etc/init.d/dnsmasq systemd-start-resolvconf (code=exited, status=0/SUCCESS)
   Main PID: 1876 (dnsmasq)
      Tasks: 2 (limit: 1012)
     Memory: 1.8M
        CPU: 49ms
     CGroup: /system.slice/dnsmasq.service
             ├─1876 /usr/sbin/dnsmasq -x /run/dnsmasq/dnsmasq.pid -u dnsmasq -7 /etc/dnsmasq.d,.dpkg-dist,.dpkg-old,.dpkg-new --local-service --trust-anchor=.,20326,8,2,e06d44b80b8f1d39a95c0b0d7c65d08458e880409bbc683457104237c7f8ec8d
             └─1877 /usr/sbin/dnsmasq -x /run/dnsmasq/dnsmasq.pid -u dnsmasq -7 /etc/dnsmasq.d,.dpkg-dist,.dpkg-old,.dpkg-new --local-service --trust-anchor=.,20326,8,2,e06d44b80b8f1d39a95c0b0d7c65d08458e880409bbc683457104237c7f8ec8d

juil. 18 17:37:36 gateway106 dnsmasq-dhcp[1876]: DHCP, IP range 192.168.0.100 -- 192.168.0.199, lease time 2h
juil. 18 17:37:36 gateway106 dnsmasq-tftp[1876]: TFTP root is /var/lib/tftpboot/
juil. 18 17:37:36 gateway106 dnsmasq[1876]: using nameserver 192.168.0.73#53 for domain domaca.ac-test.fr
juil. 18 17:37:36 gateway106 dnsmasq[1876]: using nameserver 192.168.0.29#53 for domain domhorus.ac-test.fr
juil. 18 17:37:36 gateway106 dnsmasq[1876]: using nameserver 192.168.0.30#53 for domain domscribe.ac-test.fr
juil. 18 17:37:36 gateway106 dnsmasq[1876]: using nameserver 192.168.0.5#53 for domain domseth.ac-test.fr
juil. 18 17:37:36 gateway106 dnsmasq[1876]: using nameserver 192.168.0.6#53 for domain domseth.ac-test.fr
juil. 18 17:37:36 gateway106 dnsmasq[1876]: using nameserver 192.168.232.2#53(via ens4)
juil. 18 17:37:36 gateway106 dnsmasq[1876]: read /etc/hosts - 8 addresses
juil. 18 17:37:37 gateway106 systemd[1]: Started dnsmasq - A lightweight DHCP and caching DNS server.
dns local NOK
Machine gateway-mensr  : * status systemd-timesyncd
               Local time: jeu. 2024-07-18 17:37:37 CEST
           Universal time: jeu. 2024-07-18 15:37:37 UTC
                 RTC time: jeu. 2024-07-18 15:37:37
                Time zone: Europe/Paris (CEST, +0200)
System clock synchronized: yes
              NTP service: active
          RTC in local TZ: no
Machine gateway-mensr  : * Configuration chrony
Machine gateway-mensr  : * Démarrage Chronyd
alias
● chrony.service - chrony, an NTP client/server
     Loaded: loaded (/lib/systemd/system/chrony.service; enabled; vendor preset: enabled)
     Active: active (running) since Thu 2024-07-18 17:37:37 CEST; 9ms ago
       Docs: man:chronyd(8)
             man:chronyc(1)
             man:chrony.conf(5)
    Process: 1900 ExecStart=/usr/lib/systemd/scripts/chronyd-starter.sh $DAEMON_OPTS (code=exited, status=0/SUCCESS)
   Main PID: 1909 (chronyd)
      Tasks: 2 (limit: 1012)
     Memory: 1.8M
        CPU: 61ms
     CGroup: /system.slice/chrony.service
             ├─1909 /usr/sbin/chronyd -F 1
             └─1910 /usr/sbin/chronyd -F 1

juil. 18 17:37:37 gateway106 systemd[1]: Starting chrony, an NTP client/server...
juil. 18 17:37:37 gateway106 chronyd[1909]: chronyd version 4.2 starting (+CMDMON +NTP +REFCLOCK +RTC +PRIVDROP +SCFILTER +SIGND +ASYNCDNS +NTS +SECHASH +IPV6 -DEBUG)
juil. 18 17:37:37 gateway106 chronyd[1909]: Frequency -41.060 +/- 0.014 ppm read from /var/lib/chrony/chrony.drift
juil. 18 17:37:37 gateway106 chronyd[1909]: Loaded seccomp filter (level 1)
juil. 18 17:37:37 gateway106 systemd[1]: Started chrony, an NTP client/server.
Machine gateway-mensr  : * Démarrage Chrony
enabled
● chrony.service - chrony, an NTP client/server
     Loaded: loaded (/lib/systemd/system/chrony.service; enabled; vendor preset: enabled)
     Active: active (running) since Thu 2024-07-18 17:37:37 CEST; 39ms ago
       Docs: man:chronyd(8)
             man:chronyc(1)
             man:chrony.conf(5)
    Process: 1900 ExecStart=/usr/lib/systemd/scripts/chronyd-starter.sh $DAEMON_OPTS (code=exited, status=0/SUCCESS)
   Main PID: 1909 (chronyd)
      Tasks: 2 (limit: 1012)
     Memory: 1.2M
        CPU: 61ms
     CGroup: /system.slice/chrony.service
             ├─1909 /usr/sbin/chronyd -F 1
             └─1910 /usr/sbin/chronyd -F 1

juil. 18 17:37:37 gateway106 systemd[1]: Starting chrony, an NTP client/server...
juil. 18 17:37:37 gateway106 chronyd[1909]: chronyd version 4.2 starting (+CMDMON +NTP +REFCLOCK +RTC +PRIVDROP +SCFILTER +SIGND +ASYNCDNS +NTS +SECHASH +IPV6 -DEBUG)
juil. 18 17:37:37 gateway106 chronyd[1909]: Frequency -41.060 +/- 0.014 ppm read from /var/lib/chrony/chrony.drift
juil. 18 17:37:37 gateway106 chronyd[1909]: Loaded seccomp filter (level 1)
juil. 18 17:37:37 gateway106 systemd[1]: Started chrony, an NTP client/server.
Machine gateway-mensr  : * Test 'chronyc tracking'
Reference ID    : 7F7F0101 ()
Stratum         : 10
Ref time (UTC)  : Thu Jul 18 15:37:36 2024
System time     : 0.000000000 seconds fast of NTP time
Last offset     : +0.000000000 seconds
RMS offset      : 0.000000000 seconds
Frequency       : 41.060 ppm slow
Residual freq   : +0.000 ppm
Skew            : 0.000 ppm
Root delay      : 0.000000000 seconds
Root dispersion : 0.000000000 seconds
Update interval : 0.0 seconds
Leap status     : Normal
Machine gateway-mensr  : * Test 'chronyc sourcestats'
Name/IP Address            NP  NR  Span  Frequency  Freq Skew  Offset  Std Dev
==============================================================================
192.168.232.2               0   0     0     +0.000   2000.000     +0ns  4000ms
Machine gateway-mensr  : * Add roadwarrior GRE tunnel
Machine gateway-mensr  : * Activation Ecoute tcp DOCKER ?
ExecStart=/usr/bin/dockerd -H fd:// -H tcp://0.0.0.0:2375 --dns 192.168.0.1 --dns 192.168.232.2
root        1276  1.2  8.0 1540616 78452 ?       Ssl  17:36   0:00 /usr/bin/dockerd -H fd:// -H tcp://0.0.0.0:2375 --dns 192.168.0.1 --dns 192.168.232.2
root        1946  0.0  0.2   6756  2620 ?        S    17:37   0:00 grep dockerd
Machine gateway-mensr  : * création /etc/email-addresses
Machine gateway-mensr  : * création /etc/aliases
Machine gateway-mensr  : * création /etc/exim4/update-exim4.conf.conf
Machine gateway-mensr  : * réécriture des adresses mails (/etc/exim4/conf.d/rewrite/40_exim4-config_rewrite_ac-test)
Machine gateway-mensr  : * cat /var/log/exim4/paniclog avant reset !
/bin/rm: cannot remove '/var/log/exim4/paniclog': Operation not permitted
touch: setting times of '/var/log/exim4/paniclog': Operation not permitted
Machine gateway-mensr  : * restart Exim4
/usr/bin/mail
Machine gateway-mensr  : * test mail to USER
Machine gateway-mensr  : * netstat 
Machine gateway-mensr  : ERREUR: ecoute :25 NOK
Machine gateway-mensr  : * exchange agent -> jenkins
Machine gateway-mensr  : * Inject projet eclipse pour montage direct ide / gateway
Machine gateway-mensr  : * ssh test 
Machine gateway-mensr  : * scp .one 
total 8
-rw-r--r-- 1 root root 19 juil. 18 17:37 one_auth
-rw-r--r-- 1 root root 65 déc.   6  2022 token
Machine gateway-mensr  : * extract user from one_auth 
ktjebbes
Machine gateway-mensr  : * connexion avec agent JNPL car token trouvé 
activating
Machine gateway-mensr  : * Téléchargement Jenkins agent
--2024-07-18 17:37:39--  http://jenkins.eole.lan/jenkins/jnlpJars/jenkins-cli.jar
Resolving jenkins.eole.lan (jenkins.eole.lan)... 192.168.10.141
Connecting to jenkins.eole.lan (jenkins.eole.lan)|192.168.10.141|:80... connected.
HTTP request sent, awaiting response... 301 Moved Permanently
Location: https://dev-eole.ac-dijon.fr/jenkins/jnlpJars/jenkins-cli.jar [following]
--2024-07-18 17:37:39--  https://dev-eole.ac-dijon.fr/jenkins/jnlpJars/jenkins-cli.jar
Resolving dev-eole.ac-dijon.fr (dev-eole.ac-dijon.fr)... 194.167.18.22
Connecting to dev-eole.ac-dijon.fr (dev-eole.ac-dijon.fr)|194.167.18.22|:443... connected.
HTTP request sent, awaiting response... 200 OK
Length: 3641513 (3,5M) [application/java-archive]
Saving to: ‘/home/jenkins/jenkins-cli1.jar’

     0K .......... .......... .......... .......... ..........  1% 3,59M 1s
    50K .......... .......... .......... .......... ..........  2% 2,25M 1s
   100K .......... .......... .......... .......... ..........  4% 3,44M 1s
   150K .......... .......... .......... .......... ..........  5% 2,48M 1s
   200K .......... .......... .......... .......... ..........  7% 3,11M 1s
   250K .......... .......... .......... .......... ..........  8% 3,59M 1s
   300K .......... .......... .......... .......... ..........  9% 3,02M 1s
   350K .......... .......... .......... .......... .......... 11% 2,27M 1s
   400K .......... .......... .......... .......... .......... 12% 3,78M 1s
   450K .......... .......... .......... .......... .......... 14% 3,62M 1s
   500K .......... .......... .......... .......... .......... 15% 3,87M 1s
   550K .......... .......... .......... .......... .......... 16% 2,63M 1s
   600K .......... .......... .......... .......... .......... 18% 4,07M 1s
   650K .......... .......... .......... .......... .......... 19% 3,58M 1s
   700K .......... .......... .......... .......... .......... 21% 3,47M 1s
   750K .......... .......... .......... .......... .......... 22% 3,37M 1s
   800K .......... .......... .......... .......... .......... 23% 3,67M 1s
   850K .......... .......... .......... .......... .......... 25% 3,64M 1s
   900K .......... .......... .......... .......... .......... 26% 3,55M 1s
   950K .......... .......... .......... .......... .......... 28% 3,69M 1s
  1000K .......... .......... .......... .......... .......... 29% 3,43M 1s
  1050K .......... .......... .......... .......... .......... 30% 3,64M 1s
  1100K .......... .......... .......... .......... .......... 32% 1,77M 1s
  1150K .......... .......... .......... .......... .......... 33% 1,55M 1s
  1200K .......... .......... .......... .......... .......... 35% 3,19M 1s
  1250K .......... .......... .......... .......... .......... 36% 3,67M 1s
  1300K .......... .......... .......... .......... .......... 37% 3,30M 1s
  1350K .......... .......... .......... .......... .......... 39% 2,78M 1s
  1400K .......... .......... .......... .......... .......... 40% 2,61M 1s
  1450K .......... .......... .......... .......... .......... 42% 2,86M 1s
  1500K .......... .......... .......... .......... .......... 43% 1,95M 1s
  1550K .......... .......... .......... .......... .......... 44% 3,05M 1s
  1600K .......... .......... .......... .......... .......... 46% 2,37M 1s
  1650K .......... .......... .......... .......... .......... 47% 2,45M 1s
  1700K .......... .......... .......... .......... .......... 49% 2,72M 1s
  1750K .......... .......... .......... .......... .......... 50% 2,00M 1s
  1800K .......... .......... .......... .......... .......... 52% 2,62M 1s
  1850K .......... .......... .......... .......... .......... 53% 3,75M 1s
  1900K .......... .......... .......... .......... .......... 54% 3,21M 1s
  1950K .......... .......... .......... .......... .......... 56% 2,87M 1s
  2000K .......... .......... .......... .......... .......... 57% 2,78M 1s
  2050K .......... .......... .......... .......... .......... 59% 2,93M 0s
  2100K .......... .......... .......... .......... .......... 60% 2,04M 0s
  2150K .......... .......... .......... .......... .......... 61% 2,82M 0s
  2200K .......... .......... .......... .......... .......... 63% 2,19M 0s
  2250K .......... .......... .......... .......... .......... 64% 3,79M 0s
  2300K .......... .......... .......... .......... .......... 66% 3,16M 0s
  2350K .......... .......... .......... .......... .......... 67% 3,12M 0s
  2400K .......... .......... .......... .......... .......... 68% 3,78M 0s
  2450K .......... .......... .......... .......... .......... 70% 2,41M 0s
  2500K .......... .......... .......... .......... .......... 71% 3,55M 0s
  2550K .......... .......... .......... .......... .......... 73% 3,26M 0s
  2600K .......... .......... .......... .......... .......... 74% 2,97M 0s
  2650K .......... .......... .......... .......... .......... 75% 3,37M 0s
  2700K .......... .......... .......... .......... .......... 77% 3,30M 0s
  2750K .......... .......... .......... .......... .......... 78% 2,61M 0s
  2800K .......... .......... .......... .......... .......... 80% 3,20M 0s
  2850K .......... .......... .......... .......... .......... 81% 3,38M 0s
  2900K .......... .......... .......... .......... .......... 82% 2,62M 0s
  2950K .......... .......... .......... .......... .......... 84% 2,90M 0s
  3000K .......... .......... .......... .......... .......... 85% 3,48M 0s
  3050K .......... .......... .......... .......... .......... 87% 3,03M 0s
  3100K .......... .......... .......... .......... .......... 88% 3,19M 0s
  3150K .......... .......... .......... .......... .......... 89% 2,84M 0s
  3200K .......... .......... .......... .......... .......... 91% 2,45M 0s
  3250K .......... .......... .......... .......... .......... 92% 2,49M 0s
  3300K .......... .......... .......... .......... .......... 94% 2,58M 0s
  3350K .......... .......... .......... .......... .......... 95% 3,04M 0s
  3400K .......... .......... .......... .......... .......... 97% 3,89M 0s
  3450K .......... .......... .......... .......... .......... 98% 2,00M 0s
  3500K .......... .......... .......... .......... .......... 99% 2,39M 0s
  3550K ......                                                100% 1,72M=1,2s

2024-07-18 17:37:40 (2,88 MB/s) - ‘/home/jenkins/jenkins-cli1.jar’ saved [3641513/3641513]

--2024-07-18 17:37:41--  http://jenkins.eole.lan/jenkins/jnlpJars/agent.jar
Resolving jenkins.eole.lan (jenkins.eole.lan)... 192.168.10.141
Connecting to jenkins.eole.lan (jenkins.eole.lan)|192.168.10.141|:80... connected.
HTTP request sent, awaiting response... 301 Moved Permanently
Location: https://dev-eole.ac-dijon.fr/jenkins/jnlpJars/agent.jar [following]
--2024-07-18 17:37:41--  https://dev-eole.ac-dijon.fr/jenkins/jnlpJars/agent.jar
Resolving dev-eole.ac-dijon.fr (dev-eole.ac-dijon.fr)... 194.167.18.22
Connecting to dev-eole.ac-dijon.fr (dev-eole.ac-dijon.fr)|194.167.18.22|:443... connected.
HTTP request sent, awaiting response... 200 OK
Length: 1369595 (1,3M) [application/java-archive]
Saving to: ‘/home/jenkins/agent1.jar’

     0K .......... .......... .......... .......... ..........  3% 2,50M 1s
    50K .......... .......... .......... .......... ..........  7% 2,83M 0s
   100K .......... .......... .......... .......... .......... 11% 3,87M 0s
   150K .......... .......... .......... .......... .......... 14% 2,21M 0s
   200K .......... .......... .......... .......... .......... 18% 3,56M 0s
   250K .......... .......... .......... .......... .......... 22% 2,73M 0s
   300K .......... .......... .......... .......... .......... 26% 2,86M 0s
   350K .......... .......... .......... .......... .......... 29% 3,27M 0s
   400K .......... .......... .......... .......... .......... 33% 3,44M 0s
   450K .......... .......... .......... .......... .......... 37% 2,71M 0s
   500K .......... .......... .......... .......... .......... 41% 3,37M 0s
   550K .......... .......... .......... .......... .......... 44% 3,08M 0s
   600K .......... .......... .......... .......... .......... 48% 2,98M 0s
   650K .......... .......... .......... .......... .......... 52% 3,54M 0s
   700K .......... .......... .......... .......... .......... 56% 4,11M 0s
   750K .......... .......... .......... .......... .......... 59% 3,49M 0s
   800K .......... .......... .......... .......... .......... 63% 3,00M 0s
   850K .......... .......... .......... .......... .......... 67% 3,67M 0s
   900K .......... .......... .......... .......... .......... 71% 3,69M 0s
   950K .......... .......... .......... .......... .......... 74% 3,33M 0s
  1000K .......... .......... .......... .......... .......... 78% 3,53M 0s
  1050K .......... .......... .......... .......... .......... 82% 3,52M 0s
  1100K .......... .......... .......... .......... .......... 85% 3,48M 0s
  1150K .......... .......... .......... .......... .......... 89% 2,97M 0s
  1200K .......... .......... .......... .......... .......... 93% 1,98M 0s
  1250K .......... .......... .......... .......... .......... 97% 1,85M 0s
  1300K .......... .......... .......... .......              100% 2,42M=0,4s

2024-07-18 17:37:42 (3,00 MB/s) - ‘/home/jenkins/agent1.jar’ saved [1369595/1369595]

Machine gateway-mensr  : * Install Jenkins Slave Agent Services
Machine gateway-mensr  : * Creation service jenkins slave
[Unit]
Description=Jenkins Slave Agent Services
After=multi-user.target

[Service]
Type=simple
Restart=always
EnvironmentFile=/etc/default/JenkinsSlave
ExecStart=/usr/lib/jvm/java-17-openjdk-amd64/bin/java -Djenkins.slaves.DefaultJnlpSlaveReceiver.disableStrictVerification=true -jar /home/jenkins/agent.jar -jnlpUrl http://jenkins.eole.lan:8080/jenkins/computer/gw-ktjebbes/slave-agent.jnlp -secret ******************** -workDir /home/jenkins
RestartSec=5min
TimeoutStartSec=1min
SuccessExitStatus=143

[Install]
WantedBy=multi-user.target
Machine gateway-mensr  : * enable service systemd : JenkinsSlave
Machine gateway-mensr  : * Start service systemd : JenkinsSlave
0
Machine gateway-mensr  : * Attente 30 secondes
active
Machine gateway-mensr  : * Affiche log
juil. 18 17:37:24 gateway106 java[1519]: juil. 18, 2024 5:37:24 PM org.jenkinsci.remoting.engine.JnlpAgentEndpointResolver resolve
juil. 18 17:37:24 gateway106 java[1519]: INFOS: Remoting server accepts the following protocols: [JNLP4-connect, Ping]
juil. 18 17:37:24 gateway106 java[1519]: juil. 18, 2024 5:37:24 PM org.jenkinsci.remoting.engine.JnlpAgentEndpointResolver isPortVisible
juil. 18 17:37:24 gateway106 java[1519]: AVERTISSEMENT: Connection refused (Connection refused)
juil. 18 17:37:24 gateway106 java[1519]: juil. 18, 2024 5:37:24 PM hudson.remoting.jnlp.Main$CuiListener error
juil. 18 17:37:24 gateway106 java[1519]: GRAVE: https://dev-eole.ac-dijon.fr/jenkins/ provided port:50000 is not reachable on host dev-eole.ac-dijon.fr
juil. 18 17:37:24 gateway106 java[1519]: java.io.IOException: https://dev-eole.ac-dijon.fr/jenkins/ provided port:50000 is not reachable on host dev-eole.ac-dijon.fr
juil. 18 17:37:24 gateway106 java[1519]:         at org.jenkinsci.remoting.engine.JnlpAgentEndpointResolver.resolve(JnlpAgentEndpointResolver.java:303)
juil. 18 17:37:24 gateway106 java[1519]:         at hudson.remoting.Engine.innerRun(Engine.java:760)
juil. 18 17:37:24 gateway106 java[1519]:         at hudson.remoting.Engine.run(Engine.java:543)
juil. 18 17:37:24 gateway106 systemd[1]: JenkinsSlave.service: Main process exited, code=exited, status=255/EXCEPTION
░░ Subject: Unit process exited
░░ Defined-By: systemd
░░ Support: http://www.ubuntu.com/support
░░ 
░░ An ExecStart= process belonging to unit JenkinsSlave.service has exited.
░░ 
░░ The process' exit code is 'exited' and its exit status is 255.
juil. 18 17:37:24 gateway106 systemd[1]: JenkinsSlave.service: Failed with result 'exit-code'.
░░ Subject: Unit failed
░░ Defined-By: systemd
░░ Support: http://www.ubuntu.com/support
░░ 
░░ The unit JenkinsSlave.service has entered the 'failed' state with result 'exit-code'.
juil. 18 17:37:24 gateway106 systemd[1]: JenkinsSlave.service: Consumed 2.041s CPU time.
░░ Subject: Ressources consommées durant l'éxécution de l'unité (unit)
░░ Defined-By: systemd
░░ Support: http://www.ubuntu.com/support
░░ 
░░ L'unité (unit) JenkinsSlave.service s'est arrêtée et a consommé les ressources indiquées.
juil. 18 17:42:25 gateway106 systemd[1]: JenkinsSlave.service: Scheduled restart job, restart counter is at 1.
░░ Subject: Le redémarrage automatique d'une unité (unit) a été planifié
░░ Defined-By: systemd
░░ Support: http://www.ubuntu.com/support
░░ 
░░ Le redémarrage automatique de l'unité (unit) JenkinsSlave.service a été planifié, en
░░ raison de sa configuration avec le paramètre Restart=.
juil. 18 17:42:25 gateway106 systemd[1]: Stopped Jenkins Slave Agent Services.
░░ Subject: L'unité (unit) JenkinsSlave.service a terminé son arrêt
░░ Defined-By: systemd
░░ Support: http://www.ubuntu.com/support
░░ 
░░ L'unité (unit) JenkinsSlave.service a terminé son arrêt.
juil. 18 17:42:25 gateway106 systemd[1]: JenkinsSlave.service: Consumed 2.041s CPU time.
░░ Subject: Ressources consommées durant l'éxécution de l'unité (unit)
░░ Defined-By: systemd
░░ Support: http://www.ubuntu.com/support
░░ 
░░ L'unité (unit) JenkinsSlave.service s'est arrêtée et a consommé les ressources indiquées.
juil. 18 17:42:25 gateway106 systemd[1]: Started Jenkins Slave Agent Services.
░░ Subject: L'unité (unit) JenkinsSlave.service a terminé son démarrage
░░ Defined-By: systemd
░░ Support: http://www.ubuntu.com/support
░░ 
░░ L'unité (unit) JenkinsSlave.service a terminé son démarrage, avec le résultat done.
juil. 18 17:42:25 gateway106 java[2479]: WARNING: The "-jnlpUrl" argument is deprecated. Use "-url" and "-name" instead, potentially also passing in "-webSocket", "-tunnel", and/or work directory options as needed.
juil. 18 17:42:25 gateway106 java[2479]: juil. 18, 2024 5:42:25 PM org.jenkinsci.remoting.engine.WorkDirManager initializeWorkDir
juil. 18 17:42:25 gateway106 java[2479]: INFOS: Using /home/jenkins/remoting as a remoting work directory
juil. 18 17:42:25 gateway106 java[2479]: juil. 18, 2024 5:42:25 PM org.jenkinsci.remoting.engine.WorkDirManager setupLogging
juil. 18 17:42:25 gateway106 java[2479]: INFOS: Both error and output logs will be printed to /home/jenkins/remoting
juil. 18 17:42:25 gateway106 java[2479]: juil. 18, 2024 5:42:25 PM hudson.remoting.Launcher createEngine
juil. 18 17:42:25 gateway106 java[2479]: INFOS: Setting up agent: gw-ktjebbes
juil. 18 17:42:25 gateway106 java[2479]: juil. 18, 2024 5:42:25 PM hudson.remoting.Engine startEngine
juil. 18 17:42:25 gateway106 java[2479]: INFOS: Using Remoting version: 3206.vb_15dcf73f6a_9
juil. 18 17:42:25 gateway106 java[2479]: juil. 18, 2024 5:42:25 PM org.jenkinsci.remoting.engine.WorkDirManager initializeWorkDir
juil. 18 17:42:25 gateway106 java[2479]: INFOS: Using /home/jenkins/remoting as a remoting work directory
juil. 18 17:42:25 gateway106 java[2479]: juil. 18, 2024 5:42:25 PM hudson.remoting.Launcher$CuiListener status
juil. 18 17:42:25 gateway106 java[2479]: INFOS: Locating server among [https://dev-eole.ac-dijon.fr/jenkins/]
juil. 18 17:42:26 gateway106 java[2479]: juil. 18, 2024 5:42:26 PM org.jenkinsci.remoting.engine.JnlpAgentEndpointResolver resolve
juil. 18 17:42:26 gateway106 java[2479]: INFOS: Remoting server accepts the following protocols: [JNLP4-connect, Ping]
juil. 18 17:42:26 gateway106 java[2479]: juil. 18, 2024 5:42:26 PM org.jenkinsci.remoting.engine.JnlpAgentEndpointResolver isPortVisible
juil. 18 17:42:26 gateway106 java[2479]: AVERTISSEMENT: Connection refused
juil. 18 17:42:26 gateway106 java[2479]: juil. 18, 2024 5:42:26 PM hudson.remoting.Launcher$CuiListener status
juil. 18 17:42:26 gateway106 java[2479]: INFOS: Could not locate server among [https://dev-eole.ac-dijon.fr/jenkins/]; waiting 10 seconds before retry
juil. 18 17:42:26 gateway106 java[2479]: java.io.IOException: https://dev-eole.ac-dijon.fr/jenkins/ provided port:50000 is not reachable on host dev-eole.ac-dijon.fr
juil. 18 17:42:26 gateway106 java[2479]:         at org.jenkinsci.remoting.engine.JnlpAgentEndpointResolver.resolve(JnlpAgentEndpointResolver.java:304)
juil. 18 17:42:26 gateway106 java[2479]:         at hudson.remoting.Engine.innerRun(Engine.java:809)
juil. 18 17:42:26 gateway106 java[2479]:         at hudson.remoting.Engine.run(Engine.java:563)
juil. 18 17:42:36 gateway106 java[2479]: juil. 18, 2024 5:42:36 PM hudson.remoting.Launcher$CuiListener status
juil. 18 17:42:36 gateway106 java[2479]: INFOS: Locating server among [https://dev-eole.ac-dijon.fr/jenkins/]
juil. 18 17:42:36 gateway106 java[2479]: juil. 18, 2024 5:42:36 PM org.jenkinsci.remoting.engine.JnlpAgentEndpointResolver resolve
juil. 18 17:42:36 gateway106 java[2479]: INFOS: Remoting server accepts the following protocols: [JNLP4-connect, Ping]
juil. 18 17:42:36 gateway106 java[2479]: juil. 18, 2024 5:42:36 PM org.jenkinsci.remoting.engine.JnlpAgentEndpointResolver isPortVisible
juil. 18 17:42:36 gateway106 java[2479]: AVERTISSEMENT: Connection refused
juil. 18 17:42:36 gateway106 java[2479]: juil. 18, 2024 5:42:36 PM hudson.remoting.Launcher$CuiListener status
juil. 18 17:42:36 gateway106 java[2479]: INFOS: Could not locate server among [https://dev-eole.ac-dijon.fr/jenkins/]; waiting 10 seconds before retry
juil. 18 17:42:36 gateway106 java[2479]: java.io.IOException: https://dev-eole.ac-dijon.fr/jenkins/ provided port:50000 is not reachable on host dev-eole.ac-dijon.fr
juil. 18 17:42:36 gateway106 java[2479]:         at org.jenkinsci.remoting.engine.JnlpAgentEndpointResolver.resolve(JnlpAgentEndpointResolver.java:304)
juil. 18 17:42:36 gateway106 java[2479]:         at hudson.remoting.Engine.innerRun(Engine.java:809)
juil. 18 17:42:36 gateway106 java[2479]:         at hudson.remoting.Engine.run(Engine.java:563)
juil. 18 17:42:46 gateway106 java[2479]: juil. 18, 2024 5:42:46 PM hudson.remoting.Launcher$CuiListener status
juil. 18 17:42:46 gateway106 java[2479]: INFOS: Locating server among [https://dev-eole.ac-dijon.fr/jenkins/]
juil. 18 17:42:46 gateway106 java[2479]: juil. 18, 2024 5:42:46 PM org.jenkinsci.remoting.engine.JnlpAgentEndpointResolver resolve
juil. 18 17:42:46 gateway106 java[2479]: INFOS: Remoting server accepts the following protocols: [JNLP4-connect, Ping]
juil. 18 17:42:46 gateway106 java[2479]: juil. 18, 2024 5:42:46 PM org.jenkinsci.remoting.engine.JnlpAgentEndpointResolver isPortVisible
juil. 18 17:42:46 gateway106 java[2479]: AVERTISSEMENT: Connection refused
juil. 18 17:42:46 gateway106 java[2479]: juil. 18, 2024 5:42:46 PM hudson.remoting.Launcher$CuiListener status
juil. 18 17:42:46 gateway106 java[2479]: INFOS: Could not locate server among [https://dev-eole.ac-dijon.fr/jenkins/]; waiting 10 seconds before retry
juil. 18 17:42:46 gateway106 java[2479]: java.io.IOException: https://dev-eole.ac-dijon.fr/jenkins/ provided port:50000 is not reachable on host dev-eole.ac-dijon.fr
juil. 18 17:42:46 gateway106 java[2479]:         at org.jenkinsci.remoting.engine.JnlpAgentEndpointResolver.resolve(JnlpAgentEndpointResolver.java:304)
juil. 18 17:42:46 gateway106 java[2479]:         at hudson.remoting.Engine.innerRun(Engine.java:809)
juil. 18 17:42:46 gateway106 java[2479]:         at hudson.remoting.Engine.run(Engine.java:563)
Machine gateway-mensr  : * Attente 10 secondes
Machine gateway-mensr  : AGENT_GITLAB non définit dans le context!
Machine gateway-mensr  : Démarrée sur 'one' pour 'ktjebbes'
Machine gateway-mensr  : pas de function startup utilisateur 'ciOnStartUp' 
Machine gateway-mensr  : * Fin ok
Machine gateway-mensr  : Démarrée en 192.168.230.106
/usr/bin/updatedb
Machine gateway-mensr  : * désactivation updatedb/locate sur /mnt/eole-ci-test présente !
