Debut ciAfficheProcess 2024-12-13 20:37:01
****************************************************************************************************************
Machine aca.dc1 2.8.1 : systemctl is-active multi-user.target : active
Machine aca.dc1 2.8.1 : systemctl is-active network.target : active
Machine aca.dc1 2.8.1 : systemctl is-active network-online.target : active
Machine aca.dc1 2.8.1 : systemctl is-system-running : degraded
**************************************
systemctl --state=failed
  UNIT                     LOAD   ACTIVE SUB    DESCRIPTION                                                     
● isc-dhcp-server.service  loaded failed failed ISC DHCP IPv4 server                                            
● isc-dhcp-server6.service loaded failed failed ISC DHCP IPv6 server                                            
● nut-driver.service       loaded failed failed Network UPS Tools - power device driver controller              
● nut-monitor.service      loaded failed failed Network UPS Tools - power device monitor and shutdown controller
● quotaon.service          loaded failed failed Enable File System Quotas                                       

LOAD   = Reflects whether the unit definition was properly loaded.
ACTIVE = The high-level unit activation state, i.e. generalization of SUB.
SUB    = The low-level unit activation state, values depend on unit type.

5 loaded units listed.
**************************************
Fin ciAfficheProcess : RESULT = 0    2024-12-13 20:37:01
