Machine aca.eolebase 2.7.1 : Début ciConfigurationModuleEole
Machine aca.eolebase 2.7.1 : Le fichier config.eol existe et l'image est instanciée : je ne fais rien !
Machine aca.eolebase 2.7.1 : ciSetHttpProxy, pas de proxy pour les machines 'academie'
*********************************************
* Affiche connectivité
*********************************************
    inet 127.0.0.1/8 scope host lo
    inet 192.168.230.107/24 brd 192.168.230.255 scope global ens4
    inet 192.168.0.1/24 brd 192.168.0.255 scope global ens5
*********************************************
* Ping Gateway 192.168.0.1
*********************************************
[3172mMachine aca.eolebase 2.7.1 : ATTENTION: ciPingHost ens4 => 192.168.0.1 ping=1 ==> K.O. (exit 1)
(B[m[3172mMachine aca.eolebase 2.7.1 : ATTENTION: ciPingHost ens4 => 192.168.232.2 ping=1 ==> K.O. (exit 1)
(B[m[3172mMachine aca.eolebase 2.7.1 : ATTENTION: Ping DNS EOLE !!!!!!!!!!!!!! ==> RETVAL=1
(B[mMachine aca.eolebase 2.7.1 : ciDiagnoseNetwork:
** ip addr
1: lo: <LOOPBACK,UP,LOWER_UP> mtu 65536 qdisc noqueue state UNKNOWN group default qlen 1000
    link/loopback 00:00:00:00:00:00 brd 00:00:00:00:00:00
    inet 127.0.0.1/8 scope host lo
       valid_lft forever preferred_lft forever
2: ens4: <BROADCAST,MULTICAST,UP,LOWER_UP> mtu 1500 qdisc fq_codel state UP group default qlen 1000
    link/ether 02:00:c0:a8:e6:db brd ff:ff:ff:ff:ff:ff
    inet 192.168.230.107/24 brd 192.168.230.255 scope global ens4
       valid_lft forever preferred_lft forever
3: ens5: <BROADCAST,MULTICAST,UP,LOWER_UP> mtu 1500 qdisc fq_codel state UP group default qlen 1000
    link/ether 02:00:c0:a8:00:64 brd ff:ff:ff:ff:ff:ff
    inet 192.168.0.1/24 brd 192.168.0.255 scope global ens5
       valid_lft forever preferred_lft forever
** ip route
default via 192.168.230.254 dev ens4 proto static 
192.168.0.0/24 dev ens5 proto kernel scope link src 192.168.0.1 
192.168.230.0/24 dev ens4 proto kernel scope link src 192.168.230.107 
** GW_ACTUEL : 192.168.230.254
total 4
-rw-r--r-- 1 root root 300 sept. 15 05:08 00-eole.yaml
--------------------------------------------
cat /etc/network/interfaces
--------------------------------------------
--------------------------------------------
cat /etc/resolv.conf
#-------------------------------------------------------------------------
## resolv.conf pour EOLE
#-------------------------------------------------------------------------
# vi:syntax=conf

search pouet.lan
# DNS in container
nameserver 127.0.0.1
# General DNS server
nameserver 192.168.232.2
--------------------------------------------
--------------------------------------------
cat /etc/systemd/resolved.conf
#  This file is part of systemd.
#
#  systemd is free software; you can redistribute it and/or modify it
#  under the terms of the GNU Lesser General Public License as published by
#  the Free Software Foundation; either version 2.1 of the License, or
#  (at your option) any later version.
#
# Entries in this file show the compile time defaults.
# You can change settings by editing this file.
# Defaults can be restored by simply deleting this file.
#
# See resolved.conf(5) for details

[Resolve]
#DNS=
#FallbackDNS=
#Domains=dompedago.etb1.lan
#LLMNR=no
#MulticastDNS=no
#DNSSEC=no
#Cache=yes
DNSStubListener=no
--------------------------------------------
--------------------------------------------
cat /run/systemd/resolve/stub-resolv.conf
# This file is managed by man:systemd-resolved(8). Do not edit.
#
# This is a dynamic resolv.conf file for connecting local clients to the
# internal DNS stub resolver of systemd-resolved. This file lists all
# configured search domains.
#
# Run "systemd-resolve --status" to see details about the uplink DNS servers
# currently in use.
#
# Third party programs must not access this file directly, but only through the
# symlink at /etc/resolv.conf. To manage man:resolv.conf(5) in a different way,
# replace this symlink by a static file or a different symlink.
#
# See man:systemd-resolved.service(8) for details about the supported modes of
# operation for /etc/resolv.conf.

nameserver 127.0.0.53
options edns0
search pouet.lan
--------------------------------------------
-rw-r--r-- 1 root            root            296 sept. 15 05:08 /etc/resolv.conf
-rw-r--r-- 1 root            root            617 sept. 15 05:08 /etc/systemd/resolved.conf
-rw-r--r-- 1 systemd-resolve systemd-resolve 732 nov.   5 09:24 /run/systemd/resolve/stub-resolv.conf
Machine aca.eolebase 2.7.1 : systemctl is-active network.target : active
Machine aca.eolebase 2.7.1 : systemctl is-active network-online.target : active
Machine aca.eolebase 2.7.1 : systemctl is-system-running : running
[3172mMachine aca.eolebase 2.7.1 : ATTENTION: ciPingHost ens4 => 192.168.0.1 ping=1 ==> K.O. (exit 1)
(B[m** iptables
-P INPUT DROP
-P FORWARD ACCEPT
-P OUTPUT ACCEPT
-N eth0-root
-N eth1-root
-A INPUT -i lo -j ACCEPT
-A INPUT -m state --state RELATED,ESTABLISHED -j ACCEPT
-A INPUT -i ens4 -j eth0-root
-A INPUT -i ens5 -j eth1-root
-A FORWARD -m state --state RELATED,ESTABLISHED -j ACCEPT
-A OUTPUT -o lo -j ACCEPT
-A eth0-root -p icmp -m icmp --icmp-type 3 -j ACCEPT
-A eth0-root -p icmp -m icmp --icmp-type 3/0 -j ACCEPT
-A eth0-root -p icmp -m icmp --icmp-type 4 -j ACCEPT
-A eth0-root -p icmp -m icmp --icmp-type 3/4 -j ACCEPT
-A eth0-root -p icmp -m icmp --icmp-type 11 -j ACCEPT
-A eth0-root -p icmp -m icmp --icmp-type 12 -j ACCEPT
-A eth0-root -p icmp -m icmp --icmp-type 0 -j ACCEPT
-A eth0-root -p icmp -m icmp --icmp-type 8 -j ACCEPT
-A eth0-root -p udp -m udp --dport 123 -j ACCEPT
-A eth0-root -p udp -m udp --dport 53 -j ACCEPT
-A eth0-root -p tcp -m tcp --dport 4200 --tcp-flags FIN,SYN,RST,ACK SYN -j ACCEPT
-A eth0-root -p tcp -m tcp --dport 4201 --tcp-flags FIN,SYN,RST,ACK SYN -j ACCEPT
-A eth0-root -p tcp -m tcp --dport 4202 --tcp-flags FIN,SYN,RST,ACK SYN -j ACCEPT
-A eth0-root -p tcp -m tcp --dport 80 --tcp-flags FIN,SYN,RST,ACK SYN -j ACCEPT
-A eth0-root -p tcp -m tcp --dport 53 --tcp-flags FIN,SYN,RST,ACK SYN -j ACCEPT
-A eth0-root -p tcp -m tcp --dport 22 --tcp-flags FIN,SYN,RST,ACK SYN -j ACCEPT
-A eth0-root -p tcp -m tcp --dport 7000 --tcp-flags FIN,SYN,RST,ACK SYN -j ACCEPT
-A eth0-root -p tcp -m tcp --dport 8090 --tcp-flags FIN,SYN,RST,ACK SYN -j ACCEPT
-A eth0-root -p tcp -m tcp --dport 443 --tcp-flags FIN,SYN,RST,ACK SYN -j ACCEPT
-A eth0-root -m state --state RELATED,ESTABLISHED -j ACCEPT
-A eth0-root -j DROP
-A eth1-root -p icmp -m icmp --icmp-type 3 -j ACCEPT
-A eth1-root -p icmp -m icmp --icmp-type 3/0 -j ACCEPT
-A eth1-root -p icmp -m icmp --icmp-type 4 -j ACCEPT
-A eth1-root -p icmp -m icmp --icmp-type 3/4 -j ACCEPT
-A eth1-root -p icmp -m icmp --icmp-type 11 -j ACCEPT
-A eth1-root -p icmp -m icmp --icmp-type 12 -j ACCEPT
-A eth1-root -p icmp -m icmp --icmp-type 0 -j ACCEPT
-A eth1-root -p icmp -m icmp --icmp-type 8 -j ACCEPT
-A eth1-root -p udp -m udp --dport 123 -j ACCEPT
-A eth1-root -p udp -m udp --dport 53 -j ACCEPT
-A eth1-root -p tcp -m tcp --dport 4200 --tcp-flags FIN,SYN,RST,ACK SYN -j ACCEPT
-A eth1-root -p tcp -m tcp --dport 80 --tcp-flags FIN,SYN,RST,ACK SYN -j ACCEPT
-A eth1-root -p tcp -m tcp --dport 53 --tcp-flags FIN,SYN,RST,ACK SYN -j ACCEPT
-A eth1-root -p tcp -m tcp --dport 22 --tcp-flags FIN,SYN,RST,ACK SYN -j ACCEPT
-A eth1-root -p tcp -m tcp --dport 7000 --tcp-flags FIN,SYN,RST,ACK SYN -j ACCEPT
-A eth1-root -p tcp -m tcp --dport 8090 --tcp-flags FIN,SYN,RST,ACK SYN -j ACCEPT
-A eth1-root -p tcp -m tcp --dport 443 --tcp-flags FIN,SYN,RST,ACK SYN -j ACCEPT
-A eth1-root -m state --state RELATED,ESTABLISHED -j ACCEPT
-A eth1-root -j DROP
-P PREROUTING ACCEPT
-P INPUT ACCEPT
-P OUTPUT ACCEPT
-P POSTROUTING ACCEPT
-A PREROUTING -d 192.168.230.107/32 -p tcp -m tcp --dport 9998 -j DNAT --to-destination 192.168.10.136
-A PREROUTING -d 192.168.230.107/32 -p tcp -m tcp --dport 80 -j DNAT --to-destination 192.168.10.140
-A PREROUTING -d 192.168.230.107/32 -p tcp -m tcp --dport 443 -j DNAT --to-destination 192.168.10.140
-A POSTROUTING -s 192.168.0.0/24 -j MASQUERADE
-A POSTROUTING -s 192.168.230.0/24 -j MASQUERADE
-P PREROUTING ACCEPT
-P INPUT ACCEPT
-P FORWARD ACCEPT
-P OUTPUT ACCEPT
-P POSTROUTING ACCEPT
-P PREROUTING ACCEPT
-P OUTPUT ACCEPT
** systemd-resolved status 
● systemd-resolved.service - Network Name Resolution
   Loaded: loaded (/lib/systemd/system/systemd-resolved.service; enabled; vendor preset: enabled)
   Active: active (running) since Tue 2024-11-05 09:24:08 CET; 25s ago
     Docs: man:systemd-resolved.service(8)
           https://www.freedesktop.org/wiki/Software/systemd/resolved
           https://www.freedesktop.org/wiki/Software/systemd/writing-network-configuration-managers
           https://www.freedesktop.org/wiki/Software/systemd/writing-resolver-clients
 Main PID: 691 (systemd-resolve)
   Status: "Processing requests..."
    Tasks: 1 (limit: 2330)
   CGroup: /system.slice/systemd-resolved.service
           └─691 /lib/systemd/systemd-resolved

nov. 05 09:24:08 eolebase systemd[1]: Starting Network Name Resolution...
nov. 05 09:24:08 eolebase systemd-resolved[691]: Positive Trust Anchors:
nov. 05 09:24:08 eolebase systemd-resolved[691]: . IN DS 19036 8 2 49aac11d7b6f6446702e54a1607371607a1a41855200fd2ce1cdde32f24e8fb5
nov. 05 09:24:08 eolebase systemd-resolved[691]: . IN DS 20326 8 2 e06d44b80b8f1d39a95c0b0d7c65d08458e880409bbc683457104237c7f8ec8d
nov. 05 09:24:08 eolebase systemd-resolved[691]: Negative trust anchors: 10.in-addr.arpa 16.172.in-addr.arpa 17.172.in-addr.arpa 18.172.in-addr.arpa 19.172.in-addr.arpa 20.172.in-addr.arpa 21.172.in-addr.arpa 22.172.in-addr.arpa 23.172.in-addr.arpa 24.172.in-addr.arpa 25.172.in-addr.arpa 26.172.in-addr.arpa 27.172.in-addr.arpa 28.172.in-addr.arpa 29.172.in-addr.arpa 30.172.in-addr.arpa 31.172.in-addr.arpa 168.192.in-addr.arpa d.f.ip6.arpa corp home internal intranet lan local private test
nov. 05 09:24:08 eolebase systemd-resolved[691]: Using system hostname 'eolebase'.
nov. 05 09:24:08 eolebase systemd[1]: Started Network Name Resolution.
Machine aca.eolebase 2.7.1 : ciTestHttp : Test accés dépot 'http://ftp.crihan.fr/ubuntu/dists' : OK
Machine aca.eolebase 2.7.1 : ciTestHttp : Test accés dépot 'http://eole.ac-dijon.fr/ubuntu/dists' : OK
Machine aca.eolebase 2.7.1 : ciTestHttp : Test accés dépot 'http://test-eole.ac-dijon.fr/ubuntu/dists' : OK
/usr/bin/updatedb
Machine aca.eolebase 2.7.1 : * désactivation updatedb/locate sur /mnt/eole-ci-test présente !
