    PID ---User--- ----------CGroup------------ COMMAND
      2 root       -                            [kthreadd]
      3 root       -                             \_ [pool_workqueue_release]
      4 root       -                             \_ [kworker/R-rcu_g]
      5 root       -                             \_ [kworker/R-rcu_p]
      6 root       -                             \_ [kworker/R-slub_]
      7 root       -                             \_ [kworker/R-netns]
      9 root       -                             \_ [kworker/0:0H-events_highpri]
     10 root       -                             \_ [kworker/u8:0-ext4-rsv-conversion]
     11 root       -                             \_ [kworker/R-mm_pe]
     12 root       -                             \_ [rcu_tasks_kthread]
     13 root       -                             \_ [rcu_tasks_rude_kthread]
     14 root       -                             \_ [rcu_tasks_trace_kthread]
     15 root       -                             \_ [ksoftirqd/0]
     16 root       -                             \_ [rcu_preempt]
     17 root       -                             \_ [migration/0]
     18 root       -                             \_ [idle_inject/0]
     20 root       -                             \_ [cpuhp/0]
     21 root       -                             \_ [cpuhp/1]
     22 root       -                             \_ [idle_inject/1]
     23 root       -                             \_ [migration/1]
     24 root       -                             \_ [ksoftirqd/1]
     26 root       -                             \_ [kworker/1:0H-events_highpri]
     27 root       -                             \_ [cpuhp/2]
     28 root       -                             \_ [idle_inject/2]
     29 root       -                             \_ [migration/2]
     30 root       -                             \_ [ksoftirqd/2]
     32 root       -                             \_ [kworker/2:0H-events_highpri]
     33 root       -                             \_ [cpuhp/3]
     34 root       -                             \_ [idle_inject/3]
     35 root       -                             \_ [migration/3]
     36 root       -                             \_ [ksoftirqd/3]
     38 root       -                             \_ [kworker/3:0H-events_highpri]
     43 root       -                             \_ [kdevtmpfs]
     44 root       -                             \_ [kworker/R-inet_]
     46 root       -                             \_ [kauditd]
     47 root       -                             \_ [khungtaskd]
     48 root       -                             \_ [oom_reaper]
     50 root       -                             \_ [kworker/R-write]
     51 root       -                             \_ [kcompactd0]
     52 root       -                             \_ [ksmd]
     54 root       -                             \_ [khugepaged]
     55 root       -                             \_ [kworker/R-kinte]
     56 root       -                             \_ [kworker/R-kbloc]
     57 root       -                             \_ [kworker/R-blkcg]
     58 root       -                             \_ [irq/9-acpi]
     60 root       -                             \_ [kworker/R-tpm_d]
     61 root       -                             \_ [kworker/R-ata_s]
     62 root       -                             \_ [kworker/R-md]
     63 root       -                             \_ [kworker/R-md_bi]
     64 root       -                             \_ [kworker/R-edac-]
     65 root       -                             \_ [kworker/u8:1-ext4-rsv-conversion]
     66 root       -                             \_ [kworker/R-devfr]
     67 root       -                             \_ [watchdogd]
     69 root       -                             \_ [kworker/1:1H-kblockd]
     70 root       -                             \_ [kswapd0]
     71 root       -                             \_ [ecryptfs-kthread]
     73 root       -                             \_ [kworker/R-kthro]
     74 root       -                             \_ [irq/24-aerdrv]
     75 root       -                             \_ [irq/24-pciehp]
     76 root       -                             \_ [irq/25-aerdrv]
     77 root       -                             \_ [irq/25-pciehp]
     78 root       -                             \_ [irq/26-aerdrv]
     79 root       -                             \_ [irq/26-pciehp]
     80 root       -                             \_ [irq/27-aerdrv]
     81 root       -                             \_ [irq/27-pciehp]
     82 root       -                             \_ [irq/28-aerdrv]
     83 root       -                             \_ [irq/28-pciehp]
     84 root       -                             \_ [irq/29-aerdrv]
     85 root       -                             \_ [irq/29-pciehp]
     86 root       -                             \_ [irq/30-aerdrv]
     87 root       -                             \_ [irq/30-pciehp]
     88 root       -                             \_ [irq/31-aerdrv]
     89 root       -                             \_ [irq/31-pciehp]
     90 root       -                             \_ [irq/32-aerdrv]
     91 root       -                             \_ [irq/32-pciehp]
     92 root       -                             \_ [irq/33-aerdrv]
     93 root       -                             \_ [irq/33-pciehp]
     94 root       -                             \_ [kworker/R-acpi_]
     96 root       -                             \_ [scsi_eh_0]
     97 root       -                             \_ [kworker/R-scsi_]
     99 root       -                             \_ [kworker/R-mld]
    100 root       -                             \_ [kworker/3:1H-kblockd]
    101 root       -                             \_ [kworker/R-ipv6_]
    108 root       -                             \_ [kworker/R-kstrp]
    110 root       -                             \_ [kworker/u13:0]
    111 root       -                             \_ [kworker/u14:0]
    112 root       -                             \_ [kworker/u15:0]
    113 root       -                             \_ [kworker/u16:0]
    114 root       -                             \_ [kworker/u17:0]
    120 root       -                             \_ [kworker/R-crypt]
    130 root       -                             \_ [kworker/R-charg]
    159 root       -                             \_ [kworker/2:1H-kblockd]
    171 root       -                             \_ [kworker/0:1H-kblockd]
    192 root       -                             \_ [scsi_eh_1]
    193 root       -                             \_ [kworker/R-scsi_]
    208 root       -                             \_ [scsi_eh_2]
    209 root       -                             \_ [kworker/R-scsi_]
    211 root       -                             \_ [kworker/R-ttm]
    215 root       -                             \_ [scsi_eh_3]
    216 root       -                             \_ [kworker/R-scsi_]
    218 root       -                             \_ [scsi_eh_4]
    219 root       -                             \_ [kworker/R-scsi_]
    221 root       -                             \_ [scsi_eh_5]
    222 root       -                             \_ [kworker/R-scsi_]
    223 root       -                             \_ [scsi_eh_6]
    224 root       -                             \_ [kworker/R-scsi_]
    265 root       -                             \_ [kworker/R-raid5]
    307 root       -                             \_ [jbd2/sda2-8]
    308 root       -                             \_ [kworker/R-ext4-]
    395 root       -                             \_ [kworker/R-kmpat]
    396 root       -                             \_ [kworker/R-kmpat]
    451 root       -                             \_ [psimon]
    615 root       -                             \_ [kworker/R-nfit]
   1204 root       -                             \_ [kworker/R-cfg80]
   3236 root       -                             \_ [kworker/R-tls-s]
   3357 root       -                             \_ [psimon]
 593440 root       -                             \_ [kworker/3:2-events]
 606707 root       -                             \_ [kworker/0:1-events]
 609607 root       -                             \_ [kworker/2:0-events]
 612346 root       -                             \_ [kworker/u12:2-flush-8:0]
 612470 root       -                             \_ [kworker/1:1-events]
 614840 root       -                             \_ [kworker/u10:1-events_power_efficient]
 615211 root       -                             \_ [kworker/u9:3-writeback]
 615789 root       -                             \_ [kworker/u9:0-events_unbound]
 615915 root       -                             \_ [kworker/u11:2-events_power_efficient]
 616178 root       -                             \_ [kworker/u10:3-events_power_efficient]
 616331 root       -                             \_ [kworker/1:2-cgroup_destroy]
 616792 root       -                             \_ [kworker/u10:0-events_unbound]
 616922 root       -                             \_ [kworker/u11:0-events_freezable_power_]
 616942 root       -                             \_ [kworker/2:1-cgroup_destroy]
 617046 root       -                             \_ [kworker/u12:0-flush-8:0]
 617100 root       -                             \_ [kworker/u9:1-flush-8:0]
 617235 root       -                             \_ [kworker/3:1-cgroup_destroy]
 617486 root       -                             \_ [kworker/0:2-cgroup_destroy]
 617545 root       -                             \_ [kworker/u11:1-events_power_efficient]
 617642 root       -                             \_ [kworker/u12:1-flush-8:0]
 617662 root       -                             \_ [kworker/2:2]
 617663 root       -                             \_ [kworker/2:3-events]
 617681 root       -                             \_ [kworker/u11:3-events_power_efficient]
 617752 root       -                             \_ [kworker/u12:3-flush-8:0]
 617753 root       -                             \_ [kworker/u12:4]
      1 root       0::/init.scope               /sbin/init
    366 root       0::/system.slice/systemd-jou /usr/lib/systemd/systemd-journald
    367 root       0::/system.slice/debug-shell /usr/bin/bash
    410 root       0::/system.slice/multipathd. /sbin/multipathd -d -s
    441 root       0::/system.slice/systemd-ude /usr/lib/systemd/systemd-udevd
    747 messagebus 0::/system.slice/dbus.servic @dbus-daemon --system --address=systemd: --nofork --nopidfile --systemd-activation --syslog-only
    755 root       0::/system.slice/networkd-di /usr/bin/python3 /usr/bin/networkd-dispatcher --run-startup-triggers
    756 polkitd    0::/system.slice/polkit.serv /usr/lib/polkit-1/polkitd --no-debug
    760 root       0::/system.slice/systemd-log /usr/lib/systemd/systemd-logind
    761 root       0::/system.slice/udisks2.ser /usr/libexec/udisks2/udisksd
    801 syslog     0::/system.slice/rsyslog.ser /usr/sbin/rsyslogd -n -iNONE
    813 root       0::/system.slice/ModemManage /usr/sbin/ModemManager
   1212 root       0::/system.slice/containerd. /usr/bin/containerd
   1365 root       0::/system.slice/docker.serv /usr/bin/dockerd -H fd:// -H tcp://0.0.0.0:2375 --dns 192.168.0.1 --dns 192.168.232.2
   1368 root       0::/system.slice/cron.servic /usr/sbin/cron -f -P
   1401 root       0::/system.slice/nginx.servi nginx: master process /usr/sbin/nginx -g daemon on; master_process on;
   1403 www-data   0::/system.slice/nginx.servi  \_ nginx: worker process
   1412 www-data   0::/system.slice/nginx.servi  \_ nginx: worker process
   1413 www-data   0::/system.slice/nginx.servi  \_ nginx: worker process
   1414 www-data   0::/system.slice/nginx.servi  \_ nginx: worker process
   1417 root       0::/system.slice/system-gett /sbin/agetty -o -p -- \u --noclear - linux
   1674 root       0::/system.slice/containerd. /usr/bin/containerd-shim-runc-v2 -namespace plugins.moby -id 5301f1db31bb98c9623d5cb7fe16f470ff94c9c5db042da13c5f5844911e0ac6 -address /run/containerd/containerd.sock
   1693 root       0::/system.slice/runc-5301f1  \_ /docker-volume-sshfs
   1947 root       0::/system.slice/EoleCiTests /bin/bash /root/.EoleCiTestsDaemon.sh
 617756 root       0::/system.slice/EoleCiTests  \_ ps xawf -eo pid,user=---User---,cgroup=----------CGroup------------,args
   2258 systemd-n+ 0::/system.slice/systemd-net /usr/lib/systemd/systemd-networkd
   2358 root       0::/system.slice/ssh.service sshd: /usr/sbin/sshd -D [listener] 0 of 10-100 startups
   2527 _chrony    0::/system.slice/chrony.serv /usr/sbin/chronyd -F 1
   2528 _chrony    0::/system.slice/chrony.serv  \_ /usr/sbin/chronyd -F 1
   3189 Debian-ex+ 0::/system.slice/exim4.servi /usr/sbin/exim4 -bdf -q30m
   3360 root       0::/system.slice/JenkinsSlav /usr/lib/jvm/java-21-openjdk-amd64/bin/java -Djenkins.slaves.DefaultJnlpSlaveReceiver.disableStrictVerification=true -jar /home/jenkins/agent.jar -jnlpUrl http://jenkins.eole.lan:8080/jenkins/computer/gw-jenkins2/slave-agent.jnlp -secret e8b119ae6fad0a259ae5cb958e043e2876158327ec69b4cf8c5be1f2642953b8 -workDir /home/jenkins
 617119 root       0::/system.slice/JenkinsSlav  \_ /bin/bash -xe /tmp/jenkins14448332451160719827.sh
 617122 root       0::/system.slice/JenkinsSlav      \_ /bin/bash /mnt/eole-ci-tests/jenkins/EoleNebula/runOneTestGG.sh -c TestEoleCi -t etb3-revproxy -v 2.8.1 -a amd64
 617128 root       0::/system.slice/JenkinsSlav          \_ /usr/lib/jvm/java-21-openjdk-amd64/bin/java -Dfile.encoding=UTF-8 -Djava.awt.headless=true -Djava.net.preferIPv4Stack=true -Djava.util.logging.config.file=/home/jenkins/workspace/2.8.1/test-etb3-revproxy-2.8.1-amd64/542/logging.properties -DONE_AUTH=/home/jenkins/.one/one_auth -Duser.home=/home/jenkins/workspace/2.8.1/test-etb3-revproxy-2.8.1-amd64 -Duser.dir=/home/jenkins/workspace/2.8.1/test-etb3-revproxy-2.8.1-amd64/542 -classpath /home/jenkins/workspace/2.8.1/test-etb3-revproxy-2.8.1-amd64/542/lib/* org.eole.Main -e /mnt/eole-ci-tests -c TestEoleCi -t etb3-revproxy -v 2.8.1 -a amd64
   4697 root       0::/system.slice/upower.serv /usr/libexec/upowerd
 615230 dnsmasq    0::/system.slice/dnsmasq.ser /usr/sbin/dnsmasq -x /run/dnsmasq/dnsmasq.pid -u dnsmasq -r /run/dnsmasq/resolv.conf -7 /etc/dnsmasq.d,.dpkg-dist,.dpkg-old,.dpkg-new --local-service --trust-anchor=.,20326,8,2,e06d44b80b8f1d39a95c0b0d7c65d08458e880409bbc683457104237c7f8ec8d
 615231 root       0::/system.slice/dnsmasq.ser  \_ /usr/sbin/dnsmasq -x /run/dnsmasq/dnsmasq.pid -u dnsmasq -r /run/dnsmasq/resolv.conf -7 /etc/dnsmasq.d,.dpkg-dist,.dpkg-old,.dpkg-new --local-service --trust-anchor=.,20326,8,2,e06d44b80b8f1d39a95c0b0d7c65d08458e880409bbc683457104237c7f8ec8d
