total 48
drwxrwxrwx 5 9869 9869    0 déc.  13 11:56 1248700
drwxrwxrwx 3 9869 9869    0 déc.  13 03:52 1386676
drwxrwxrwx 5 9869 9869    0 déc.  13 18:15 1392142
drwxrwsrwx 5 9869 9869    0 déc.  12 07:59 1421631
drwxrwxrwx 4 9869 9869    0 déc.  13 07:19 1422526
drwxrwxrwx 5 9869 9869    0 déc.  13 18:14 1422855
drwxrwxrwx 5 9869 9869    0 déc.  13 17:51 1422864
drwxrwxrwx 5 9869 9869    0 déc.  13 17:57 1422869
drwxrwxrwx 5 9869 9869    0 déc.  13 18:03 1422873
drwxrwxrwx 5 9869 9869    0 déc.  13 18:09 1422878
drwxrwxrwx 5 9869 9869    0 déc.  13 18:15 1422883
lrwxrwxrwx 1 9869 9869    7 déc.  13 08:26 aca.dc1 -> 1422580
-rw-r--r-- 1 9869 9869 1789 déc.  13 08:26 aca.dc1.crt
lrwxrwxrwx 1 9869 9869    7 déc.  13 03:38 aca.dc2 -> 1422393
lrwxrwxrwx 1 9869 9869    7 déc.  12 21:02 aca.eolebase -> 1422038
-rw-r--r-- 1 9869 9869 1744 déc.  12 21:02 aca.eolebase.crt
lrwxrwxrwx 1 9869 9869    7 avril 12  2024 aca.eolecitests -> 1248700
lrwxrwxrwx 1 9869 9869    7 déc.  13 01:14 aca.file -> 1422263
lrwxrwxrwx 1 9869 9869    7 déc.  13 11:56 aca.hapy -> 1422778
-rw-r--r-- 1 9869 9869 1761 déc.  13 11:56 aca.hapy.crt
lrwxrwxrwx 1 9869 9869    7 déc.  13 17:45 aca.kubernetes-master -> 1422855
lrwxrwxrwx 1 9869 9869    7 déc.  13 18:14 aca.kubernetes-node -> 1422883
lrwxrwxrwx 1 9869 9869    7 déc.  13 09:04 aca.pc -> 1422613
-rw-rw-rw- 1 9869 9869    9 déc.  13 03:45 aca.pc.id
lrwxrwxrwx 1 9869 9869    7 déc.  13 09:02 aca.proxy -> 1422611
-rw-r--r-- 1 9869 9869 1732 déc.  13 09:08 aca.proxy.crt
lrwxrwxrwx 1 9869 9869    7 déc.  13 09:01 aca.scribe -> 1422608
-rw-r--r-- 1 9869 9869 1777 déc.  13 09:01 aca.scribe.crt
lrwxrwxrwx 1 9869 9869    7 déc.  12 22:51 aca.seshat -> 1422134
-rw-r--r-- 1 9869 9869 1736 déc.  12 22:51 aca.seshat.crt
lrwxrwxrwx 1 9869 9869    7 déc.  12 22:56 aca.sphynx -> 1422140
-rw-r--r-- 1 9869 9869 1769 déc.  12 22:56 aca.sphynx.crt
lrwxrwxrwx 1 9869 9869    7 déc.  13 03:32 aca.thot -> 1422356
-rw-r--r-- 1 9869 9869 1728 déc.  13 03:32 aca.thot.crt
-rw-rw-rw- 1 9869 9869    8 déc.  12 19:10 aca.WindowsServerAD.id
lrwxrwxrwx 1 9869 9869    7 déc.  13 14:02 aca.zephir -> 1422825
-rw-r--r-- 1 9869 9869 1736 déc.  13 14:02 aca.zephir.crt
-rw-r--r-- 1 9869 9869 1736 déc.  13 14:02 ca_zephir.crt
-rwx------ 1 9869 9869   43 déc.  13 01:56 eole-seth-education.password
-rwx------ 1 9869 9869   43 déc.   7 20:36 eole-workstation-manager.password
lrwxrwxrwx 1 9869 9869    7 déc.  13 14:03 etb1.amon -> 1422828
-rw-r--r-- 1 9869 9869 1753 déc.  13 12:11 etb1.amon.crt
lrwxrwxrwx 1 9869 9869    7 déc.  12 23:23 etb1.eolecitestsdmz -> 1422167
lrwxrwxrwx 1 9869 9869    7 déc.  13 10:57 etb1.eolecitestspedago -> 1422734
lrwxrwxrwx 1 9869 9869    7 déc.  13 11:38 etb1.fogserver -> 1422765
-rw-r--r-- 1 9869 9869 1773 déc.  13 11:38 etb1.fogserver.crt
-rw-rw-rw- 1 9869 9869    8 déc.  12 12:22 etb1.pcdmz.id
lrwxrwxrwx 1 9869 9869    7 déc.  13 10:40 etb1.pceleve -> 1422704
-rw-rw-rw- 1 9869 9869    8 déc.  13 02:29 etb1.pceleve-10.id
-rw-rw-rw- 1 9869 9869    8 déc.  13 02:13 etb1.pceleve-11.id
-rw-rw-rw- 1 9869 9869    8 déc.  13 11:02 etb1.pceleve.id
lrwxrwxrwx 1 9869 9869    7 déc.  13 14:51 etb1.scribe -> 1422835
-rw-r--r-- 1 9869 9869 1769 déc.  13 14:51 etb1.scribe.crt
lrwxrwxrwx 1 9869 9869    7 déc.  13 12:15 etb1.seth1 -> 1422783
lrwxrwxrwx 1 9869 9869    7 déc.  13 13:01 etb3.amonecole -> 1422797
-rw-r--r-- 1 9869 9869 1740 déc.  13 13:30 etb3.amonecole.crt
lrwxrwxrwx 1 9869 9869    7 déc.  13 06:33 etb3.eolecitestspedago -> 1422522
lrwxrwxrwx 1 9869 9869    7 déc.  13 06:18 etb3.pceleve -> 1422480
-rw-rw-rw- 1 9869 9869    8 déc.  13 06:36 etb3.pceleve.id
lrwxrwxrwx 1 9869 9869    7 nov.   4 14:33 gateway -> 1392142
-rw------- 1 9869 9869   67 févr. 20  2014 index.html.tmp
-rw-r--r-- 1 9869 9869 1765 déc.  13 12:24 seth1_ca.pem
Repertoire /mnt/eole-ci-tests/output/jenkins1/aca.k8s manquant, stop !
