total 36
drwxrwxrwx 3 9869 9869    0 oct.  16 18:27 1376067
drwxrwxrwx 3 9869 9869    0 nov.  14 09:42 1399614
drwxrwxrwx 5 9869 9869    0 déc.  13 00:38 1420813
drwxrwxrwx 5 9869 9869    0 déc.  12 18:05 1421001
drwxrwxrwx 5 9869 9869    0 déc.  12 18:05 1421914
drwxrwxrwx 5 9869 9869    0 déc.  12 18:13 1421918
drwxrwxrwx 5 9869 9869    0 déc.  12 18:13 1421919
drwxrwxrwx 5 9869 9869    0 déc.  12 18:12 1421920
drwxrwxrwx 5 9869 9869    0 déc.  12 18:28 1421937
drwxrwxrwx 5 9869 9869    0 déc.  12 18:33 1421941
drwxrwxrwx 5 9869 9869    0 déc.  12 18:38 1421943
drwxrwxrwx 5 9869 9869    0 déc.  12 18:43 1421944
drwxrwxrwx 5 9869 9869    0 déc.  12 18:43 1421945
drwxrwxrwx 5 9869 9869    0 déc.  12 18:48 1421947
drwxrwxrwx 5 9869 9869    0 déc.  12 18:48 1421948
drwxrwxrwx 5 9869 9869    0 déc.  12 18:53 1421951
drwxrwxrwx 5 9869 9869    0 déc.  12 18:58 1421954
drwxrwxrwx 5 9869 9869    0 déc.  12 18:58 1421955
drwxrwxrwx 5 9869 9869    0 déc.  12 19:03 1421958
drwxrwxrwx 5 9869 9869    0 déc.  12 19:01 1421959
drwxrwxrwx 5 9869 9869    0 déc.  12 19:08 1421960
drwxrwxrwx 5 9869 9869    0 déc.  12 19:08 1421961
drwxrwxrwx 5 9869 9869    0 déc.  12 19:13 1421963
drwxrwxrwx 5 9869 9869    0 déc.  12 19:18 1421966
drwxrwxrwx 5 9869 9869    0 déc.  12 21:53 1422077
drwxrwxrwx 5 9869 9869    0 déc.  12 23:53 1422187
drwxrwxrwx 5 9869 9869    0 déc.  13 00:32 1422218
drwxrwxrwx 5 9869 9869    0 déc.  13 00:37 1422222
drwxrwxrwx 5 9869 9869    0 déc.  13 00:34 1422223
drwxrwxrwx 5 9869 9869    0 déc.  13 00:23 1422224
drwxrwxrwx 5 9869 9869    0 déc.  13 00:29 1422226
drwxrwxrwx 5 9869 9869    0 déc.  13 00:32 1422228
drwxrwxrwx 5 9869 9869    0 déc.  13 00:35 1422230
drwxrwxrwx 5 9869 9869    0 déc.  13 00:37 1422232
drwxr-xr-x 2 9869 9869    0 juil. 10 11:29 3~306755
drwxr-xr-x 2 9869 9869    0 juil. 10 12:09 3~306758
lrwxrwxrwx 1 9869 9869    7 déc.  13 00:20 aca.dc1 -> 1422218
-rw-r--r-- 1 9869 9869 1789 déc.  12 22:56 aca.dc1.crt
lrwxrwxrwx 1 9869 9869    7 déc.  13 00:21 aca.dc2 -> 1422222
lrwxrwxrwx 1 9869 9869    7 déc.  12 22:07 aca.envole -> 1422089
lrwxrwxrwx 1 9869 9869    7 déc.  13 00:37 aca.eolebase -> 1422232
-rw-r--r-- 1 9869 9869 1744 déc.  12 22:11 aca.eolebase.crt
lrwxrwxrwx 1 9869 9869    7 déc.  11 18:08 aca.eolecitests -> 1421001
lrwxrwxrwx 1 9869 9869    7 déc.  13 00:23 aca.file -> 1422224
lrwxrwxrwx 1 9869 9869    7 déc.  13 00:19 aca.hapy -> 1422217
-rw-r--r-- 1 9869 9869 1728 déc.  12 22:41 aca.hapy.crt
lrwxrwxrwx 1 9869 9869    7 déc.  12 18:03 aca.k8s -> 1421904
-rw-rw-rw- 1 9869 9869    8 déc.  12 04:15 aca.pc.id
lrwxrwxrwx 1 9869 9869    7 déc.  13 00:27 aca.scribe -> 1422226
-rw-r--r-- 1 9869 9869 1809 déc.  13 00:27 aca.scribe.crt
lrwxrwxrwx 1 9869 9869    7 déc.  12 20:38 aca.seshat -> 1422019
-rw-r--r-- 1 9869 9869 1769 déc.  12 18:17 aca.seshat.crt
lrwxrwxrwx 1 9869 9869    7 déc.  13 00:25 aca.sphynx -> 1422219
-rw-r--r-- 1 9869 9869 1769 déc.  13 00:25 aca.sphynx.crt
lrwxrwxrwx 1 9869 9869    7 déc.  12 23:36 aca.thot -> 1422177
-rw-r--r-- 1 9869 9869 1728 déc.  12 23:36 aca.thot.crt
lrwxrwxrwx 1 9869 9869    7 déc.  13 00:06 aca.uk8s -> 1422206
lrwxrwxrwx 1 9869 9869    7 déc.  13 00:18 aca.zephir -> 1422216
-rw-r--r-- 1 9869 9869 1769 déc.  13 00:18 aca.zephir.crt
-rw-r--r-- 1 9869 9869 1769 déc.  13 00:18 ca_zephir.crt
lrwxrwxrwx 1 9869 9869    7 déc.  12 23:52 daily -> 1422187
lrwxrwxrwx 1 9869 9869    7 déc.  13 00:32 etb1.amon -> 1422228
-rw-r--r-- 1 9869 9869 1720 déc.  13 00:32 etb1.amon.crt
lrwxrwxrwx 1 9869 9869    7 déc.  12 18:16 etb1.fogserver -> 1421929
lrwxrwxrwx 1 9869 9869    7 déc.  13 00:33 etb1.scribe -> 1422230
-rw-r--r-- 1 9869 9869 1801 déc.  13 00:08 etb1.scribe.crt
lrwxrwxrwx 1 9869 9869    7 déc.  12 22:03 etb2.amon -> 1422086
lrwxrwxrwx 1 9869 9869    7 déc.  13 00:22 etb3.amonecole -> 1422223
-rw-r--r-- 1 9869 9869 1773 déc.  13 00:22 etb3.amonecole.crt
lrwxrwxrwx 1 9869 9869    7 déc.  11 10:47 gateway -> 1420813
lrwxrwxrwx 1 9869 9869    7 déc.  12 21:53 update -> 1422077
* déclare forward eolebase.ac-test.fr vers 192.168.0.24
* cat /etc/dnsmasq.d/k3d.conf
address=/.eolebase.ac-test.fr/192.168.0.24
* Stop dnsmasq.service
* Test dnsmasq.service
dnsmasq: syntax check OK.
* Start dnsmasq.service
* Vérification du Forward de la GW vers le K8S 
192.168.0.24
