Machine aca.dc1 2.8.0 : check-dpkg PAS_D_ERREUR_SI_DIFFERENT amd64 seth aca.dc1
Sauvegarde dpkg dans : /mnt/eole-ci-tests/module/seth/dpkg-aca.dc1-2.8.0-amd64.last_detail
Sauvegarde nouveau dans historique : /mnt/eole-ci-tests/module/seth/dpkg-aca.dc1-2.8.0-amd64.2024-12-13_20:37:16
Machine aca.dc1 2.8.0 : check paquet : #, nom paquet, derniere_version
Machine aca.dc1 2.8.0 : check paquet : check-bareos-plugin, 
Machine aca.dc1 2.8.0 : check paquet : dansguardian, 2.3
Machine aca.dc1 2.8.0 : check paquet : e2guardian, 
Machine aca.dc1 2.8.0 : check paquet : interbase, 
Machine aca.dc1 2.8.0 : check paquet : libapache2-mod-auth-cas, 
Machine aca.dc1 2.8.0 : check paquet : libpam-cas-eole, 
Machine aca.dc1 2.8.0 : check paquet : libvirt0, 2.4
Machine aca.dc1 2.8.0 : check paquet : lightsquid, 
Machine aca.dc1 2.8.0 : check paquet : python-m2crypto, 2.4
Machine aca.dc1 2.8.0 : check paquet : ocsinventory-agent, 
Machine aca.dc1 2.8.0 : check paquet : python-xmlsec, 
Machine aca.dc1 2.8.0 : check paquet : scannedonly, 
Machine aca.dc1 2.8.0 : check paquet : smbldap-tools, 
Machine aca.dc1 2.8.0 : check paquet : squid3, 
Machine aca.dc1 2.8.0 : check paquet : strongswan, 2.4
Machine aca.dc1 2.8.0 : check paquet : sympa, 
Machine aca.dc1 2.8.0 : check paquet : uucp, 
Machine aca.dc1 2.8.0 : check paquet : winexe, 
Machine aca.dc1 2.8.0 : check paquet : php5-xapian, 
Machine aca.dc1 2.8.0 : check paquet : xapian-omega, 
Machine aca.dc1 2.8.0 : check paquet : dkms, 2.3
Machine aca.dc1 2.8.0 : check paquet : python-flask-login, 2.3
Machine aca.dc1 2.8.0 : check paquet : gunicorn, 2.3
Machine aca.dc1 2.8.0 : check paquet : samba, 2.3
Machine aca.dc1 2.8.0 : Pas de paquet UBUNTU modifié!
Liste des paquets EOLE
EOLE : clamd-eole
EOLE : creole
EOLE : creole-common
EOLE : cu
EOLE : eole-ad-dc
EOLE : eole-ad-dc-ou
EOLE : eole-ad-dc-pkg
EOLE : eole-ad-dc-pso
EOLE : eole-antivirus
EOLE : eole-antivirus-pkg
EOLE : eole-archive-keyring
EOLE : eole-common-pkg
EOLE : eole-debsums
EOLE : eole-debsums-zephir-agent
EOLE : eole-dhcp
EOLE : eole-dhcp-pkg
EOLE : eole-ead
EOLE : eole-ead-common
EOLE : eole-ead-server
EOLE : eole-ead-web
EOLE : eole-ead3
EOLE : eole-ead3-saltstack
EOLE : eole-exim
EOLE : eole-exim-pkg
EOLE : eole-exim4-config
EOLE : eole-flask
EOLE : eole-flask-admin
EOLE : eole-flask-server
EOLE : eole-genconfig
EOLE : eole-genconfig-client
EOLE : eole-gpo-joineole
EOLE : eole-gpo-script
EOLE : eole-gpo-script-pkg
EOLE : eole-modele-vm
EOLE : eole-nut
EOLE : eole-resolvconf
EOLE : eole-reverseproxy
EOLE : eole-reverseproxy-pkg
EOLE : eole-server
EOLE : eole-seth
EOLE : eole-seth-all
EOLE : eole-seth-module
EOLE : eoleflask-aaa
EOLE : ewt-actions
EOLE : ewt-portal
EOLE : gpo-tool
EOLE : librrd8:amd64
EOLE : plymouth-theme-eole-logo
EOLE : plymouth-theme-eole-text
EOLE : pyeole-data
EOLE : python-ead3fileserver
EOLE : python-eoleflask
EOLE : python-eoleflask-aaa
EOLE : python-eolegenconfig
EOLE : python-gpo-utils
EOLE : python3-cherrypy3
EOLE : python3-click
EOLE : python3-colorama
EOLE : python3-configobj
EOLE : python3-creole
EOLE : python3-croniter
EOLE : python3-crontab
EOLE : python3-eventlet
EOLE : python3-future
EOLE : python3-incremental
EOLE : python3-ipy
EOLE : python3-m2crypto
EOLE : python3-nevow
EOLE : python3-pyclamd
EOLE : python3-pyeole
EOLE : python3-pyudev
EOLE : python3-requests
EOLE : python3-rrdtool:amd64
EOLE : python3-salt.states.eole
EOLE : python3-systemd
EOLE : python3-tiramisu
EOLE : python3-tiramisu-web
EOLE : python3-twisted
EOLE : python3-twisted-bin:amd64
EOLE : python3-urllib3
EOLE : ruby-xmlrpc
