Machine etb1.pcprofs  : Début ciContextualizeMachine : etb1.pcprofs, pcprofs
Machine etb1.pcprofs  : Debut ciContextualizePcLinux
Machine etb1.pcprofs  : OS Linux Mint 22  Version=22
Machine etb1.pcprofs  : machine PcLinux ==> utilise le dhcp!
Machine etb1.pcprofs  : Inject pc-1415306 -> /etc/hostname
Machine etb1.pcprofs  : * Inject  pc-1415306 -> /etc/hosts
127.0.0.1	localhost
127.0.1.1	 pc-1415306

# The following lines are desirable for IPv6 capable hosts
::1     ip6-localhost ip6-loopback
fe00::0 ip6-localnet
ff00::0 ip6-mcastprefix
ff02::1 ip6-allnodes
ff02::2 ip6-allrouters
Machine etb1.pcprofs  : * Restart avahi-daemon
Machine etb1.pcprofs  : le PC a pour nom pc-1415306 : pclinuxmint
Machine etb1.pcprofs  : Fin ciContextualizePcLinux
Machine etb1.pcprofs  : Contextualization Machine OK
Machine etb1.pcprofs  : lseys 1415306 etb1.pcprofs Contextualization Machine : OK
Machine etb1.pcprofs  : Fin ciContextualizeMachine : ok à 2024-12-03 12:28:23
