Machine daily 2.8.0 : ciDiagnoseNetwork:
** ip addr
1: lo: <LOOPBACK,UP,LOWER_UP> mtu 65536 qdisc noqueue state UNKNOWN group default qlen 1000
    link/loopback 00:00:00:00:00:00 brd 00:00:00:00:00:00
    inet 127.0.0.1/8 scope host lo
       valid_lft forever preferred_lft forever
    inet6 ::1/128 scope host 
       valid_lft forever preferred_lft forever
2: ens4: <BROADCAST,MULTICAST,UP,LOWER_UP> mtu 1500 qdisc fq_codel state UP group default qlen 1000
    link/ether 02:00:c0:a8:00:66 brd ff:ff:ff:ff:ff:ff
    inet 192.168.0.153/24 metric 100 brd 192.168.0.255 scope global dynamic ens4
       valid_lft 6955sec preferred_lft 6955sec
    inet6 fe80::c0ff:fea8:66/64 scope link dadfailed tentative 
       valid_lft forever preferred_lft forever
3: virbr0: <NO-CARRIER,BROADCAST,MULTICAST,UP> mtu 1500 qdisc noqueue state DOWN group default qlen 1000
    link/ether 52:54:00:ff:55:41 brd ff:ff:ff:ff:ff:ff
    inet 192.168.122.1/24 brd 192.168.122.255 scope global virbr0
       valid_lft forever preferred_lft forever
4: virbr0-nic: <BROADCAST,MULTICAST> mtu 1500 qdisc fq_codel master virbr0 state DOWN group default qlen 1000
    link/ether 52:54:00:ff:55:41 brd ff:ff:ff:ff:ff:ff
** ip route
default via 192.168.0.1 dev ens4 proto dhcp src 192.168.0.153 metric 100 
192.168.0.0/24 dev ens4 proto kernel scope link src 192.168.0.153 metric 100 
192.168.0.1 dev ens4 proto dhcp scope link src 192.168.0.153 metric 100 
192.168.122.0/24 dev virbr0 proto kernel scope link src 192.168.122.1 linkdown 
** GW_ACTUEL : 192.168.0.1
total 4
-rw-r--r-- 1 root root 110 sept. 21  2022 01-netcfg.yaml
--------------------------------------------
cat /etc/netplan/01-netcfg.yaml
network:
  version: 2
  renderer: networkd
  ethernets:
    ens4:
      dhcp4: yes
      dhcp-identifier: mac
--------------------------------------------
--------------------------------------------
cat /etc/network/interfaces
# interfaces(5) file used by ifup(8) and ifdown(8)
# Include files from /etc/network/interfaces.d:
source-directory /etc/network/interfaces.d
--------------------------------------------
--------------------------------------------
cat /etc/resolv.conf
# This file is managed by man:systemd-resolved(8). Do not edit.
#
# This is a dynamic resolv.conf file for connecting local clients to the
# internal DNS stub resolver of systemd-resolved. This file lists all
# configured search domains.
#
# Run "resolvectl status" to see details about the uplink DNS servers
# currently in use.
#
# Third party programs must not access this file directly, but only through the
# symlink at /etc/resolv.conf. To manage man:resolv.conf(5) in a different way,
# replace this symlink by a static file or a different symlink.
#
# See man:systemd-resolved.service(8) for details about the supported modes of
# operation for /etc/resolv.conf.

nameserver 127.0.0.53
options edns0 trust-ad
search ac-test.fr
--------------------------------------------
--------------------------------------------
cat /etc/systemd/resolved.conf
#  This file is part of systemd.
#
#  systemd is free software; you can redistribute it and/or modify it
#  under the terms of the GNU Lesser General Public License as published by
#  the Free Software Foundation; either version 2.1 of the License, or
#  (at your option) any later version.
#
# Entries in this file show the compile time defaults.
# You can change settings by editing this file.
# Defaults can be restored by simply deleting this file.
#
# See resolved.conf(5) for details

[Resolve]
#DNS=
#FallbackDNS=
#Domains=
#LLMNR=no
#MulticastDNS=no
#DNSSEC=no
#DNSOverTLS=no
#Cache=no-negative
#DNSStubListener=yes
#ReadEtcHosts=yes
--------------------------------------------
--------------------------------------------
cat /run/systemd/resolve/stub-resolv.conf
# This file is managed by man:systemd-resolved(8). Do not edit.
#
# This is a dynamic resolv.conf file for connecting local clients to the
# internal DNS stub resolver of systemd-resolved. This file lists all
# configured search domains.
#
# Run "resolvectl status" to see details about the uplink DNS servers
# currently in use.
#
# Third party programs must not access this file directly, but only through the
# symlink at /etc/resolv.conf. To manage man:resolv.conf(5) in a different way,
# replace this symlink by a static file or a different symlink.
#
# See man:systemd-resolved.service(8) for details about the supported modes of
# operation for /etc/resolv.conf.

nameserver 127.0.0.53
options edns0 trust-ad
search ac-test.fr
--------------------------------------------
lrwxrwxrwx 1 root            root             39 déc.  17  2020 /etc/resolv.conf -> ../run/systemd/resolve/stub-resolv.conf
-rw-r--r-- 1 root            root            642 oct.   8  2020 /etc/systemd/resolved.conf
-rw-r--r-- 1 systemd-resolve systemd-resolve 735 déc.  13 18:45 /run/systemd/resolve/stub-resolv.conf
Machine daily 2.8.0 : systemctl is-active network.target : active
Machine daily 2.8.0 : systemctl is-active network-online.target : active
Machine daily 2.8.0 : systemctl is-system-running : degraded
Machine daily 2.8.0 : ciPingHost ens4 => 192.168.0.1 ping=0 ==> OK (exit 0)
