Debut ciWaitConteneurs 2024-12-13 17:22:49
ls -l /opt/lxc /var/lib/lxc
lrwxrwxrwx 1 root root    8 déc.  12 14:20 /var/lib/lxc -> /opt/lxc

/opt/lxc:
total 20
drwxrwx--- 4 root root 4096 déc.  13 17:22 addc
drwxrwx--- 4 root root 4096 déc.  13 17:22 bdd
drwxrwx--- 4 root root 4096 déc.  13 17:22 internet
drwxrwx--- 4 root root 4096 déc.  13 17:22 partage
drwxrwx--- 4 root root 4096 déc.  13 17:22 reseau
ciWaitConteneurs test no 1 à 2024-12-13 17:22:49
/usr/bin/lxc-info
addc : cdu=3 console? : inactive
Conteneurs addc non pret: ERREUR
/usr/bin/lxc-info
bdd : cdu=3 console? : inactive
Conteneurs bdd non pret: ERREUR
/usr/bin/lxc-info
internet : cdu=3 console? : inactive
Conteneurs internet non pret: ERREUR
/usr/bin/lxc-info
partage : cdu=3 console? : inactive
Conteneurs partage non pret: ERREUR
/usr/bin/lxc-info
reseau : cdu=3 console? : inactive
Conteneurs reseau non pret: ERREUR
ciWaitConteneurs test no 2 à 2024-12-13 17:23:00
/usr/bin/lxc-info
addc : OK, active
/usr/bin/lxc-info
bdd : OK, active
/usr/bin/lxc-info
internet : OK, active
/usr/bin/lxc-info
partage : OK, active
/usr/bin/lxc-info
reseau : OK, active
Fin ciWaitConteneurs : OK 2024-12-13 17:23:00
