Machine aca.eolecitests 2.9.0 : Début ciSambaContextualize
Machine aca.eolecitests 2.9.0 : Configuration SMB (interface=ens4)
* testparm NOK
Machine aca.eolecitests 2.9.0 : Début ciSambaConfiguration
Machine aca.eolecitests 2.9.0 : Check hostname eolecitest
127.0.0.1 localhost.localdomain localhost
127.0.1.1 eolecitests

# The following lines are desirable for IPv6 capable hosts
::1     ip6-localhost ip6-loopback
fe00::0 ip6-localnet
ff00::0 ip6-mcastprefix
ff02::1 ip6-allnodes
ff02::2 ip6-allrouters
ff02::3 ip6-allhosts
192.168.0.253	eolecitests.ac-test.fr eolecitests
192.168.0.253 eolecitest
#Machine aca.eolecitests 2.9.0 : Debut ciConfigureAutomatiqueMinimale
Machine aca.eolecitests 2.9.0 : Configuration déjà réalisée avec 192.168.0.253
Machine aca.eolecitests 2.9.0 : hostnamectl set-hostname eolecitest
Machine aca.eolecitests 2.9.0 : ciSambaRestart
Machine aca.eolecitests 2.9.0 : Arret SAMBA
Machine aca.eolecitests 2.9.0 : Démarrage SAMBA
Machine aca.eolecitests 2.9.0 : ciSambaRestart : ok 0
Machine aca.eolecitests 2.9.0 : Creation compte samba admin, nobody
User nobody password set to none.
usermod : aucun changement
Nouveau mot de passe : Retapez le nouveau mot de passe : passwd : le mot de passe a été mis à jour avec succès
Machine aca.eolecitests 2.9.0 : Creation compte samba root
Machine aca.eolecitests 2.9.0 : Début ciSambaCheckAcces localhost
Machine aca.eolecitests 2.9.0 : Check smbclient
Machine aca.eolecitests 2.9.0 : Check SAMBA 1 localhost

	Sharename       Type      Comment
	---------       ----      -------
	eolecitests     Disk      
	wpkg            Disk      
	sauvegardes     Disk      
	IPC$            IPC       IPC Service (Samba Server 4.15.13-Ubuntu)
SMB1 disabled -- no workgroup available
Machine aca.eolecitests 2.9.0 : ciSambaCheckAcces : Ok
Machine aca.eolecitests 2.9.0 : Fin ciSambaConfiguration : ok
