Debut ciAfficheProcess 2024-12-12 17:57:48
****************************************************************************************************************
Machine daily 2.10.0 : systemctl is-active multi-user.target : active
Machine daily 2.10.0 : systemctl is-active network.target : active
Machine daily 2.10.0 : systemctl is-active network-online.target : active
Machine daily 2.10.0 : systemctl is-system-running : degraded
**************************************
systemctl --state=failed
  UNIT                                 LOAD   ACTIVE SUB    DESCRIPTION
● isc-dhcp-server.service              loaded failed failed ISC DHCP IPv4 server
● isc-dhcp-server6.service             loaded failed failed ISC DHCP IPv6 server
● networking.service                   loaded failed failed Raise network interfaces
● quotaon.service                      loaded failed failed Enable File System Quotas
● systemd-networkd-wait-online.service loaded failed failed Wait for Network to be Configured

Legend: LOAD   → Reflects whether the unit definition was properly loaded.
        ACTIVE → The high-level unit activation state, i.e. generalization of SUB.
        SUB    → The low-level unit activation state, values depend on unit type.

5 loaded units listed.
**************************************
Fin ciAfficheProcess : RESULT = 0    2024-12-12 17:57:48
