Machine aca.eolecitests 2.7.2 : Début ciContextualizeMachine : aca.eolecitests, eolecitests
Machine aca.eolecitests 2.7.2 : Début ciContextualizeEoleCiTests
Machine aca.eolecitests 2.7.2 : ciContextualisationMinimale:
Machine aca.eolecitests 2.7.2 : Contextualisation minimale réalisée pour 973431, à refaire
Machine aca.eolecitests 2.7.2 : rm /etc/netplan/* désactivé !
Machine aca.eolecitests 2.7.2 : Inject /etc/hosts
Machine aca.eolecitests 2.7.2 : ciContextualisationMinimaleSystemd
Machine aca.eolecitests 2.7.2 : Inject /etc/hostname
Machine aca.eolecitests 2.7.2 : ls -l /etc/netplan/
total 4
-rw------- 1 root root 110 mars  29 23:25 01-netcfg.yaml
Machine aca.eolecitests 2.7.2 : ciContextualisationMinimaleSystemdServer
Machine aca.eolecitests 2.7.2 : Inject /etc/resolv.conf
Machine aca.eolecitests 2.7.2 : /bin/rm -f /etc/resolv.conf (pour casser le lien!)
Machine aca.eolecitests 2.7.2 : ls -l /etc/netplan
total 4
-rw------- 1 root root 110 mars  29 23:25 01-netcfg.yaml
Machine aca.eolecitests 2.7.2 : netoyage si besoin /etc/network/interfaces /etc/netplan/01-network-manager-all.yaml /etc/netplan/00-installer-config.yaml
Machine aca.eolecitests 2.7.2 : Inject /etc/netplan/01-netcfg.yaml avant 22.04
Machine aca.eolecitests 2.7.2 : netplan generate --debug
DEBUG:command generate: running ['/lib/netplan/generate']
** (generate:902): DEBUG: 19:31:19.689: starting new processing pass
** (generate:902): DEBUG: 19:31:19.690: We have some netdefs, pass them through a final round of validation
** (generate:902): DEBUG: 19:31:19.690: ens4: setting default backend to 1
** (generate:902): DEBUG: 19:31:19.690: Configuration is valid
** (generate:902): DEBUG: 19:31:19.690: Generating output files..
** (generate:902): DEBUG: 19:31:19.691: openvswitch: definition ens4 is not for us (backend 1)
** (generate:902): DEBUG: 19:31:19.691: NetworkManager: definition ens4 is not for us (backend 1)
(generate:902): GLib-DEBUG: 19:31:19.691: posix_spawn avoided (fd close requested) 
(generate:902): GLib-DEBUG: 19:31:19.720: posix_spawn avoided (fd close requested) 
Machine aca.eolecitests 2.7.2 : Inject authorized_keys
Machine aca.eolecitests 2.7.2 : Actualisation /root/.ssh/authorized_keys
Machine aca.eolecitests 2.7.2 : Inject bash_history
Machine aca.eolecitests 2.7.2 : Contextualisation minimale OK
Machine aca.eolecitests 2.7.2 : Fin ciContextualisationMinimale
* timedatectl set-timezone
Machine aca.eolecitests 2.7.2 : Début ciSambaContextualize
Machine aca.eolecitests 2.7.2 : Configuration SMB (interface=ens4)
* testparm NOK
Machine aca.eolecitests 2.7.2 : Fin ciContextualizeEoleCiTests : ok (4)
Machine aca.eolecitests 2.7.2 : Contextualization Machine OK
Machine aca.eolecitests 2.7.2 : jenkins8 1248747 aca.eolecitests Contextualization Machine : OK
Machine aca.eolecitests 2.7.2 : Fin ciContextualizeMachine : ok à 2024-04-12 19:31:20
