Debut ciAfficheProcess 2024-12-04 15:44:47
****************************************************************************************************************
Machine etb3.amonecole 2.8.1 : systemctl is-active multi-user.target : active
Machine etb3.amonecole 2.8.1 : systemctl is-active network.target : active
Machine etb3.amonecole 2.8.1 : systemctl is-active network-online.target : active
Machine etb3.amonecole 2.8.1 : systemctl is-system-running : degraded
**************************************
systemctl --state=failed
  UNIT                   LOAD   ACTIVE SUB    DESCRIPTION                                                     
● expireuser.service     loaded failed failed Deletes expired account in AD                                   
● isc-dhcp-relay.service loaded failed failed ISC DHCP IPv4 relay                                             
● logrotate.service      loaded failed failed Rotate log files                                                
● nut-driver.service     loaded failed failed Network UPS Tools - power device driver controller              
● nut-monitor.service    loaded failed failed Network UPS Tools - power device monitor and shutdown controller
● quotaon.service        loaded failed failed Enable File System Quotas                                       

LOAD   = Reflects whether the unit definition was properly loaded.
ACTIVE = The high-level unit activation state, i.e. generalization of SUB.
SUB    = The low-level unit activation state, values depend on unit type.

6 loaded units listed.
**************************************
Fin ciAfficheProcess : RESULT = 0    2024-12-04 15:44:47
