    PID ---User--- ----------CGroup------------ COMMAND
      2 root       -                            [kthreadd]
      3 root       -                             \_ [pool_workqueue_release]
      4 root       -                             \_ [kworker/R-rcu_g]
      5 root       -                             \_ [kworker/R-rcu_p]
      6 root       -                             \_ [kworker/R-slub_]
      7 root       -                             \_ [kworker/R-netns]
      9 root       -                             \_ [kworker/0:0H-events_highpri]
     11 root       -                             \_ [kworker/u8:0-ext4-rsv-conversion]
     12 root       -                             \_ [kworker/R-mm_pe]
     13 root       -                             \_ [rcu_tasks_kthread]
     14 root       -                             \_ [rcu_tasks_rude_kthread]
     15 root       -                             \_ [rcu_tasks_trace_kthread]
     16 root       -                             \_ [ksoftirqd/0]
     17 root       -                             \_ [rcu_preempt]
     18 root       -                             \_ [migration/0]
     19 root       -                             \_ [idle_inject/0]
     20 root       -                             \_ [cpuhp/0]
     21 root       -                             \_ [cpuhp/1]
     22 root       -                             \_ [idle_inject/1]
     23 root       -                             \_ [migration/1]
     24 root       -                             \_ [ksoftirqd/1]
     26 root       -                             \_ [kworker/1:0H-events_highpri]
     27 root       -                             \_ [cpuhp/2]
     28 root       -                             \_ [idle_inject/2]
     29 root       -                             \_ [migration/2]
     30 root       -                             \_ [ksoftirqd/2]
     32 root       -                             \_ [kworker/2:0H-events_highpri]
     33 root       -                             \_ [cpuhp/3]
     34 root       -                             \_ [idle_inject/3]
     35 root       -                             \_ [migration/3]
     36 root       -                             \_ [ksoftirqd/3]
     38 root       -                             \_ [kworker/3:0H-events_highpri]
     43 root       -                             \_ [kdevtmpfs]
     44 root       -                             \_ [kworker/R-inet_]
     45 root       -                             \_ [kauditd]
     47 root       -                             \_ [khungtaskd]
     48 root       -                             \_ [oom_reaper]
     50 root       -                             \_ [kworker/R-write]
     51 root       -                             \_ [kcompactd0]
     52 root       -                             \_ [ksmd]
     54 root       -                             \_ [khugepaged]
     55 root       -                             \_ [kworker/R-kinte]
     56 root       -                             \_ [kworker/R-kbloc]
     57 root       -                             \_ [kworker/R-blkcg]
     58 root       -                             \_ [irq/9-acpi]
     59 root       -                             \_ [kworker/R-tpm_d]
     60 root       -                             \_ [kworker/R-ata_s]
     61 root       -                             \_ [kworker/R-md]
     62 root       -                             \_ [kworker/R-md_bi]
     63 root       -                             \_ [kworker/R-edac-]
     65 root       -                             \_ [kworker/R-devfr]
     66 root       -                             \_ [watchdogd]
     68 root       -                             \_ [kworker/3:1H-kblockd]
     69 root       -                             \_ [kswapd0]
     70 root       -                             \_ [ecryptfs-kthread]
     71 root       -                             \_ [kworker/R-kthro]
     72 root       -                             \_ [irq/24-aerdrv]
     73 root       -                             \_ [irq/24-pciehp]
     74 root       -                             \_ [irq/25-aerdrv]
     75 root       -                             \_ [irq/25-pciehp]
     76 root       -                             \_ [irq/26-aerdrv]
     77 root       -                             \_ [irq/26-pciehp]
     78 root       -                             \_ [irq/27-aerdrv]
     79 root       -                             \_ [irq/27-pciehp]
     80 root       -                             \_ [irq/28-aerdrv]
     81 root       -                             \_ [irq/28-pciehp]
     82 root       -                             \_ [irq/29-aerdrv]
     83 root       -                             \_ [irq/29-pciehp]
     84 root       -                             \_ [irq/30-aerdrv]
     85 root       -                             \_ [irq/30-pciehp]
     86 root       -                             \_ [irq/31-aerdrv]
     87 root       -                             \_ [irq/31-pciehp]
     88 root       -                             \_ [irq/32-aerdrv]
     89 root       -                             \_ [irq/32-pciehp]
     90 root       -                             \_ [irq/33-aerdrv]
     91 root       -                             \_ [irq/33-pciehp]
     92 root       -                             \_ [kworker/R-acpi_]
     95 root       -                             \_ [scsi_eh_0]
     96 root       -                             \_ [kworker/R-scsi_]
    100 root       -                             \_ [kworker/R-mld]
    101 root       -                             \_ [kworker/R-ipv6_]
    108 root       -                             \_ [kworker/R-kstrp]
    110 root       -                             \_ [kworker/u13:0]
    111 root       -                             \_ [kworker/u14:0]
    112 root       -                             \_ [kworker/u15:0]
    113 root       -                             \_ [kworker/u16:0]
    114 root       -                             \_ [kworker/u17:0]
    119 root       -                             \_ [kworker/R-crypt]
    130 root       -                             \_ [kworker/R-charg]
    158 root       -                             \_ [kworker/2:1H-kblockd]
    159 root       -                             \_ [kworker/1:1H-kblockd]
    175 root       -                             \_ [kworker/0:1H-kblockd]
    196 root       -                             \_ [kworker/R-ttm]
    197 root       -                             \_ [scsi_eh_1]
    198 root       -                             \_ [kworker/R-scsi_]
    199 root       -                             \_ [scsi_eh_2]
    200 root       -                             \_ [kworker/R-scsi_]
    207 root       -                             \_ [scsi_eh_3]
    208 root       -                             \_ [kworker/R-scsi_]
    209 root       -                             \_ [scsi_eh_4]
    210 root       -                             \_ [kworker/R-scsi_]
    211 root       -                             \_ [scsi_eh_5]
    212 root       -                             \_ [kworker/R-scsi_]
    213 root       -                             \_ [scsi_eh_6]
    214 root       -                             \_ [kworker/R-scsi_]
    265 root       -                             \_ [kworker/R-raid5]
    307 root       -                             \_ [jbd2/sda2-8]
    308 root       -                             \_ [kworker/R-ext4-]
    399 root       -                             \_ [kworker/R-kmpat]
    400 root       -                             \_ [kworker/R-kmpat]
    452 root       -                             \_ [psimon]
    603 root       -                             \_ [kworker/R-nfit]
    769 root       -                             \_ [kworker/u8:2]
   1198 root       -                             \_ [kworker/R-cfg80]
   3218 root       -                             \_ [kworker/R-tls-s]
   3340 root       -                             \_ [psimon]
1268910 root       -                             \_ [kworker/0:1-events]
1285325 root       -                             \_ [kworker/2:3-mm_percpu_wq]
1291478 root       -                             \_ [kworker/3:3-events]
1294202 root       -                             \_ [kworker/1:2-events]
1296069 root       -                             \_ [kworker/1:3-cgroup_destroy]
1296078 root       -                             \_ [kworker/u10:3-events_unbound]
1296193 root       -                             \_ [kworker/u9:0-flush-9p-1]
1296502 root       -                             \_ [kworker/u12:2-flush-8:0]
1296829 root       -                             \_ [kworker/u11:3-events_power_efficient]
1297025 root       -                             \_ [kworker/u10:1-events_power_efficient]
1297063 root       -                             \_ [kworker/u11:0-events_power_efficient]
1297064 root       -                             \_ [kworker/u12:3-events_unbound]
1297170 root       -                             \_ [kworker/0:3-cgroup_destroy]
1297291 root       -                             \_ [kworker/u10:2-flush-8:0]
1297440 root       -                             \_ [kworker/2:2-events]
1297588 root       -                             \_ [kworker/u12:1-flush-8:0]
1297725 root       -                             \_ [kworker/u9:2-events_unbound]
1297793 root       -                             \_ [kworker/u11:1-events_power_efficient]
1297914 root       -                             \_ [kworker/3:1-cgroup_destroy]
1297940 root       -                             \_ [kworker/u11:2-events_power_efficient]
      1 root       0::/init.scope               /sbin/init
    366 root       0::/system.slice/systemd-jou /usr/lib/systemd/systemd-journald
    367 root       0::/system.slice/debug-shell /usr/bin/bash
    411 root       0::/system.slice/multipathd. /sbin/multipathd -d -s
    442 root       0::/system.slice/systemd-ude /usr/lib/systemd/systemd-udevd
    748 messagebus 0::/system.slice/dbus.servic @dbus-daemon --system --address=systemd: --nofork --nopidfile --systemd-activation --syslog-only
    757 root       0::/system.slice/networkd-di /usr/bin/python3 /usr/bin/networkd-dispatcher --run-startup-triggers
    758 polkitd    0::/system.slice/polkit.serv /usr/lib/polkit-1/polkitd --no-debug
    761 root       0::/system.slice/systemd-log /usr/lib/systemd/systemd-logind
    762 root       0::/system.slice/udisks2.ser /usr/libexec/udisks2/udisksd
    786 syslog     0::/system.slice/rsyslog.ser /usr/sbin/rsyslogd -n -iNONE
    813 root       0::/system.slice/ModemManage /usr/sbin/ModemManager
   1210 root       0::/system.slice/containerd. /usr/bin/containerd
   1349 root       0::/system.slice/docker.serv /usr/bin/dockerd -H fd:// -H tcp://0.0.0.0:2375 --dns 192.168.0.1 --dns 192.168.232.2
   1352 root       0::/system.slice/cron.servic /usr/sbin/cron -f -P
   1384 root       0::/system.slice/nginx.servi nginx: master process /usr/sbin/nginx -g daemon on; master_process on;
   1387 www-data   0::/system.slice/nginx.servi  \_ nginx: worker process
   1388 www-data   0::/system.slice/nginx.servi  \_ nginx: worker process
   1390 www-data   0::/system.slice/nginx.servi  \_ nginx: worker process
   1391 www-data   0::/system.slice/nginx.servi  \_ nginx: worker process
   1389 root       0::/system.slice/system-gett /sbin/agetty -o -p -- \u --noclear - linux
   1659 root       0::/system.slice/containerd. /usr/bin/containerd-shim-runc-v2 -namespace plugins.moby -id 5301f1db31bb98c9623d5cb7fe16f470ff94c9c5db042da13c5f5844911e0ac6 -address /run/containerd/containerd.sock
   1679 root       0::/system.slice/runc-5301f1  \_ /docker-volume-sshfs
   1934 root       0::/system.slice/EoleCiTests /bin/bash /root/.EoleCiTestsDaemon.sh
1298054 root       0::/system.slice/EoleCiTests  \_ ps xawf -eo pid,user=---User---,cgroup=----------CGroup------------,args
   2242 systemd-n+ 0::/system.slice/systemd-net /usr/lib/systemd/systemd-networkd
   2343 root       0::/system.slice/ssh.service sshd: /usr/sbin/sshd -D [listener] 0 of 10-100 startups
   2509 _chrony    0::/system.slice/chrony.serv /usr/sbin/chronyd -F 1
   2510 _chrony    0::/system.slice/chrony.serv  \_ /usr/sbin/chronyd -F 1
   3171 Debian-ex+ 0::/system.slice/exim4.servi /usr/sbin/exim4 -bdf -q30m
   3343 root       0::/system.slice/JenkinsSlav /usr/lib/jvm/java-21-openjdk-amd64/bin/java -Djenkins.slaves.DefaultJnlpSlaveReceiver.disableStrictVerification=true -jar /home/jenkins/agent.jar -jnlpUrl http://jenkins.eole.lan:8080/jenkins/computer/gw-jenkins1/slave-agent.jnlp -secret fd97f7d058c2ab38c7f59a187daedc1742d1d168ce4fc178e2918abab85e877f -workDir /home/jenkins
1297128 root       0::/system.slice/JenkinsSlav  \_ /bin/bash -xe /tmp/jenkins15961537984828188260.sh
1297131 root       0::/system.slice/JenkinsSlav      \_ /bin/bash /mnt/eole-ci-tests/jenkins/EoleNebula/runOneTestGG.sh -c TestEoleCi -t importation-acakubernetes-default -v 3.0 -a amd64
1297137 root       0::/system.slice/JenkinsSlav          \_ /usr/lib/jvm/java-21-openjdk-amd64/bin/java -Dfile.encoding=UTF-8 -Djava.awt.headless=true -Djava.net.preferIPv4Stack=true -Djava.util.logging.config.file=/home/jenkins/workspace/3.0/test-importation-acakubernetes-default-3.0-amd64/623/logging.properties -DONE_AUTH=/home/jenkins/.one/one_auth -Duser.home=/home/jenkins/workspace/3.0/test-importation-acakubernetes-default-3.0-amd64 -Duser.dir=/home/jenkins/workspace/3.0/test-importation-acakubernetes-default-3.0-amd64/623 -classpath /home/jenkins/workspace/3.0/test-importation-acakubernetes-default-3.0-amd64/623/lib/* org.eole.Main -e /mnt/eole-ci-tests -c TestEoleCi -t importation-acakubernetes-default -v 3.0 -a amd64
   3648 root       0::/system.slice/upower.serv /usr/libexec/upowerd
 825705 root       0::/system.slice/system-gett /sbin/agetty -o -p -- \u --noclear - linux
 825707 root       0::/system.slice/system-gett /sbin/agetty -o -p -- \u --noclear - linux
 825709 root       0::/system.slice/system-gett /sbin/agetty -o -p -- \u --noclear - linux
 825711 root       0::/system.slice/system-gett /sbin/agetty -o -p -- \u --noclear - linux
 825713 root       0::/system.slice/system-gett /sbin/agetty -o -p -- \u --noclear - linux
1286340 dnsmasq    0::/system.slice/dnsmasq.ser /usr/sbin/dnsmasq -x /run/dnsmasq/dnsmasq.pid -u dnsmasq -r /run/dnsmasq/resolv.conf -7 /etc/dnsmasq.d,.dpkg-dist,.dpkg-old,.dpkg-new --local-service --trust-anchor=.,20326,8,2,e06d44b80b8f1d39a95c0b0d7c65d08458e880409bbc683457104237c7f8ec8d
1286341 root       0::/system.slice/dnsmasq.ser  \_ /usr/sbin/dnsmasq -x /run/dnsmasq/dnsmasq.pid -u dnsmasq -r /run/dnsmasq/resolv.conf -7 /etc/dnsmasq.d,.dpkg-dist,.dpkg-old,.dpkg-new --local-service --trust-anchor=.,20326,8,2,e06d44b80b8f1d39a95c0b0d7c65d08458e880409bbc683457104237c7f8ec8d
